::ffff:127.0.0.1 - - [28/Jun/2023:03:13:14 +0000] "GET / HTTP/1.1" 200 8898 "-" "Mozilla/5.0 (Windows NT 10.0; Win64; x64; rv:109.0) Gecko/20100101 Firefox/114.0 OpenWave/97.4.9503.4"
::ffff:127.0.0.1 - - [28/Jun/2023:03:13:15 +0000] "GET /uploads/users/avatars/avatar-1687890599962-531969835 HTTP/1.1" 404 191 "http://localhost:3000/" "Mozilla/5.0 (Windows NT 10.0; Win64; x64; rv:109.0) Gecko/20100101 Firefox/114.0 OpenWave/97.4.9503.4"
::ffff:127.0.0.1 - - [28/Jun/2023:03:13:15 +0000] "GET /uploads/users/avatars/avatar-1672204354141-561180177 HTTP/1.1" 404 191 "http://localhost:3000/" "Mozilla/5.0 (Windows NT 10.0; Win64; x64; rv:109.0) Gecko/20100101 Firefox/114.0 OpenWave/97.4.9503.4"
::ffff:127.0.0.1 - - [28/Jun/2023:03:13:16 +0000] "GET /favicon.ico HTTP/1.1" 404 150 "http://localhost:3000/" "Mozilla/5.0 (Windows NT 10.0; Win64; x64; rv:109.0) Gecko/20100101 Firefox/114.0 OpenWave/97.4.9503.4"
::ffff:127.0.0.1 - - [28/Jun/2023:03:13:30 +0000] "GET /users/login HTTP/1.1" 200 5370 "http://localhost:3000/" "Mozilla/5.0 (Windows NT 10.0; Win64; x64; rv:109.0) Gecko/20100101 Firefox/114.0 OpenWave/97.4.9503.4"
::ffff:127.0.0.1 - - [28/Jun/2023:03:13:49 +0000] "POST /users/create-session HTTP/1.1" 302 46 "http://localhost:3000/users/login" "Mozilla/5.0 (Windows NT 10.0; Win64; x64; rv:109.0) Gecko/20100101 Firefox/114.0 OpenWave/97.4.9503.4"
::ffff:127.0.0.1 - - [28/Jun/2023:03:13:49 +0000] "GET / HTTP/1.1" 200 13363 "http://localhost:3000/users/login" "Mozilla/5.0 (Windows NT 10.0; Win64; x64; rv:109.0) Gecko/20100101 Firefox/114.0 OpenWave/97.4.9503.4"
::ffff:127.0.0.1 - - [28/Jun/2023:03:13:49 +0000] "GET /uploads/users/avatars/avatar-1687890599962-531969835 HTTP/1.1" 404 191 "http://localhost:3000/" "Mozilla/5.0 (Windows NT 10.0; Win64; x64; rv:109.0) Gecko/20100101 Firefox/114.0 OpenWave/97.4.9503.4"
::ffff:127.0.0.1 - - [28/Jun/2023:03:13:49 +0000] "GET /uploads/users/avatars/avatar-1672204354141-561180177 HTTP/1.1" 404 191 "http://localhost:3000/" "Mozilla/5.0 (Windows NT 10.0; Win64; x64; rv:109.0) Gecko/20100101 Firefox/114.0 OpenWave/97.4.9503.4"
::ffff:127.0.0.1 - - [28/Jun/2023:03:13:54 +0000] "GET /messages/chatroom?friend=63abf8f31e2e4507d3105af0 HTTP/1.1" 200 978 "http://localhost:3000/" "Mozilla/5.0 (Windows NT 10.0; Win64; x64; rv:109.0) Gecko/20100101 Firefox/114.0 OpenWave/97.4.9503.4"
::ffff:127.0.0.1 - - [28/Jun/2023:03:13:54 +0000] "GET /uploads/users/avatars/avatar-1687890599962-531969835 HTTP/1.1" 404 191 "http://localhost:3000/" "Mozilla/5.0 (Windows NT 10.0; Win64; x64; rv:109.0) Gecko/20100101 Firefox/114.0 OpenWave/97.4.9503.4"
::ffff:127.0.0.1 - - [28/Jun/2023:03:32:37 +0000] "GET / HTTP/1.1" 200 8898 "-" "Mozilla/5.0 (Windows NT 10.0; Win64; x64; rv:109.0) Gecko/20100101 Firefox/114.0 OpenWave/97.4.9503.4"
::ffff:127.0.0.1 - - [28/Jun/2023:03:32:39 +0000] "GET /uploads/users/avatars/avatar-1687890599962-531969835 HTTP/1.1" 404 191 "http://localhost:8000/" "Mozilla/5.0 (Windows NT 10.0; Win64; x64; rv:109.0) Gecko/20100101 Firefox/114.0 OpenWave/97.4.9503.4"
::ffff:127.0.0.1 - - [28/Jun/2023:03:32:39 +0000] "GET /uploads/users/avatars/avatar-1687890599962-531969835 HTTP/1.1" 404 191 "http://localhost:8000/" "Mozilla/5.0 (Windows NT 10.0; Win64; x64; rv:109.0) Gecko/20100101 Firefox/114.0 OpenWave/97.4.9503.4"
::ffff:127.0.0.1 - - [28/Jun/2023:03:32:39 +0000] "GET /uploads/users/avatars/avatar-1672204354141-561180177 HTTP/1.1" 404 191 "http://localhost:8000/" "Mozilla/5.0 (Windows NT 10.0; Win64; x64; rv:109.0) Gecko/20100101 Firefox/114.0 OpenWave/97.4.9503.4"
::ffff:127.0.0.1 - - [28/Jun/2023:03:32:40 +0000] "GET /favicon.ico HTTP/1.1" 404 150 "http://localhost:8000/" "Mozilla/5.0 (Windows NT 10.0; Win64; x64; rv:109.0) Gecko/20100101 Firefox/114.0 OpenWave/97.4.9503.4"
::ffff:127.0.0.1 - - [28/Jun/2023:03:32:41 +0000] "GET /users/login HTTP/1.1" 200 5370 "http://localhost:8000/" "Mozilla/5.0 (Windows NT 10.0; Win64; x64; rv:109.0) Gecko/20100101 Firefox/114.0 OpenWave/97.4.9503.4"
::ffff:127.0.0.1 - - [28/Jun/2023:03:32:49 +0000] "GET / HTTP/1.1" 304 - "http://localhost:8000/users/login" "Mozilla/5.0 (Windows NT 10.0; Win64; x64; rv:109.0) Gecko/20100101 Firefox/114.0 OpenWave/97.4.9503.4"
::ffff:127.0.0.1 - - [28/Jun/2023:03:32:49 +0000] "GET /uploads/users/avatars/avatar-1687890599962-531969835 HTTP/1.1" 404 191 "http://localhost:8000/" "Mozilla/5.0 (Windows NT 10.0; Win64; x64; rv:109.0) Gecko/20100101 Firefox/114.0 OpenWave/97.4.9503.4"
::ffff:127.0.0.1 - - [28/Jun/2023:03:32:49 +0000] "GET /uploads/users/avatars/avatar-1672204354141-561180177 HTTP/1.1" 404 191 "http://localhost:8000/" "Mozilla/5.0 (Windows NT 10.0; Win64; x64; rv:109.0) Gecko/20100101 Firefox/114.0 OpenWave/97.4.9503.4"
::ffff:127.0.0.1 - - [28/Jun/2023:03:32:49 +0000] "GET /uploads/users/avatars/avatar-1672204354141-561180177 HTTP/1.1" 404 191 "http://localhost:8000/" "Mozilla/5.0 (Windows NT 10.0; Win64; x64; rv:109.0) Gecko/20100101 Firefox/114.0 OpenWave/97.4.9503.4"
::ffff:127.0.0.1 - - [28/Jun/2023:03:32:49 +0000] "GET /uploads/users/avatars/avatar-1687890599962-531969835 HTTP/1.1" 404 191 "http://localhost:8000/" "Mozilla/5.0 (Windows NT 10.0; Win64; x64; rv:109.0) Gecko/20100101 Firefox/114.0 OpenWave/97.4.9503.4"
::ffff:127.0.0.1 - - [28/Jun/2023:03:33:05 +0000] "GET /users/login HTTP/1.1" 304 - "http://localhost:8000/" "Mozilla/5.0 (Windows NT 10.0; Win64; x64; rv:109.0) Gecko/20100101 Firefox/114.0 OpenWave/97.4.9503.4"
::ffff:127.0.0.1 - - [28/Jun/2023:03:33:11 +0000] "GET /users/auth/google HTTP/1.1" 302 0 "http://localhost:8000/users/login" "Mozilla/5.0 (Windows NT 10.0; Win64; x64; rv:109.0) Gecko/20100101 Firefox/114.0 OpenWave/97.4.9503.4"
::ffff:127.0.0.1 - - [28/Jun/2023:03:33:38 +0000] "GET / HTTP/1.1" 200 13121 "-" "Mozilla/5.0 (Windows NT 10.0; Win64; x64; rv:109.0) Gecko/20100101 Firefox/114.0 OpenWave/97.4.9503.4"
::ffff:127.0.0.1 - - [28/Jun/2023:03:33:39 +0000] "GET /uploads/users/avatars/avatar-1672204354141-561180177 HTTP/1.1" 404 191 "http://localhost:8000/" "Mozilla/5.0 (Windows NT 10.0; Win64; x64; rv:109.0) Gecko/20100101 Firefox/114.0 OpenWave/97.4.9503.4"
::ffff:127.0.0.1 - - [28/Jun/2023:03:33:39 +0000] "GET /uploads/users/avatars/avatar-1687890599962-531969835 HTTP/1.1" 404 191 "http://localhost:8000/" "Mozilla/5.0 (Windows NT 10.0; Win64; x64; rv:109.0) Gecko/20100101 Firefox/114.0 OpenWave/97.4.9503.4"
::ffff:127.0.0.1 - - [28/Jun/2023:03:33:40 +0000] "GET /favicon.ico HTTP/1.1" 404 150 "http://localhost:8000/" "Mozilla/5.0 (Windows NT 10.0; Win64; x64; rv:109.0) Gecko/20100101 Firefox/114.0 OpenWave/97.4.9503.4"
::ffff:127.0.0.1 - - [28/Jun/2023:03:33:44 +0000] "GET /messages/chatroom?friend=63abf8f31e2e4507d3105af0 HTTP/1.1" 200 978 "http://localhost:8000/" "Mozilla/5.0 (Windows NT 10.0; Win64; x64; rv:109.0) Gecko/20100101 Firefox/114.0 OpenWave/97.4.9503.4"
::ffff:127.0.0.1 - - [28/Jun/2023:03:33:44 +0000] "GET /uploads/users/avatars/avatar-1687890599962-531969835 HTTP/1.1" 404 191 "http://localhost:8000/" "Mozilla/5.0 (Windows NT 10.0; Win64; x64; rv:109.0) Gecko/20100101 Firefox/114.0 OpenWave/97.4.9503.4"
::ffff:127.0.0.1 - - [28/Jun/2023:03:35:10 +0000] "GET / HTTP/1.1" 304 - "-" "Mozilla/5.0 (Windows NT 10.0; Win64; x64; rv:109.0) Gecko/20100101 Firefox/114.0 OpenWave/97.4.9503.4"
::ffff:127.0.0.1 - - [28/Jun/2023:03:35:10 +0000] "GET /uploads/users/avatars/avatar-1687890599962-531969835 HTTP/1.1" 404 191 "http://localhost:8000/" "Mozilla/5.0 (Windows NT 10.0; Win64; x64; rv:109.0) Gecko/20100101 Firefox/114.0 OpenWave/97.4.9503.4"
::ffff:127.0.0.1 - - [28/Jun/2023:03:35:10 +0000] "GET /uploads/users/avatars/avatar-1672204354141-561180177 HTTP/1.1" 404 191 "http://localhost:8000/" "Mozilla/5.0 (Windows NT 10.0; Win64; x64; rv:109.0) Gecko/20100101 Firefox/114.0 OpenWave/97.4.9503.4"
::ffff:127.0.0.1 - - [28/Jun/2023:03:35:17 +0000] "GET /messages/chatroom?friend=63abf8f31e2e4507d3105af0 HTTP/1.1" 304 - "http://localhost:8000/" "Mozilla/5.0 (Windows NT 10.0; Win64; x64; rv:109.0) Gecko/20100101 Firefox/114.0 OpenWave/97.4.9503.4"
::ffff:127.0.0.1 - - [28/Jun/2023:03:35:17 +0000] "GET /uploads/users/avatars/avatar-1687890599962-531969835 HTTP/1.1" 404 191 "http://localhost:8000/" "Mozilla/5.0 (Windows NT 10.0; Win64; x64; rv:109.0) Gecko/20100101 Firefox/114.0 OpenWave/97.4.9503.4"
::1 - - [28/Jun/2023:03:36:44 +0000] "GET / HTTP/1.1" 200 13121 "-" "Mozilla/5.0 (Windows NT 10.0; Win64; x64; rv:109.0) Gecko/20100101 Firefox/114.0"
::1 - - [28/Jun/2023:03:36:45 +0000] "GET /uploads/users/avatars/avatar-1687890599962-531969835 HTTP/1.1" 404 191 "http://localhost:8000/" "Mozilla/5.0 (Windows NT 10.0; Win64; x64; rv:109.0) Gecko/20100101 Firefox/114.0"
::1 - - [28/Jun/2023:03:36:45 +0000] "GET /uploads/users/avatars/avatar-1672204354141-561180177 HTTP/1.1" 404 191 "http://localhost:8000/" "Mozilla/5.0 (Windows NT 10.0; Win64; x64; rv:109.0) Gecko/20100101 Firefox/114.0"
::ffff:127.0.0.1 - - [10/Jul/2023:15:46:51 +0000] "GET / HTTP/1.1" 304 - "http://localhost:3001/users/login" "Mozilla/5.0 (Windows NT 10.0; Win64; x64; rv:109.0) Gecko/20100101 Firefox/115.0 Unique/96.7.2656.57"
::ffff:127.0.0.1 - - [10/Jul/2023:15:46:51 +0000] "GET /uploads/posts/images/image-1688973812944 HTTP/1.1" 404 179 "http://localhost:3001/" "Mozilla/5.0 (Windows NT 10.0; Win64; x64; rv:109.0) Gecko/20100101 Firefox/115.0 Unique/96.7.2656.57"
::ffff:127.0.0.1 - - [10/Jul/2023:15:46:52 +0000] "GET /uploads/users/avatars/avatar-1688974392344-196179970 HTTP/1.1" 404 191 "http://localhost:3001/" "Mozilla/5.0 (Windows NT 10.0; Win64; x64; rv:109.0) Gecko/20100101 Firefox/115.0 Unique/96.7.2656.57"
::ffff:127.0.0.1 - - [10/Jul/2023:15:46:53 +0000] "GET /favicon.ico HTTP/1.1" - - "http://localhost:3001/" "Mozilla/5.0 (Windows NT 10.0; Win64; x64; rv:109.0) Gecko/20100101 Firefox/115.0 Unique/96.7.2656.57"
::ffff:127.0.0.1 - - [10/Jul/2023:15:55:08 +0000] "GET / HTTP/1.1" 304 - "http://localhost:3001/users/login" "Mozilla/5.0 (Windows NT 10.0; Win64; x64; rv:109.0) Gecko/20100101 Firefox/115.0 LikeWise/97.6.8885.86"
::ffff:127.0.0.1 - - [10/Jul/2023:15:55:08 +0000] "GET /uploads/users/avatars/avatar-1688974392344-196179970 HTTP/1.1" 404 191 "http://localhost:3001/" "Mozilla/5.0 (Windows NT 10.0; Win64; x64; rv:109.0) Gecko/20100101 Firefox/115.0 LikeWise/97.6.8885.86"
::ffff:127.0.0.1 - - [10/Jul/2023:15:55:08 +0000] "GET /uploads/posts/images/image-1688973812944 HTTP/1.1" 404 179 "http://localhost:3001/" "Mozilla/5.0 (Windows NT 10.0; Win64; x64; rv:109.0) Gecko/20100101 Firefox/115.0 LikeWise/97.6.8885.86"
- - - [10/Jul/2023:15:55:10 +0000] "GET /favicon.ico HTTP/1.1" - - "http://localhost:3001/" "Mozilla/5.0 (Windows NT 10.0; Win64; x64; rv:109.0) Gecko/20100101 Firefox/115.0 LikeWise/97.6.8885.86"
::ffff:127.0.0.1 - - [10/Jul/2023:15:56:13 +0000] "GET / HTTP/1.1" 304 - "http://localhost:3001/users/login" "Mozilla/5.0 (Windows NT 10.0; Win64; x64; rv:109.0) Gecko/20100101 Firefox/115.0 LikeWise/97.6.8885.86"
::ffff:127.0.0.1 - - [10/Jul/2023:15:56:14 +0000] "GET /uploads/users/avatars/avatar-1688974392344-196179970 HTTP/1.1" 404 191 "http://localhost:3001/" "Mozilla/5.0 (Windows NT 10.0; Win64; x64; rv:109.0) Gecko/20100101 Firefox/115.0 LikeWise/97.6.8885.86"
::ffff:127.0.0.1 - - [10/Jul/2023:15:56:14 +0000] "GET /uploads/posts/images/image-1688973812944 HTTP/1.1" 404 179 "http://localhost:3001/" "Mozilla/5.0 (Windows NT 10.0; Win64; x64; rv:109.0) Gecko/20100101 Firefox/115.0 LikeWise/97.6.8885.86"
::ffff:127.0.0.1 - - [10/Jul/2023:15:56:15 +0000] "GET /favicon.ico HTTP/1.1" - - "http://localhost:3001/" "Mozilla/5.0 (Windows NT 10.0; Win64; x64; rv:109.0) Gecko/20100101 Firefox/115.0 LikeWise/97.6.8885.86"
::ffff:127.0.0.1 - - [10/Jul/2023:15:56:22 +0000] "GET /users/login HTTP/1.1" 200 5370 "http://localhost:3001/" "Mozilla/5.0 (Windows NT 10.0; Win64; x64; rv:109.0) Gecko/20100101 Firefox/115.0 LikeWise/97.6.8885.86"
::ffff:127.0.0.1 - - [10/Jul/2023:15:56:38 +0000] "POST /users/create-session HTTP/1.1" 302 68 "http://localhost:3001/users/login" "Mozilla/5.0 (Windows NT 10.0; Win64; x64; rv:109.0) Gecko/20100101 Firefox/115.0 LikeWise/97.6.8885.86"
::ffff:127.0.0.1 - - [10/Jul/2023:15:56:38 +0000] "GET /users/login HTTP/1.1" 200 5612 "http://localhost:3001/users/login" "Mozilla/5.0 (Windows NT 10.0; Win64; x64; rv:109.0) Gecko/20100101 Firefox/115.0 LikeWise/97.6.8885.86"
::ffff:127.0.0.1 - - [10/Jul/2023:15:57:25 +0000] "POST /users/create-session HTTP/1.1" 302 46 "http://localhost:3001/users/login" "Mozilla/5.0 (Windows NT 10.0; Win64; x64; rv:109.0) Gecko/20100101 Firefox/115.0 LikeWise/97.6.8885.86"
::ffff:127.0.0.1 - - [10/Jul/2023:15:57:25 +0000] "GET / HTTP/1.1" 200 15086 "http://localhost:3001/users/login" "Mozilla/5.0 (Windows NT 10.0; Win64; x64; rv:109.0) Gecko/20100101 Firefox/115.0 LikeWise/97.6.8885.86"
::ffff:127.0.0.1 - - [10/Jul/2023:15:57:25 +0000] "GET /uploads/users/avatars/avatar-1688925029087-276404859 HTTP/1.1" 404 191 "http://localhost:3001/" "Mozilla/5.0 (Windows NT 10.0; Win64; x64; rv:109.0) Gecko/20100101 Firefox/115.0 LikeWise/97.6.8885.86"
::ffff:127.0.0.1 - - [10/Jul/2023:15:57:25 +0000] "GET /uploads/users/avatars/avatar-1688974392344-196179970 HTTP/1.1" 404 191 "http://localhost:3001/" "Mozilla/5.0 (Windows NT 10.0; Win64; x64; rv:109.0) Gecko/20100101 Firefox/115.0 LikeWise/97.6.8885.86"
::ffff:127.0.0.1 - - [10/Jul/2023:15:57:26 +0000] "GET /uploads/posts/images/image-1688973812944 HTTP/1.1" 404 179 "http://localhost:3001/" "Mozilla/5.0 (Windows NT 10.0; Win64; x64; rv:109.0) Gecko/20100101 Firefox/115.0 LikeWise/97.6.8885.86"
::ffff:127.0.0.1 - - [10/Jul/2023:15:57:32 +0000] "GET /messages/chatroom?friend=649bc758f2b40706ee4d5834 HTTP/1.1" 200 428 "http://localhost:3001/" "Mozilla/5.0 (Windows NT 10.0; Win64; x64; rv:109.0) Gecko/20100101 Firefox/115.0 LikeWise/97.6.8885.86"
::ffff:127.0.0.1 - - [10/Jul/2023:15:57:32 +0000] "GET /images/default-avatar.png HTTP/1.1" 404 164 "http://localhost:3001/" "Mozilla/5.0 (Windows NT 10.0; Win64; x64; rv:109.0) Gecko/20100101 Firefox/115.0 LikeWise/97.6.8885.86"
::ffff:127.0.0.1 - - [10/Jul/2023:15:57:39 +0000] "GET / HTTP/1.1" 200 14844 "http://localhost:3001/users/login" "Mozilla/5.0 (Windows NT 10.0; Win64; x64; rv:109.0) Gecko/20100101 Firefox/115.0 LikeWise/97.6.8885.86"
::ffff:127.0.0.1 - - [10/Jul/2023:15:57:40 +0000] "GET /uploads/posts/images/image-1688973812944 HTTP/1.1" 404 179 "http://localhost:3001/" "Mozilla/5.0 (Windows NT 10.0; Win64; x64; rv:109.0) Gecko/20100101 Firefox/115.0 LikeWise/97.6.8885.86"
::ffff:127.0.0.1 - - [10/Jul/2023:15:57:40 +0000] "GET /uploads/users/avatars/avatar-1688974392344-196179970 HTTP/1.1" 404 191 "http://localhost:3001/" "Mozilla/5.0 (Windows NT 10.0; Win64; x64; rv:109.0) Gecko/20100101 Firefox/115.0 LikeWise/97.6.8885.86"
::ffff:127.0.0.1 - - [10/Jul/2023:15:57:40 +0000] "GET /uploads/users/avatars/avatar-1688925029087-276404859 HTTP/1.1" 404 191 "http://localhost:3001/" "Mozilla/5.0 (Windows NT 10.0; Win64; x64; rv:109.0) Gecko/20100101 Firefox/115.0 LikeWise/97.6.8885.86"
[0mGET / [32m200[0m 98.022 ms - 14679[0m
[0mGET /uploads/users/avatars/avatar-1688974392344-196179970 [33m404[0m 23.451 ms - 191[0m
[0mGET /uploads/posts/images/image-1688973812944 [33m404[0m 95.721 ms - 179[0m
[0mGET /uploads/users/avatars/avatar-1688925029087-276404859 [33m404[0m 112.200 ms - 191[0m
[0mGET / [32m200[0m 91.184 ms - 14679[0m
[0mGET /uploads/posts/images/image-1688973812944 [33m404[0m 20.960 ms - 179[0m
[0mGET /uploads/users/avatars/avatar-1688974392344-196179970 [33m404[0m 20.410 ms - 191[0m
[0mGET /uploads/users/avatars/avatar-1688925029087-276404859 [33m404[0m 21.547 ms - 191[0m
[0mGET / [36m304[0m 69.162 ms - -[0m
[0mGET /uploads/users/avatars/avatar-1688925029087-276404859 [33m404[0m 23.884 ms - 191[0m
[0mGET /uploads/posts/images/image-1688973812944 [33m404[0m 23.197 ms - 179[0m
[0mGET /uploads/users/avatars/avatar-1688974392344-196179970 [33m404[0m 23.764 ms - 191[0m
[0mGET / [36m304[0m 74.751 ms - -[0m
[0mGET /uploads/users/avatars/avatar-1688974392344-196179970 [33m404[0m 15.659 ms - 191[0m
[0mGET /uploads/posts/images/image-1688973812944 [33m404[0m 15.260 ms - 179[0m
[0mGET /uploads/users/avatars/avatar-1688925029087-276404859 [33m404[0m 18.038 ms - 191[0m
[0mGET /favicon.ico [0m-[0m - ms - -[0m
[0mGET /users/profile/64abb3d46d234f47ef71860a [32m200[0m 328.942 ms - 8467[0m
[0mGET /uploads/users/avatars/avatar-1688974392344-196179970 [33m404[0m 43.316 ms - 191[0m
[0mGET /favicon.ico [0m-[0m - ms - -[0m
[0mGET /users/profile/64abb3d46d234f47ef71860a [32m200[0m 82.036 ms - 8476[0m
[0mGET /uploads/users/avatars/avatar-1688974392344-196179970 [33m404[0m 13.016 ms - 191[0m
[0mGET /users/profile/64abb3d46d234f47ef71860a [36m304[0m 52.928 ms - -[0m
[0mGET /uploads/users/avatars/avatar-1688974392344-196179970 [33m404[0m 17.396 ms - 191[0m
[0mGET /users/profile/64abb3d46d234f47ef71860a [36m304[0m 42.358 ms - -[0m
[0mGET /uploads/users/avatars/avatar-1688974392344-196179970 [33m404[0m 12.779 ms - 191[0m
[0mGET /uploads/users/avatars/avatar-1688974392344-196179970 [33m404[0m 17.396 ms - 191[0m
[0mGET / [32m200[0m 78.712 ms - 14985[0m
[0mGET /uploads/users/avatars/avatar-1688974392344-196179970 [33m404[0m 18.925 ms - 191[0m
[0mGET /uploads/posts/images/image-1688973812944 [33m404[0m 19.219 ms - 179[0m
[0mGET /uploads/users/avatars/avatar-1688925029087-276404859 [33m404[0m 61.100 ms - 191[0m
[0mGET / [32m200[0m 66.648 ms - 15099[0m
[0mGET /uploads/users/avatars/avatar-1688974392344-196179970 [33m404[0m 14.983 ms - 191[0m
[0mGET /uploads/users/avatars/avatar-1688925029087-276404859 [33m404[0m 15.415 ms - 191[0m
[0mGET /uploads/posts/images/image-1688973812944 [33m404[0m 16.508 ms - 179[0m
[0mGET /users/signout [36m302[0m 93.370 ms - 46[0m
[0mGET / [32m200[0m 80.326 ms - 9052[0m
[0mGET /uploads/posts/images/image-1688973812944 [33m404[0m 7.995 ms - 179[0m
[0mGET /uploads/users/avatars/avatar-1688974392344-196179970 [33m404[0m 7.612 ms - 191[0m
[0mGET /uploads/users/avatars/avatar-1688974392344-196179970 [33m404[0m 8.703 ms - 191[0m
[0mGET /uploads/posts/images/image-1688973812944 [33m404[0m 11.078 ms - 179[0m
[0mGET /users/login [32m200[0m 79.838 ms - 5680[0m
[0mGET /users/login [36m302[0m 33.106 ms - 72[0m
[0mGET /users/profile [33m404[0m 29.579 ms - 152[0m
[0mGET / [32m200[0m 55.690 ms - 13364[0m
[0mGET /uploads/users/avatars/avatar-1688974392344-196179970 [33m404[0m 37.003 ms - 191[0m
[0mGET /uploads/posts/images/image-1688973812944 [33m404[0m 40.538 ms - 179[0m
[0mGET /favicon.ico [33m404[0m 13.615 ms - 150[0m
[0mGET / [32m200[0m 78.237 ms - 13536[0m
[0mGET /uploads/posts/images/image-1688973812944 [33m404[0m 20.656 ms - 179[0m
[0mGET /uploads/users/avatars/avatar-1688974392344-196179970 [33m404[0m 21.963 ms - 191[0m
[0mGET / [36m304[0m 243.290 ms - -[0m
[0mGET /uploads/posts/images/image-1688973812944 [33m404[0m 20.146 ms - 179[0m
[0mGET /uploads/users/avatars/avatar-1688974392344-196179970 [33m404[0m 85.117 ms - 191[0m
[0mGET / [32m200[0m 81.450 ms - 13552[0m
[0mGET /uploads/posts/images/image-1688973812944 [33m404[0m 17.325 ms - 179[0m
[0mGET /uploads/users/avatars/avatar-1688974392344-196179970 [33m404[0m 20.549 ms - 191[0m
[0mGET /favicon.ico [33m404[0m 15.462 ms - 150[0m
[0mGET /users/signout [36m302[0m 224.349 ms - 46[0m
[0mGET / [32m200[0m 196.964 ms - 9052[0m
[0mGET /uploads/posts/images/image-1688973812944 [33m404[0m 6.220 ms - 179[0m
[0mGET /uploads/users/avatars/avatar-1688974392344-196179970 [33m404[0m 13.579 ms - 191[0m
[0mGET / [32m200[0m 97.971 ms - 8879[0m
[0mGET /uploads/posts/images/image-1688973812944 [33m404[0m 8.835 ms - 179[0m
[0mGET /uploads/users/avatars/avatar-1688974392344-196179970 [33m404[0m 9.647 ms - 191[0m
[0mGET / [32m200[0m 66.924 ms - 8887[0m
[0mGET /uploads/posts/images/image-1688973812944 [33m404[0m 40.579 ms - 179[0m
[0mGET /uploads/users/avatars/avatar-1688974392344-196179970 [33m404[0m 37.718 ms - 191[0m
[0mGET / [32m200[0m 67.315 ms - 8941[0m
[0mGET /uploads/posts/images/image-1688973812944 [33m404[0m 9.006 ms - 179[0m
[0mGET /uploads/users/avatars/avatar-1688974392344-196179970 [33m404[0m 10.927 ms - 191[0m
[0mGET / [32m200[0m 48.655 ms - 8887[0m
[0mGET /uploads/posts/images/image-1688973812944 [33m404[0m 10.279 ms - 179[0m
[0mGET /uploads/users/avatars/avatar-1688974392344-196179970 [33m404[0m 10.995 ms - 191[0m
[0mGET / [32m200[0m 47.880 ms - 8882[0m
[0mGET /uploads/posts/images/image-1688973812944 [33m404[0m 34.771 ms - 179[0m
[0mGET /uploads/users/avatars/avatar-1688974392344-196179970 [33m404[0m 36.158 ms - 191[0m
[0mGET / [32m200[0m 56.182 ms - 8912[0m
[0mGET /uploads/posts/images/image-1688973812944 [33m404[0m 7.951 ms - 179[0m
[0mGET /uploads/users/avatars/avatar-1688974392344-196179970 [33m404[0m 9.326 ms - 191[0m
[0mGET / [36m304[0m 149.197 ms - -[0m
[0mGET /uploads/users/avatars/avatar-1688974392344-196179970 [33m404[0m 14.245 ms - 191[0m
[0mGET /uploads/posts/images/image-1688973812944 [33m404[0m 16.843 ms - 179[0m
[0mGET / [32m200[0m 194.917 ms - 8918[0m
[0mGET /uploads/posts/images/image-1688973812944 [33m404[0m 15.153 ms - 179[0m
[0mGET /uploads/users/avatars/avatar-1688974392344-196179970 [33m404[0m 12.715 ms - 191[0m
[0mGET / [32m200[0m 112.826 ms - 8920[0m
[0mGET /uploads/users/avatars/avatar-1688974392344-196179970 [33m404[0m 5.861 ms - 191[0m
[0mGET /uploads/posts/images/image-1688973812944 [33m404[0m 8.690 ms - 179[0m
[0mGET / [32m200[0m 183.028 ms - 8931[0m
[0mGET /uploads/posts/images/image-1688973812944 [33m404[0m 29.680 ms - 179[0m
[0mGET /uploads/users/avatars/avatar-1688974392344-196179970 [33m404[0m 27.203 ms - 191[0m
[0mGET / [32m200[0m 38.161 ms - 8921[0m
[0mGET /uploads/posts/images/image-1688973812944 [33m404[0m 10.029 ms - 179[0m
[0mGET /uploads/users/avatars/avatar-1688974392344-196179970 [33m404[0m 8.267 ms - 191[0m
[0mGET / [36m304[0m 138.651 ms - -[0m
[0mGET /uploads/posts/images/image-1688973812944 [33m404[0m 54.653 ms - 179[0m
[0mGET /uploads/users/avatars/avatar-1688974392344-196179970 [33m404[0m 54.288 ms - 191[0m
[0mGET / [36m304[0m 87.195 ms - -[0m
[0mGET /uploads/posts/images/image-1688973812944 [33m404[0m 6.290 ms - 179[0m
[0mGET /uploads/users/avatars/avatar-1688974392344-196179970 [33m404[0m 6.048 ms - 191[0m
[0mGET / [36m304[0m 59.720 ms - -[0m
[0mGET /uploads/posts/images/image-1688973812944 [33m404[0m 8.627 ms - 179[0m
[0mGET /uploads/users/avatars/avatar-1688974392344-196179970 [33m404[0m 7.497 ms - 191[0m
[0mGET / [32m200[0m 131.130 ms - 9005[0m
[0mGET /uploads/posts/images/image-1688973812944 [33m404[0m 6.502 ms - 179[0m
[0mGET /uploads/users/avatars/avatar-1688974392344-196179970 [33m404[0m 7.136 ms - 191[0m
[0mGET / [36m304[0m 106.733 ms - -[0m
[0mGET /uploads/posts/images/image-1688973812944 [33m404[0m 7.790 ms - 179[0m
[0mGET /uploads/users/avatars/avatar-1688974392344-196179970 [33m404[0m 8.853 ms - 191[0m
[0mGET / [32m200[0m 130.582 ms - 9014[0m
[0mGET /uploads/posts/images/image-1688973812944 [33m404[0m 92.916 ms - 179[0m
[0mGET /uploads/users/avatars/avatar-1688974392344-196179970 [33m404[0m 92.996 ms - 191[0m
[0mGET / [32m200[0m 41.703 ms - 9292[0m
[0mGET /uploads/users/avatars/avatar-1688974392344-196179970 [33m404[0m 6.875 ms - 191[0m
[0mGET /uploads/posts/images/image-1688973812944 [33m404[0m 20.907 ms - 179[0m
[0mGET / [32m200[0m 171.221 ms - 9436[0m
[0mGET /uploads/posts/images/image-1688973812944 [33m404[0m 50.434 ms - 179[0m
[0mGET /uploads/users/avatars/avatar-1688974392344-196179970 [33m404[0m 50.551 ms - 191[0m
[0mGET / [32m200[0m 47.816 ms - 9442[0m
[0mGET /uploads/users/avatars/avatar-1688974392344-196179970 [33m404[0m 9.223 ms - 191[0m
[0mGET /uploads/posts/images/image-1688973812944 [33m404[0m 12.728 ms - 179[0m
[0mGET / [36m304[0m 130.045 ms - -[0m
[0mGET /uploads/posts/images/image-1688973812944 [33m404[0m 14.900 ms - 179[0m
[0mGET /uploads/users/avatars/avatar-1688974392344-196179970 [33m404[0m 15.685 ms - 191[0m
[0mGET / [36m304[0m 131.806 ms - -[0m
[0mGET /uploads/posts/images/image-1688973812944 [33m404[0m 11.688 ms - 179[0m
[0mGET /uploads/users/avatars/avatar-1688974392344-196179970 [33m404[0m 11.201 ms - 191[0m
[0mGET / [32m200[0m 80.790 ms - 9452[0m
[0mGET /uploads/posts/images/image-1688973812944 [33m404[0m 5.592 ms - 179[0m
[0mGET /uploads/users/avatars/avatar-1688974392344-196179970 [33m404[0m 7.348 ms - 191[0m
[0mGET / [32m200[0m 135.024 ms - 9462[0m
[0mGET /uploads/posts/images/image-1688973812944 [33m404[0m 7.738 ms - 179[0m
[0mGET /uploads/users/avatars/avatar-1688974392344-196179970 [33m404[0m 8.809 ms - 191[0m
[0mGET / [32m200[0m 37.481 ms - 9465[0m
[0mGET /uploads/posts/images/image-1688973812944 [33m404[0m 22.539 ms - 179[0m
[0mGET /uploads/users/avatars/avatar-1688974392344-196179970 [33m404[0m 22.551 ms - 191[0m
[0mGET / [36m304[0m 53.726 ms - -[0m
[0mGET /uploads/users/avatars/avatar-1688974392344-196179970 [33m404[0m 5.155 ms - 191[0m
[0mGET /uploads/posts/images/image-1688973812944 [33m404[0m 6.695 ms - 179[0m
[0mGET / [32m200[0m 91.622 ms - 9461[0m
[0mGET /uploads/posts/images/image-1688973812944 [33m404[0m 8.052 ms - 179[0m
[0mGET /uploads/users/avatars/avatar-1688974392344-196179970 [33m404[0m 7.120 ms - 191[0m
[0mGET / [32m200[0m 38.404 ms - 9488[0m
[0mGET /uploads/posts/images/image-1688973812944 [33m404[0m 10.555 ms - 179[0m
[0mGET /uploads/users/avatars/avatar-1688974392344-196179970 [33m404[0m 12.132 ms - 191[0m
[0mGET / [36m304[0m 100.088 ms - -[0m
[0mGET /uploads/posts/images/image-1688973812944 [33m404[0m 12.906 ms - 179[0m
[0mGET /uploads/users/avatars/avatar-1688974392344-196179970 [33m404[0m 10.573 ms - 191[0m
[0mGET / [32m200[0m 182.424 ms - 9466[0m
[0mGET /uploads/posts/images/image-1688973812944 [33m404[0m 8.672 ms - 179[0m
[0mGET /uploads/users/avatars/avatar-1688974392344-196179970 [33m404[0m 9.652 ms - 191[0m
[0mGET / [36m304[0m 129.424 ms - -[0m
[0mGET /uploads/posts/images/image-1688973812944 [33m404[0m 8.928 ms - 179[0m
[0mGET /uploads/users/avatars/avatar-1688974392344-196179970 [33m404[0m 8.603 ms - 191[0m
[0mGET / [32m200[0m 203.192 ms - 9507[0m
[0mGET /uploads/posts/images/image-1688973812944 [33m404[0m 45.026 ms - 179[0m
[0mGET /uploads/users/avatars/avatar-1688974392344-196179970 [33m404[0m 47.887 ms - 191[0m
[0mGET / [32m200[0m 46.091 ms - 9485[0m
[0mGET /uploads/users/avatars/avatar-1688974392344-196179970 [33m404[0m 18.646 ms - 191[0m
[0mGET /uploads/posts/images/image-1688973812944 [33m404[0m 21.499 ms - 179[0m
[0mGET / [32m200[0m 91.728 ms - 9466[0m
[0mGET /uploads/posts/images/image-1688973812944 [33m404[0m 19.083 ms - 179[0m
[0mGET /uploads/users/avatars/avatar-1688974392344-196179970 [33m404[0m 27.148 ms - 191[0m
[0mGET / [36m304[0m 40.385 ms - -[0m
[0mGET /uploads/posts/images/image-1688973812944 [33m404[0m 7.669 ms - 179[0m
[0mGET /uploads/users/avatars/avatar-1688974392344-196179970 [33m404[0m 37.036 ms - 191[0m
[0mGET / [32m200[0m 73.091 ms - 9444[0m
[0mGET /uploads/posts/images/image-1688973812944 [33m404[0m 12.498 ms - 179[0m
[0mGET /uploads/users/avatars/avatar-1688974392344-196179970 [33m404[0m 13.786 ms - 191[0m
[0mGET / [36m304[0m 217.779 ms - -[0m
[0mGET /uploads/posts/images/image-1688973812944 [33m404[0m 15.789 ms - 179[0m
[0mGET /uploads/users/avatars/avatar-1688974392344-196179970 [33m404[0m 11.140 ms - 191[0m
[0mGET / [36m304[0m 104.276 ms - -[0m
[0mGET /uploads/posts/images/image-1688973812944 [33m404[0m 8.820 ms - 179[0m
[0mGET /uploads/users/avatars/avatar-1688974392344-196179970 [33m404[0m 8.027 ms - 191[0m
[0mGET / [32m200[0m 83.151 ms - 9485[0m
[0mGET /uploads/users/avatars/avatar-1688974392344-196179970 [33m404[0m 8.956 ms - 191[0m
[0mGET /uploads/posts/images/image-1688973812944 [33m404[0m 12.468 ms - 179[0m
[0mGET / [36m304[0m 41.251 ms - -[0m
[0mGET /uploads/posts/images/image-1688973812944 [33m404[0m 72.190 ms - 179[0m
[0mGET /uploads/users/avatars/avatar-1688974392344-196179970 [33m404[0m 69.888 ms - 191[0m
[0mGET / [32m200[0m 57.079 ms - 9482[0m
[0mGET /uploads/users/avatars/avatar-1688974392344-196179970 [33m404[0m 6.519 ms - 191[0m
[0mGET /uploads/posts/images/image-1688973812944 [33m404[0m 9.008 ms - 179[0m
[0mGET / [32m200[0m 202.552 ms - 9464[0m
[0mGET /uploads/posts/images/image-1688973812944 [33m404[0m 49.596 ms - 179[0m
[0mGET /uploads/users/avatars/avatar-1688974392344-196179970 [33m404[0m 50.430 ms - 191[0m
[0mGET / [32m200[0m 71.371 ms - 9460[0m
[0mGET /uploads/posts/images/image-1688973812944 [33m404[0m 8.061 ms - 179[0m
[0mGET /uploads/users/avatars/avatar-1688974392344-196179970 [33m404[0m 6.466 ms - 191[0m
[0mGET / [36m304[0m 48.919 ms - -[0m
[0mGET /uploads/posts/images/image-1688973812944 [33m404[0m 6.696 ms - 179[0m
[0mGET /uploads/users/avatars/avatar-1688974392344-196179970 [33m404[0m 6.131 ms - 191[0m
[0mGET / [36m304[0m 200.909 ms - -[0m
[0mGET /uploads/posts/images/image-1688973812944 [33m404[0m 26.535 ms - 179[0m
[0mGET /uploads/users/avatars/avatar-1688974392344-196179970 [33m404[0m 26.149 ms - 191[0m
[0mGET / [32m200[0m 93.270 ms - 9464[0m
[0mGET /uploads/posts/images/image-1688973812944 [33m404[0m 7.066 ms - 179[0m
[0mGET /uploads/users/avatars/avatar-1688974392344-196179970 [33m404[0m 6.978 ms - 191[0m
[0mGET / [36m304[0m 41.310 ms - -[0m
[0mGET /uploads/users/avatars/avatar-1688974392344-196179970 [33m404[0m 11.254 ms - 191[0m
[0mGET /uploads/posts/images/image-1688973812944 [33m404[0m 12.701 ms - 179[0m
[0mGET / [36m304[0m 101.930 ms - -[0m
[0mGET /uploads/posts/images/image-1688973812944 [33m404[0m 18.492 ms - 179[0m
[0mGET /uploads/users/avatars/avatar-1688974392344-196179970 [33m404[0m 27.276 ms - 191[0m
[0mGET / [36m304[0m 83.464 ms - -[0m
[0mGET /uploads/posts/images/image-1688973812944 [33m404[0m 9.389 ms - 179[0m
[0mGET /uploads/users/avatars/avatar-1688974392344-196179970 [33m404[0m 15.964 ms - 191[0m
[0mGET / [32m200[0m 43.420 ms - 9443[0m
[0mGET /uploads/posts/images/image-1688973812944 [33m404[0m 5.989 ms - 179[0m
[0mGET /uploads/users/avatars/avatar-1688974392344-196179970 [33m404[0m 8.935 ms - 191[0m
[0mGET / [32m200[0m 88.335 ms - 9463[0m
[0mGET /uploads/users/avatars/avatar-1688974392344-196179970 [33m404[0m 25.796 ms - 191[0m
[0mGET /uploads/posts/images/image-1688973812944 [33m404[0m 26.860 ms - 179[0m
[0mGET / [36m304[0m 37.488 ms - -[0m
[0mGET /uploads/posts/images/image-1688973812944 [33m404[0m 18.168 ms - 179[0m
[0mGET /uploads/users/avatars/avatar-1688974392344-196179970 [33m404[0m 20.435 ms - 191[0m
[0mGET / [32m200[0m 57.169 ms - 9497[0m
[0mGET /uploads/posts/images/image-1688973812944 [33m404[0m 10.199 ms - 179[0m
[0mGET /uploads/users/avatars/avatar-1688974392344-196179970 [33m404[0m 13.223 ms - 191[0m
[0mGET / [32m200[0m 223.589 ms - 9500[0m
[0mGET /uploads/posts/images/image-1688973812944 [33m404[0m 6.717 ms - 179[0m
[0mGET /uploads/users/avatars/avatar-1688974392344-196179970 [33m404[0m 7.099 ms - 191[0m
[0mGET / [32m200[0m 92.186 ms - 9506[0m
[0mGET /uploads/posts/images/image-1688973812944 [33m404[0m 8.823 ms - 179[0m
[0mGET /uploads/users/avatars/avatar-1688974392344-196179970 [33m404[0m 10.781 ms - 191[0m
[0mGET / [32m200[0m 43.962 ms - 9509[0m
[0mGET /uploads/posts/images/image-1688973812944 [33m404[0m 7.381 ms - 179[0m
[0mGET /uploads/users/avatars/avatar-1688974392344-196179970 [33m404[0m 7.050 ms - 191[0m
[0mGET / [32m200[0m 99.340 ms - 9521[0m
[0mGET /uploads/posts/images/image-1688973812944 [33m404[0m 7.245 ms - 179[0m
[0mGET /uploads/users/avatars/avatar-1688974392344-196179970 [33m404[0m 9.869 ms - 191[0m
[0mGET / [32m200[0m 346.001 ms - 9513[0m
[0mGET /uploads/posts/images/image-1688973812944 [33m404[0m 14.482 ms - 179[0m
[0mGET /uploads/users/avatars/avatar-1688974392344-196179970 [33m404[0m 12.457 ms - 191[0m
[0mGET / [32m200[0m 109.297 ms - 9531[0m
[0mGET /uploads/posts/images/image-1688973812944 [33m404[0m 5.739 ms - 179[0m
[0mGET /uploads/users/avatars/avatar-1688974392344-196179970 [33m404[0m 6.175 ms - 191[0m
[0mGET / [32m200[0m 244.104 ms - 9521[0m
[0mGET /uploads/posts/images/image-1688973812944 [33m404[0m 46.270 ms - 179[0m
[0mGET /uploads/users/avatars/avatar-1688974392344-196179970 [33m404[0m 47.873 ms - 191[0m
[0mGET / [32m200[0m 224.412 ms - 9446[0m
[0mGET /uploads/users/avatars/avatar-1688974392344-196179970 [33m404[0m 15.627 ms - 191[0m
[0mGET /uploads/posts/images/image-1688973812944 [33m404[0m 19.644 ms - 179[0m
[0mGET / [32m200[0m 58.595 ms - 9469[0m
[0mGET /uploads/posts/images/image-1688973812944 [33m404[0m 8.118 ms - 179[0m
[0mGET /uploads/users/avatars/avatar-1688974392344-196179970 [33m404[0m 8.737 ms - 191[0m
[0mGET / [36m304[0m 321.795 ms - -[0m
[0mGET /uploads/posts/images/image-1688973812944 [33m404[0m 9.233 ms - 179[0m
[0mGET /uploads/users/avatars/avatar-1688974392344-196179970 [33m404[0m 7.247 ms - 191[0m
[0mGET / [36m304[0m 44.078 ms - -[0m
[0mGET /uploads/posts/images/image-1688973812944 [33m404[0m 7.952 ms - 179[0m
[0mGET /uploads/users/avatars/avatar-1688974392344-196179970 [33m404[0m 9.264 ms - 191[0m
[0mGET / [32m200[0m 105.969 ms - 9469[0m
[0mGET / [32m200[0m 56.686 ms - 9469[0m
[0mGET /uploads/posts/images/image-1688973812944 [33m404[0m 9.659 ms - 179[0m
[0mGET /uploads/users/avatars/avatar-1688974392344-196179970 [33m404[0m 9.602 ms - 191[0m
[0mGET / [32m200[0m 80.667 ms - 9604[0m
[0mGET /uploads/posts/images/image-1688973812944 [33m404[0m 7.267 ms - 179[0m
[0mGET /uploads/users/avatars/avatar-1688974392344-196179970 [33m404[0m 6.834 ms - 191[0m
[0mGET / [32m200[0m 260.003 ms - 9539[0m
[0mGET /uploads/posts/images/image-1688973812944 [33m404[0m 13.536 ms - 179[0m
[0mGET /uploads/users/avatars/avatar-1688974392344-196179970 [33m404[0m 13.327 ms - 191[0m
[0mGET / [32m200[0m 180.593 ms - 9520[0m
[0mGET /uploads/users/avatars/avatar-1688974392344-196179970 [33m404[0m 9.291 ms - 191[0m
[0mGET /uploads/posts/images/image-1688973812944 [33m404[0m 11.360 ms - 179[0m
[0mGET / [32m200[0m 73.022 ms - 9519[0m
[0mGET /uploads/posts/images/image-1688973812944 [33m404[0m 11.041 ms - 179[0m
[0mGET /uploads/users/avatars/avatar-1688974392344-196179970 [33m404[0m 10.567 ms - 191[0m
[0mGET / [32m200[0m 239.652 ms - 9515[0m
[0mGET /uploads/posts/images/image-1688973812944 [33m404[0m 22.213 ms - 179[0m
[0mGET /uploads/users/avatars/avatar-1688974392344-196179970 [33m404[0m 29.545 ms - 191[0m
[0mGET / [32m200[0m 147.456 ms - 9539[0m
[0mGET /uploads/users/avatars/avatar-1688974392344-196179970 [33m404[0m 11.854 ms - 191[0m
[0mGET /uploads/posts/images/image-1688973812944 [33m404[0m 13.725 ms - 179[0m
[0mGET / [32m200[0m 42.470 ms - 9518[0m
[0mGET /uploads/posts/images/image-1688973812944 [33m404[0m 7.965 ms - 179[0m
[0mGET /uploads/users/avatars/avatar-1688974392344-196179970 [33m404[0m 8.511 ms - 191[0m
[0mGET / [32m200[0m 140.297 ms - 9515[0m
[0mGET /uploads/posts/images/image-1688973812944 [33m404[0m 8.926 ms - 179[0m
[0mGET /uploads/users/avatars/avatar-1688974392344-196179970 [33m404[0m 9.673 ms - 191[0m
[0mGET / [32m200[0m 184.633 ms - 9519[0m
[0mGET /uploads/posts/images/image-1688973812944 [33m404[0m 6.073 ms - 179[0m
[0mGET /uploads/users/avatars/avatar-1688974392344-196179970 [33m404[0m 6.093 ms - 191[0m
[0mGET / [32m200[0m 53.851 ms - 9517[0m
[0mGET /uploads/posts/images/image-1688973812944 [33m404[0m 6.286 ms - 179[0m
[0mGET /uploads/users/avatars/avatar-1688974392344-196179970 [33m404[0m 6.080 ms - 191[0m
[0mGET / [31m500[0m 290.090 ms - 1931[0m
[0mGET / [31m500[0m 53.639 ms - 1931[0m
[0mGET / [32m200[0m 251.997 ms - 9518[0m
[0mGET /uploads/posts/images/image-1688973812944 [33m404[0m 8.342 ms - 179[0m
[0mGET /uploads/users/avatars/avatar-1688974392344-196179970 [33m404[0m 6.795 ms - 191[0m
[0mGET / [32m200[0m 107.825 ms - 9517[0m
[0mGET /uploads/posts/images/image-1688973812944 [33m404[0m 35.283 ms - 179[0m
[0mGET /uploads/users/avatars/avatar-1688974392344-196179970 [33m404[0m 51.131 ms - 191[0m
[0mGET / [32m200[0m 59.593 ms - 9517[0m
[0mGET /uploads/posts/images/image-1688973812944 [33m404[0m 39.070 ms - 179[0m
[0mGET /uploads/users/avatars/avatar-1688974392344-196179970 [33m404[0m 66.631 ms - 191[0m
[0mGET / [32m200[0m 350.868 ms - 9533[0m
[0mGET /uploads/posts/images/image-1688973812944 [33m404[0m 146.803 ms - 179[0m
[0mGET /uploads/users/avatars/avatar-1688974392344-196179970 [33m404[0m 144.001 ms - 191[0m
[0mGET / [36m304[0m 123.383 ms - -[0m
[0mGET /uploads/posts/images/image-1688973812944 [33m404[0m 6.681 ms - 179[0m
[0mGET /uploads/users/avatars/avatar-1688974392344-196179970 [33m404[0m 6.190 ms - 191[0m
[0mGET / [36m304[0m 174.966 ms - -[0m
[0mGET /uploads/posts/images/image-1688973812944 [33m404[0m 19.232 ms - 179[0m
[0mGET /uploads/users/avatars/avatar-1688974392344-196179970 [33m404[0m 18.743 ms - 191[0m
[0mGET / [36m304[0m 36.905 ms - -[0m
[0mGET /uploads/posts/images/image-1688973812944 [33m404[0m 10.888 ms - 179[0m
[0mGET /uploads/users/avatars/avatar-1688974392344-196179970 [33m404[0m 8.891 ms - 191[0m
[0mGET / [36m304[0m 160.357 ms - -[0m
[0mGET /uploads/users/avatars/avatar-1688974392344-196179970 [33m404[0m 84.988 ms - 191[0m
[0mGET /uploads/posts/images/image-1688973812944 [33m404[0m 84.543 ms - 179[0m
[0mGET / [36m304[0m 130.722 ms - -[0m
[0mGET /uploads/users/avatars/avatar-1688974392344-196179970 [33m404[0m 19.684 ms - 191[0m
[0mGET /uploads/posts/images/image-1688973812944 [33m404[0m 22.128 ms - 179[0m
[0mGET / [36m304[0m 40.247 ms - -[0m
[0mGET /uploads/posts/images/image-1688973812944 [33m404[0m 21.651 ms - 179[0m
[0mGET /uploads/users/avatars/avatar-1688974392344-196179970 [33m404[0m 22.265 ms - 191[0m
[0mGET / [36m304[0m 37.358 ms - -[0m
[0mGET /uploads/posts/images/image-1688973812944 [33m404[0m 10.139 ms - 179[0m
[0mGET /uploads/users/avatars/avatar-1688974392344-196179970 [33m404[0m 7.845 ms - 191[0m
[0mGET / [36m304[0m 154.668 ms - -[0m
[0mGET /uploads/users/avatars/avatar-1688974392344-196179970 [33m404[0m 35.421 ms - 191[0m
[0mGET /uploads/posts/images/image-1688973812944 [33m404[0m 39.224 ms - 179[0m
[0mGET / [36m304[0m 114.141 ms - -[0m
[0mGET /uploads/users/avatars/avatar-1688974392344-196179970 [33m404[0m 9.827 ms - 191[0m
[0mGET /uploads/posts/images/image-1688973812944 [33m404[0m 15.767 ms - 179[0m
[0mGET / [36m304[0m 40.461 ms - -[0m
[0mGET /uploads/posts/images/image-1688973812944 [33m404[0m 8.398 ms - 179[0m
[0mGET /uploads/users/avatars/avatar-1688974392344-196179970 [33m404[0m 7.431 ms - 191[0m
[0mGET / [32m200[0m 436.163 ms - 9531[0m
[0mGET /uploads/posts/images/image-1688973812944 [33m404[0m 11.842 ms - 179[0m
[0mGET /uploads/users/avatars/avatar-1688974392344-196179970 [33m404[0m 11.989 ms - 191[0m
[0mGET / [32m200[0m 39.378 ms - 9547[0m
[0mGET /uploads/posts/images/image-1688973812944 [33m404[0m 10.388 ms - 179[0m
[0mGET /uploads/users/avatars/avatar-1688974392344-196179970 [33m404[0m 10.509 ms - 191[0m
[0mGET / [32m200[0m 150.137 ms - 9553[0m
[0mGET /uploads/users/avatars/avatar-1688974392344-196179970 [33m404[0m 41.057 ms - 191[0m
[0mGET /uploads/posts/images/image-1688973812944 [33m404[0m 42.366 ms - 179[0m
[0mGET / [32m200[0m 35.065 ms - 9554[0m
[0mGET /uploads/posts/images/image-1688973812944 [33m404[0m 10.366 ms - 179[0m
[0mGET /uploads/users/avatars/avatar-1688974392344-196179970 [33m404[0m 9.239 ms - 191[0m
[0mGET / [36m304[0m 122.042 ms - -[0m
[0mGET /uploads/posts/images/image-1688973812944 [33m404[0m 6.565 ms - 179[0m
[0mGET /uploads/users/avatars/avatar-1688974392344-196179970 [33m404[0m 6.459 ms - 191[0m
[0mGET / [36m304[0m 389.145 ms - -[0m
[0mGET /uploads/posts/images/image-1688973812944 [33m404[0m 13.858 ms - 179[0m
[0mGET /uploads/users/avatars/avatar-1688974392344-196179970 [33m404[0m 24.203 ms - 191[0m
[0mGET / [36m304[0m 147.443 ms - -[0m
[0mGET /uploads/posts/images/image-1688973812944 [33m404[0m 84.169 ms - 179[0m
[0mGET /uploads/users/avatars/avatar-1688974392344-196179970 [33m404[0m 84.326 ms - 191[0m
[0mGET / [36m304[0m 129.636 ms - -[0m
[0mGET /uploads/posts/images/image-1688973812944 [33m404[0m 6.446 ms - 179[0m
[0mGET /uploads/users/avatars/avatar-1688974392344-196179970 [33m404[0m 5.534 ms - 191[0m
[0mGET / [36m304[0m 40.777 ms - -[0m
[0mGET /uploads/posts/images/image-1688973812944 [33m404[0m 36.978 ms - 179[0m
[0mGET /uploads/users/avatars/avatar-1688974392344-196179970 [33m404[0m 37.121 ms - 191[0m
[0mGET / [36m304[0m 257.743 ms - -[0m
[0mGET /uploads/posts/images/image-1688973812944 [33m404[0m 6.856 ms - 179[0m
[0mGET /uploads/users/avatars/avatar-1688974392344-196179970 [33m404[0m 7.654 ms - 191[0m
[0mGET / [36m304[0m 287.816 ms - -[0m
[0mGET /uploads/users/avatars/avatar-1688974392344-196179970 [33m404[0m 6.540 ms - 191[0m
[0mGET /uploads/posts/images/image-1688973812944 [33m404[0m 9.000 ms - 179[0m
[0mGET /users/login [32m200[0m 10.888 ms - 6355[0m
[0mGET / [36m304[0m 298.956 ms - -[0m
[0mGET /uploads/users/avatars/avatar-1688974392344-196179970 [33m404[0m 15.885 ms - 191[0m
[0mGET /uploads/posts/images/image-1688973812944 [33m404[0m 17.837 ms - 179[0m
[0mGET /users/login [36m304[0m 31.978 ms - -[0m
[0mGET / [36m304[0m 39.326 ms - -[0m
[0mGET /uploads/users/avatars/avatar-1688974392344-196179970 [33m404[0m 10.268 ms - 191[0m
[0mGET /uploads/posts/images/image-1688973812944 [33m404[0m 12.293 ms - 179[0m
[0mGET /users/login [36m304[0m 53.497 ms - -[0m
[0mPOST /users/create-session [36m302[0m 49.605 ms - 46[0m
[0mGET / [32m200[0m 63.463 ms - 14022[0m
[0mGET /uploads/posts/images/image-1688973812944 [33m404[0m 15.577 ms - 179[0m
[0mGET /uploads/users/avatars/avatar-1688974392344-196179970 [33m404[0m 16.694 ms - 191[0m
[0mGET / [32m200[0m 62.129 ms - 13850[0m
[0mGET /uploads/posts/images/image-1688973812944 [33m404[0m 15.254 ms - 179[0m
[0mGET /uploads/users/avatars/avatar-1688974392344-196179970 [33m404[0m 16.755 ms - 191[0m
[0mGET /uploads/users/avatars/avatar-1688974392344-196179970 [33m404[0m 15.884 ms - 191[0m
[0mGET /autocomplete?callback=jQuery36009482852631148386_1689011423369&term=om&_=1689011423370 [32m200[0m 21.353 ms - 179[0m
[0mGET /users/signout [36m302[0m 389.338 ms - 46[0m
[0mGET / [32m200[0m 48.330 ms - 9727[0m
[0mGET /uploads/posts/images/image-1688973812944 [33m404[0m 5.858 ms - 179[0m
[0mGET /uploads/users/avatars/avatar-1688974392344-196179970 [33m404[0m 5.983 ms - 191[0m
[0mGET /users/login [36m304[0m 9.445 ms - -[0m
[0mPOST /users/create-session [36m302[0m 72.424 ms - 46[0m
[0mGET / [32m200[0m 86.929 ms - 14022[0m
[0mGET /uploads/posts/images/image-1688973812944 [33m404[0m 19.467 ms - 179[0m
[0mGET /uploads/users/avatars/avatar-1688974392344-196179970 [33m404[0m 107.288 ms - 191[0m
[0mGET / [32m200[0m 118.759 ms - 13295[0m
[0mGET /uploads/posts/images/image-1688973812944 [33m404[0m 18.241 ms - 179[0m
[0mGET /uploads/users/avatars/avatar-1688974392344-196179970 [33m404[0m 22.465 ms - 191[0m
[0mGET / [32m200[0m 258.001 ms - 13291[0m
[0mGET /uploads/users/avatars/avatar-1688974392344-196179970 [33m404[0m 21.119 ms - 191[0m
[0mGET /uploads/posts/images/image-1688973812944 [33m404[0m 21.148 ms - 179[0m
[0mGET / [32m200[0m 216.266 ms - 13307[0m
[0mGET /uploads/users/avatars/avatar-1688974392344-196179970 [33m404[0m 16.607 ms - 191[0m
[0mGET /uploads/posts/images/image-1688973812944 [33m404[0m 20.201 ms - 179[0m
[0mGET / [32m200[0m 52.524 ms - 13305[0m
[0mGET /uploads/posts/images/image-1688973812944 [33m404[0m 17.643 ms - 179[0m
[0mGET /uploads/users/avatars/avatar-1688974392344-196179970 [33m404[0m 15.013 ms - 191[0m
[0mGET / [32m200[0m 456.057 ms - 13283[0m
[0mGET /uploads/posts/images/image-1688973812944 [33m404[0m 14.673 ms - 179[0m
[0mGET /uploads/users/avatars/avatar-1688974392344-196179970 [33m404[0m 16.683 ms - 191[0m
[0mGET / [32m200[0m 82.242 ms - 13341[0m
[0mGET /uploads/posts/images/image-1688973812944 [33m404[0m 17.335 ms - 179[0m
[0mGET /uploads/users/avatars/avatar-1688974392344-196179970 [33m404[0m 17.751 ms - 191[0m
[0mGET / [32m200[0m 576.692 ms - 13341[0m
[0mGET /uploads/posts/images/image-1688973812944 [33m404[0m 16.176 ms - 179[0m
[0mGET /uploads/users/avatars/avatar-1688974392344-196179970 [33m404[0m 17.186 ms - 191[0m
[0mGET / [32m200[0m 254.756 ms - 13366[0m
[0mGET /uploads/posts/images/image-1688973812944 [33m404[0m 14.627 ms - 179[0m
[0mGET /uploads/users/avatars/avatar-1688974392344-196179970 [33m404[0m 21.114 ms - 191[0m
[0mGET / [32m200[0m 519.504 ms - 13496[0m
[0mGET /uploads/users/avatars/avatar-1688925029087-276404859 [33m404[0m 17.352 ms - 191[0m
[0mGET /uploads/posts/images/image-1688973812944 [33m404[0m 18.726 ms - 179[0m
[0mGET /uploads/users/avatars/avatar-1688974392344-196179970 [33m404[0m 160.147 ms - 191[0m
[0mGET / [32m200[0m 381.903 ms - 13506[0m
[0mGET /uploads/posts/images/image-1688973812944 [33m404[0m 29.959 ms - 179[0m
[0mGET /uploads/users/avatars/avatar-1688974392344-196179970 [33m404[0m 31.375 ms - 191[0m
[0mGET /uploads/users/avatars/avatar-1688925029087-276404859 [33m404[0m 36.210 ms - 191[0m
[0mGET / [36m304[0m 390.219 ms - -[0m
[0mGET /uploads/users/avatars/avatar-1688925029087-276404859 [33m404[0m 18.680 ms - 191[0m
[0mGET /uploads/users/avatars/avatar-1688974392344-196179970 [33m404[0m 25.352 ms - 191[0m
[0mGET /uploads/posts/images/image-1688973812944 [33m404[0m 27.242 ms - 179[0m
[0mGET / [36m304[0m 61.812 ms - -[0m
[0mGET /uploads/users/avatars/avatar-1688925029087-276404859 [33m404[0m 20.666 ms - 191[0m
[0mGET /uploads/posts/images/image-1688973812944 [33m404[0m 21.231 ms - 179[0m
[0mGET /uploads/users/avatars/avatar-1688974392344-196179970 [33m404[0m 20.743 ms - 191[0m
[0mGET / [32m200[0m 62.671 ms - 13510[0m
[0mGET /uploads/users/avatars/avatar-1688925029087-276404859 [33m404[0m 15.652 ms - 191[0m
[0mGET /uploads/posts/images/image-1688973812944 [33m404[0m 14.498 ms - 179[0m
[0mGET /uploads/users/avatars/avatar-1688974392344-196179970 [33m404[0m 16.933 ms - 191[0m
[0mGET /users/profile/649d49f2f2b40706ee4d5886 [32m200[0m 534.823 ms - 7438[0m
[0mGET /uploads/users/avatars/avatar-1688925029087-276404859 [33m404[0m 12.733 ms - 191[0m
[0mPOST /users/update/649d49f2f2b40706ee4d5886 [36m302[0m 41.956 ms - 164[0m
[0mGET /users/profile/649d49f2f2b40706ee4d5886 [32m200[0m 55.742 ms - 7438[0m
[0mGET / [32m200[0m 67.625 ms - 13510[0m
[0mGET /uploads/posts/images/image-1688973812944 [33m404[0m 13.163 ms - 179[0m
[0mGET /uploads/users/avatars/avatar-1688974392344-196179970 [33m404[0m 13.906 ms - 191[0m
[0mGET / [32m200[0m 126.830 ms - 13506[0m
[0mGET /uploads/posts/images/image-1688973812944 [33m404[0m 16.500 ms - 179[0m
[0mGET /uploads/users/avatars/avatar-1688974392344-196179970 [33m404[0m 16.728 ms - 191[0m
[0mGET / [32m200[0m 277.398 ms - 13500[0m
[0mGET /uploads/posts/images/image-1688973812944 [33m404[0m 56.208 ms - 179[0m
[0mGET /uploads/users/avatars/avatar-1688974392344-196179970 [33m404[0m 57.077 ms - 191[0m
[0mGET / [32m200[0m 133.415 ms - 13505[0m
[0mGET /uploads/users/avatars/avatar-1688974392344-196179970 [33m404[0m 112.450 ms - 191[0m
[0mGET /uploads/posts/images/image-1688973812944 [33m404[0m 114.311 ms - 179[0m
[0mGET / [36m304[0m 142.608 ms - -[0m
[0mGET /uploads/users/avatars/avatar-1688974392344-196179970 [33m404[0m 15.999 ms - 191[0m
[0mGET /uploads/posts/images/image-1688973812944 [33m404[0m 17.452 ms - 179[0m
[0mGET / [36m304[0m 114.996 ms - -[0m
[0mGET /uploads/posts/images/image-1688973812944 [33m404[0m 48.081 ms - 179[0m
[0mGET /uploads/users/avatars/avatar-1688974392344-196179970 [33m404[0m 48.693 ms - 191[0m
[0mGET / [36m304[0m 120.705 ms - -[0m
[0mGET /uploads/posts/images/image-1688973812944 [33m404[0m 17.339 ms - 179[0m
[0mGET /uploads/users/avatars/avatar-1688974392344-196179970 [33m404[0m 17.192 ms - 191[0m
[0mGET / [36m304[0m 110.696 ms - -[0m
[0mGET /uploads/posts/images/image-1688973812944 [33m404[0m 200.027 ms - 179[0m
[0mGET /uploads/users/avatars/avatar-1688974392344-196179970 [33m404[0m 198.140 ms - 191[0m
[0mGET / [32m200[0m 132.006 ms - 13510[0m
[0mGET /uploads/users/avatars/avatar-1688974392344-196179970 [33m404[0m 36.355 ms - 191[0m
[0mGET /uploads/posts/images/image-1688973812944 [33m404[0m 37.443 ms - 179[0m
[0mGET / [36m304[0m 282.218 ms - -[0m
[0mGET /uploads/posts/images/image-1688973812944 [33m404[0m 13.154 ms - 179[0m
[0mGET /uploads/users/avatars/avatar-1688974392344-196179970 [33m404[0m 13.457 ms - 191[0m
[0mGET / [36m304[0m 70.034 ms - -[0m
[0mGET /uploads/posts/images/image-1688973812944 [33m404[0m 17.849 ms - 179[0m
[0mGET /uploads/users/avatars/avatar-1688974392344-196179970 [33m404[0m 18.482 ms - 191[0m
[0mGET / [36m304[0m 135.952 ms - -[0m
[0mGET /uploads/posts/images/image-1688973812944 [33m404[0m 16.080 ms - 179[0m
[0mGET /uploads/users/avatars/avatar-1688974392344-196179970 [33m404[0m 17.437 ms - 191[0m
[0mGET / [32m200[0m 62.681 ms - 13515[0m
[0mGET /uploads/posts/images/image-1688973812944 [33m404[0m 296.859 ms - 179[0m
[0mGET /uploads/users/avatars/avatar-1688974392344-196179970 [33m404[0m 296.980 ms - 191[0m
[0mGET /autocomplete?callback=jQuery36007520428113263107_1689012256843&term=om&_=1689012256844 [32m200[0m 2158.439 ms - 179[0m
[0mGET /autocomplete?callback=jQuery36007520428113263107_1689012256843&term=o&_=1689012256845 [32m200[0m 49.816 ms - 231[0m
[0mGET /autocomplete?callback=jQuery36007520428113263107_1689012256843&term=p&_=1689012256846 [32m200[0m 190.067 ms - 179[0m
[0mGET /autocomplete?callback=jQuery36007520428113263107_1689012256843&term=o&_=1689012256847 [32m200[0m 17.160 ms - 231[0m
[0mGET /autocomplete?callback=jQuery36007520428113263107_1689012256843&term=om&_=1689012256848 [32m200[0m 21.721 ms - 179[0m
[0mGET /autocomplete?callback=jQuery36007520428113263107_1689012256843&term=o&_=1689012256849 [32m200[0m 46.872 ms - 231[0m
[0mGET /autocomplete?callback=jQuery36007520428113263107_1689012256843&term=o&_=1689012256850 [32m200[0m 25.481 ms - 231[0m
[0mGET /autocomplete?callback=jQuery36007520428113263107_1689012256843&term=om&_=1689012256851 [32m200[0m 32.776 ms - 179[0m
[0mGET / [32m200[0m 105.441 ms - 13822[0m
[0mGET /uploads/posts/images/image-1688973812944 [33m404[0m 17.310 ms - 179[0m
[0mGET /uploads/users/avatars/avatar-1688974392344-196179970 [33m404[0m 17.133 ms - 191[0m
[0mGET / [32m200[0m 497.882 ms - 13746[0m
[0mGET /uploads/users/avatars/avatar-1688974392344-196179970 [33m404[0m 16.571 ms - 191[0m
[0mGET /uploads/posts/images/image-1688973812944 [33m404[0m 18.273 ms - 179[0m
[0mGET / [32m200[0m 142.234 ms - 13823[0m
[0mGET /uploads/users/avatars/avatar-1688974392344-196179970 [33m404[0m 16.026 ms - 191[0m
[0mGET /uploads/posts/images/image-1688973812944 [33m404[0m 18.098 ms - 179[0m
[0mGET /autocomplete?callback=jQuery360017160669519162708_1689012594228&term=om&_=1689012594229 [32m200[0m 30.054 ms - 181[0m
[0mGET / [32m200[0m 375.333 ms - 13823[0m
[0mGET /uploads/users/avatars/avatar-1688974392344-196179970 [33m404[0m 27.601 ms - 191[0m
[0mGET /uploads/posts/images/image-1688973812944 [33m404[0m 28.944 ms - 179[0m
[0mGET / [32m200[0m 155.512 ms - 13823[0m
[0mGET /uploads/posts/images/image-1688973812944 [33m404[0m 52.880 ms - 179[0m
[0mGET /uploads/users/avatars/avatar-1688974392344-196179970 [33m404[0m 53.312 ms - 191[0m
[0mGET / [36m304[0m 91.983 ms - -[0m
[0mGET /uploads/users/avatars/avatar-1688974392344-196179970 [33m404[0m 14.048 ms - 191[0m
[0mGET /uploads/posts/images/image-1688973812944 [33m404[0m 16.854 ms - 179[0m
[0mGET /autocomplete?callback=jQuery360013950030940944247_1689012689571&term=om&_=1689012689572 [32m200[0m 20.762 ms - 181[0m
[0mGET / [36m304[0m 447.659 ms - -[0m
[0mGET /uploads/posts/images/image-1688973812944 [33m404[0m 39.569 ms - 179[0m
[0mGET /uploads/users/avatars/avatar-1688974392344-196179970 [33m404[0m 39.552 ms - 191[0m
[0mGET / [32m200[0m 277.736 ms - 13847[0m
[0mGET /uploads/posts/images/image-1688973812944 [33m404[0m 15.494 ms - 179[0m
[0mGET /uploads/users/avatars/avatar-1688974392344-196179970 [33m404[0m 19.533 ms - 191[0m
[0mGET / [32m200[0m 356.208 ms - 13821[0m
[0mGET /uploads/posts/images/image-1688973812944 [33m404[0m 28.055 ms - 179[0m
[0mGET /uploads/users/avatars/avatar-1688974392344-196179970 [33m404[0m 27.785 ms - 191[0m
[0mGET / [36m304[0m 67.977 ms - -[0m
[0mGET /uploads/users/avatars/avatar-1688974392344-196179970 [33m404[0m 14.793 ms - 191[0m
[0mGET /uploads/posts/images/image-1688973812944 [33m404[0m 17.585 ms - 179[0m
[0mGET / [36m304[0m 520.981 ms - -[0m
[0mGET /uploads/posts/images/image-1688973812944 [33m404[0m 15.184 ms - 179[0m
[0mGET /uploads/users/avatars/avatar-1688974392344-196179970 [33m404[0m 14.519 ms - 191[0m
[0mGET / [36m304[0m 56.565 ms - -[0m
[0mGET /uploads/users/avatars/avatar-1688974392344-196179970 [33m404[0m 18.997 ms - 191[0m
[0mGET /uploads/posts/images/image-1688973812944 [33m404[0m 24.601 ms - 179[0m
[0mGET / [36m304[0m 287.488 ms - -[0m
[0mGET /uploads/posts/images/image-1688973812944 [33m404[0m 20.378 ms - 179[0m
[0mGET /uploads/users/avatars/avatar-1688974392344-196179970 [33m404[0m 20.287 ms - 191[0m
[0mGET / [36m304[0m 262.102 ms - -[0m
[0mGET /uploads/posts/images/image-1688973812944 [33m404[0m 14.012 ms - 179[0m
[0mGET /uploads/users/avatars/avatar-1688974392344-196179970 [33m404[0m 14.612 ms - 191[0m
[0mGET / [36m304[0m 138.213 ms - -[0m
[0mGET /uploads/posts/images/image-1688973812944 [33m404[0m 17.763 ms - 179[0m
[0mGET /uploads/users/avatars/avatar-1688974392344-196179970 [33m404[0m 19.297 ms - 191[0m
[0mGET / [36m304[0m 310.995 ms - -[0m
[0mGET /uploads/users/avatars/avatar-1688974392344-196179970 [33m404[0m 19.252 ms - 191[0m
[0mGET /uploads/posts/images/image-1688973812944 [33m404[0m 20.621 ms - 179[0m
[0mGET / [36m304[0m 314.152 ms - -[0m
[0mGET /uploads/posts/images/image-1688973812944 [33m404[0m 16.537 ms - 179[0m
[0mGET /uploads/users/avatars/avatar-1688974392344-196179970 [33m404[0m 16.575 ms - 191[0m
[0mGET / [36m304[0m 128.452 ms - -[0m
[0mGET /uploads/users/avatars/avatar-1688974392344-196179970 [33m404[0m 35.641 ms - 191[0m
[0mGET /uploads/posts/images/image-1688973812944 [33m404[0m 36.797 ms - 179[0m
[0mGET / [32m200[0m 421.460 ms - 13823[0m
[0mGET /uploads/posts/images/image-1688973812944 [33m404[0m 22.277 ms - 179[0m
[0mGET /uploads/users/avatars/avatar-1688974392344-196179970 [33m404[0m 22.005 ms - 191[0m
[0mGET / [36m304[0m 275.779 ms - -[0m
[0mGET /uploads/posts/images/image-1688973812944 [33m404[0m 21.440 ms - 179[0m
[0mGET /uploads/users/avatars/avatar-1688974392344-196179970 [33m404[0m 21.764 ms - 191[0m
[0mGET / [36m304[0m 112.301 ms - -[0m
[0mGET /uploads/posts/images/image-1688973812944 [33m404[0m 26.025 ms - 179[0m
[0mGET /uploads/users/avatars/avatar-1688974392344-196179970 [33m404[0m 26.655 ms - 191[0m
[0mGET / [32m200[0m 182.761 ms - 13833[0m
[0mGET /uploads/users/avatars/avatar-1688974392344-196179970 [33m404[0m 19.075 ms - 191[0m
[0mGET /uploads/posts/images/image-1688973812944 [33m404[0m 21.550 ms - 179[0m
[0mGET / [32m200[0m 113.537 ms - 13833[0m
[0mGET /uploads/posts/images/image-1688973812944 [33m404[0m 94.489 ms - 179[0m
[0mGET /uploads/users/avatars/avatar-1688974392344-196179970 [33m404[0m 97.142 ms - 191[0m
[0mGET / [32m200[0m 109.035 ms - 13822[0m
[0mGET /uploads/posts/images/image-1688973812944 [33m404[0m 23.715 ms - 179[0m
[0mGET /uploads/users/avatars/avatar-1688974392344-196179970 [33m404[0m 23.572 ms - 191[0m
[0mGET / [32m200[0m 112.017 ms - 13858[0m
[0mGET /uploads/posts/images/image-1688973812944 [33m404[0m 19.495 ms - 179[0m
[0mGET /uploads/users/avatars/avatar-1688974392344-196179970 [33m404[0m 17.487 ms - 191[0m
[0mGET / [32m200[0m 57.593 ms - 13782[0m
[0mGET /uploads/posts/images/image-1688973812944 [33m404[0m 12.715 ms - 179[0m
[0mGET /uploads/users/avatars/avatar-1688974392344-196179970 [33m404[0m 15.132 ms - 191[0m
[0mGET / [32m200[0m 104.485 ms - 13857[0m
[0mGET /uploads/posts/images/image-1688973812944 [33m404[0m 19.011 ms - 179[0m
[0mGET /uploads/users/avatars/avatar-1688974392344-196179970 [33m404[0m 130.434 ms - 191[0m
[0mGET / [36m304[0m 328.823 ms - -[0m
[0mGET /uploads/posts/images/image-1688973812944 [33m404[0m 22.170 ms - 179[0m
[0mGET /uploads/users/avatars/avatar-1688974392344-196179970 [33m404[0m 22.543 ms - 191[0m
[0mGET / [32m200[0m 162.584 ms - 13877[0m
[0mGET /uploads/posts/images/image-1688973812944 [33m404[0m 14.153 ms - 179[0m
[0mGET /uploads/users/avatars/avatar-1688974392344-196179970 [33m404[0m 14.760 ms - 191[0m
[0mGET / [32m200[0m 391.214 ms - 13822[0m
[0mGET /uploads/posts/images/image-1688973812944 [33m404[0m 14.953 ms - 179[0m
[0mGET /uploads/users/avatars/avatar-1688974392344-196179970 [33m404[0m 15.203 ms - 191[0m
[0mGET / [36m304[0m 361.047 ms - -[0m
[0mGET /uploads/posts/images/image-1688973812944 [33m404[0m 17.097 ms - 179[0m
[0mGET /uploads/users/avatars/avatar-1688974392344-196179970 [33m404[0m 18.372 ms - 191[0m
[0mGET / [36m304[0m 63.487 ms - -[0m
[0mGET /uploads/users/avatars/avatar-1688974392344-196179970 [33m404[0m 17.717 ms - 191[0m
[0mGET /uploads/posts/images/image-1688973812944 [33m404[0m 19.695 ms - 179[0m
[0mGET / [36m304[0m 119.819 ms - -[0m
[0mGET /uploads/posts/images/image-1688973812944 [33m404[0m 19.166 ms - 179[0m
[0mGET /uploads/users/avatars/avatar-1688974392344-196179970 [33m404[0m 19.651 ms - 191[0m
[0mGET / [36m304[0m 60.961 ms - -[0m
[0mGET /uploads/posts/images/image-1688973812944 [33m404[0m 72.818 ms - 179[0m
[0mGET /uploads/users/avatars/avatar-1688974392344-196179970 [33m404[0m 70.972 ms - 191[0m
[0mGET / [36m304[0m 165.824 ms - -[0m
[0mGET /uploads/posts/images/image-1688973812944 [33m404[0m 18.452 ms - 179[0m
[0mGET /uploads/users/avatars/avatar-1688974392344-196179970 [33m404[0m 20.585 ms - 191[0m
[0mGET / [32m200[0m 66.027 ms - 13756[0m
[0mGET /uploads/posts/images/image-1688973812944 [33m404[0m 60.942 ms - 179[0m
[0mGET /uploads/users/avatars/avatar-1688974392344-196179970 [33m404[0m 60.790 ms - 191[0m
[0mGET / [36m304[0m 156.409 ms - -[0m
[0mGET /uploads/posts/images/image-1688973812944 [33m404[0m 22.479 ms - 179[0m
[0mGET /uploads/users/avatars/avatar-1688974392344-196179970 [33m404[0m 22.355 ms - 191[0m
[0mGET / [36m304[0m 68.038 ms - -[0m
[0mGET /uploads/posts/images/image-1688973812944 [33m404[0m 18.227 ms - 179[0m
[0mGET /uploads/users/avatars/avatar-1688974392344-196179970 [33m404[0m 19.624 ms - 191[0m
[0mGET / [36m304[0m 180.933 ms - -[0m
[0mGET /uploads/users/avatars/avatar-1688974392344-196179970 [33m404[0m 15.261 ms - 191[0m
[0mGET /uploads/posts/images/image-1688973812944 [33m404[0m 18.594 ms - 179[0m
[0mGET / [36m304[0m 72.308 ms - -[0m
[0mGET /uploads/posts/images/image-1688973812944 [33m404[0m 14.094 ms - 179[0m
[0mGET /uploads/users/avatars/avatar-1688974392344-196179970 [33m404[0m 15.384 ms - 191[0m
[0mGET / [36m304[0m 89.110 ms - -[0m
[0mGET /uploads/posts/images/image-1688973812944 [33m404[0m 22.223 ms - 179[0m
[0mGET /uploads/users/avatars/avatar-1688974392344-196179970 [33m404[0m 22.160 ms - 191[0m
[0mGET / [36m304[0m 426.986 ms - -[0m
[0mGET /uploads/posts/images/image-1688973812944 [33m404[0m 17.602 ms - 179[0m
[0mGET /uploads/users/avatars/avatar-1688974392344-196179970 [33m404[0m 19.712 ms - 191[0m
[0mGET / [32m200[0m 62.230 ms - 13834[0m
[0mGET /uploads/posts/images/image-1688973812944 [33m404[0m 42.783 ms - 179[0m
[0mGET /uploads/users/avatars/avatar-1688974392344-196179970 [33m404[0m 42.330 ms - 191[0m
[0mGET / [36m304[0m 130.018 ms - -[0m
[0mGET /uploads/posts/images/image-1688973812944 [33m404[0m 52.593 ms - 179[0m
[0mGET /uploads/users/avatars/avatar-1688974392344-196179970 [33m404[0m 52.682 ms - 191[0m
[0mGET / [36m304[0m 62.061 ms - -[0m
[0mGET /uploads/posts/images/image-1688973812944 [33m404[0m 13.528 ms - 179[0m
[0mGET /uploads/users/avatars/avatar-1688974392344-196179970 [33m404[0m 43.500 ms - 191[0m
[0mGET /autocomplete?callback=jQuery360022571889247937893_1689013533948&term=om&_=1689013533949 [32m200[0m 38.100 ms - 181[0m
[0mGET / [36m304[0m 531.857 ms - -[0m
[0mGET /uploads/posts/images/image-1688973812944 [33m404[0m 17.305 ms - 179[0m
[0mGET /uploads/users/avatars/avatar-1688974392344-196179970 [33m404[0m 16.736 ms - 191[0m
[0mGET / [36m304[0m 55.806 ms - -[0m
[0mGET /uploads/posts/images/image-1688973812944 [33m404[0m 44.546 ms - 179[0m
[0mGET /uploads/users/avatars/avatar-1688974392344-196179970 [33m404[0m 43.930 ms - 191[0m
[0mGET / [36m304[0m 63.738 ms - -[0m
[0mGET /uploads/users/avatars/avatar-1688974392344-196179970 [33m404[0m 20.700 ms - 191[0m
[0mGET /uploads/posts/images/image-1688973812944 [33m404[0m 23.004 ms - 179[0m
[0mGET /autocomplete?callback=jQuery360021365576088420069_1689013588201&term=o&_=1689013588202 [32m200[0m 28.401 ms - 233[0m
[0mGET /autocomplete?callback=jQuery360021365576088420069_1689013588201&term=om&_=1689013588203 [32m200[0m 23.700 ms - 181[0m
[0mGET / [32m200[0m 274.049 ms - 13828[0m
[0mGET /uploads/posts/images/image-1688973812944 [33m404[0m 18.127 ms - 179[0m
[0mGET /uploads/users/avatars/avatar-1688974392344-196179970 [33m404[0m 18.765 ms - 191[0m
[0mGET / [36m304[0m 64.571 ms - -[0m
[0mGET /uploads/posts/images/image-1688973812944 [33m404[0m 38.405 ms - 179[0m
[0mGET /uploads/users/avatars/avatar-1688974392344-196179970 [33m404[0m 43.137 ms - 191[0m
[0mGET / [36m304[0m 114.604 ms - -[0m
[0mGET /uploads/posts/images/image-1688973812944 [33m404[0m 25.397 ms - 179[0m
[0mGET /uploads/users/avatars/avatar-1688974392344-196179970 [33m404[0m 25.058 ms - 191[0m
[0mGET / [36m304[0m 310.872 ms - -[0m
[0mGET /uploads/posts/images/image-1688973812944 [33m404[0m 16.691 ms - 179[0m
[0mGET /uploads/users/avatars/avatar-1688974392344-196179970 [33m404[0m 19.750 ms - 191[0m
[0mGET / [36m304[0m 112.100 ms - -[0m
[0mGET /uploads/posts/images/image-1688973812944 [33m404[0m 17.902 ms - 179[0m
[0mGET /uploads/users/avatars/avatar-1688974392344-196179970 [33m404[0m 23.017 ms - 191[0m
[0mGET / [36m304[0m 112.119 ms - -[0m
[0mGET /uploads/posts/images/image-1688973812944 [33m404[0m 59.743 ms - 179[0m
[0mGET /uploads/users/avatars/avatar-1688974392344-196179970 [33m404[0m 61.631 ms - 191[0m
