[0mGET / [31m500[0m 75.164 ms - 2479[0m
[0mGET / [31m500[0m 405.251 ms - 2479[0m
[0mGET / [31m500[0m 41.677 ms - 2479[0m
[0mGET / [31m500[0m 52.940 ms - 2479[0m
[0mGET / [31m500[0m 57.854 ms - 2479[0m
[0mGET / [31m500[0m 44.032 ms - 2479[0m
[0mGET / [32m200[0m 32.129 ms - 8276[0m
[0mGET /js/dropzone.min.js [33m404[0m 47.017 ms - 157[0m
[0mGET /js/dropzone.js [33m404[0m 126.434 ms - 153[0m
[0mGET /users/login [36m304[0m 35.030 ms - -[0m
[0mPOST /users/create-session [36m302[0m 299.345 ms - 46[0m
[0mGET / [32m200[0m 110.030 ms - 27568[0m
[0mGET /js/dropzone.js [33m404[0m 40.463 ms - 153[0m
[0mGET /js/dropzone.min.js [33m404[0m 43.621 ms - 157[0m
[0mGET / [32m200[0m 121.060 ms - 27360[0m
[0mGET /js/dropzone.min.js [33m404[0m 14.643 ms - 157[0m
[0mGET /js/dropzone.js [33m404[0m 13.266 ms - 153[0m
[0mGET / [32m200[0m 196.728 ms - 27381[0m
[0mGET /js/dropzone.min.js [33m404[0m 13.856 ms - 157[0m
[0mGET /js/dropzone.js [33m404[0m 14.122 ms - 153[0m
[0mGET / [32m200[0m 71.741 ms - 27442[0m
[0mGET /js/dropzone.min.js [33m404[0m 34.401 ms - 157[0m
[0mGET /js/dropzone.js [33m404[0m 140.285 ms - 153[0m
[0mGET / [32m200[0m 100.906 ms - 27444[0m
[0mGET /js/dropzone.js [33m404[0m 26.494 ms - 153[0m
[0mGET /js/dropzone.min.js [33m404[0m 30.232 ms - 157[0m
[0mGET / [32m200[0m 82.501 ms - 27308[0m
[0mGET /js/dropzone.min.js [33m404[0m 20.534 ms - 157[0m
[0mGET /js/dropzone.js [33m404[0m 22.255 ms - 153[0m
[0mPOST /posts/create [32m200[0m 15.524 ms - 40[0m
[0mGET / [32m200[0m 38.164 ms - 27389[0m
[0mGET /js/dropzone.min.js [33m404[0m 12.093 ms - 157[0m
[0mGET /js/dropzone.js [33m404[0m 13.040 ms - 153[0m
[0mPOST /posts/create [32m200[0m 14.303 ms - 40[0m
[0mGET / [32m200[0m 193.878 ms - 27447[0m
[0mGET /js/dropzone.js [33m404[0m 68.506 ms - 153[0m
[0mGET /js/dropzone.min.js [33m404[0m 70.484 ms - 157[0m
[0mGET / [32m200[0m 77.342 ms - 27452[0m
[0mGET /js/dropzone.min.js [33m404[0m 30.940 ms - 157[0m
[0mGET /js/dropzone.js [33m404[0m 13.970 ms - 153[0m
[0mPOST /posts/create [32m200[0m 14.587 ms - 40[0m
[0mGET / [32m200[0m 201.893 ms - 27373[0m
[0mGET /js/dropzone.min.js [33m404[0m 14.688 ms - 157[0m
[0mGET /js/dropzone.js [33m404[0m 15.829 ms - 153[0m
[0mGET / [32m200[0m 82.531 ms - 27431[0m
[0mGET /js/dropzone.js [33m404[0m 16.108 ms - 153[0m
[0mGET /js/dropzone.min.js [33m404[0m 18.350 ms - 157[0m
[0mPOST /posts/create [32m200[0m 12.827 ms - 40[0m
[0mGET / [32m200[0m 45.414 ms - 27201[0m
[0mGET /js/dropzone.min.js [33m404[0m 17.634 ms - 157[0m
[0mGET /js/dropzone.js [33m404[0m 12.342 ms - 153[0m
[0mPOST /posts/create [32m200[0m 93.758 ms - 40[0m
[0mGET / [36m304[0m 213.058 ms - -[0m
[0mGET /js/dropzone.min.js [33m404[0m 78.582 ms - 157[0m
[0mGET /js/dropzone.js [33m404[0m 14.020 ms - 153[0m
[0mGET / [32m200[0m 112.548 ms - 27247[0m
[0mGET /js/dropzone.min.js [33m404[0m 28.248 ms - 157[0m
[0mGET /js/dropzone.js [33m404[0m 139.005 ms - 153[0m
[0mGET / [32m200[0m 346.550 ms - 35699[0m
[0mGET /js/dropzone.min.js [33m404[0m 38.293 ms - 157[0m
[0mGET /assets/images/avatar/05.jpg [33m404[0m 35.766 ms - 166[0m
[0mGET /uploads/posts/images/undefined [33m404[0m 38.833 ms - 169[0m
[0mGET /js/dropzone.js [33m404[0m 105.814 ms - 153[0m
[0mGET /assets/images/post/3by2/01.jpg [33m404[0m 108.398 ms - 169[0m
[0mGET / [32m200[0m 92.497 ms - 44151[0m
[0mGET /js/dropzone.min.js [33m404[0m 15.836 ms - 157[0m
[0mGET /js/dropzone.js [33m404[0m 17.151 ms - 153[0m
[0mGET /assets/images/post/3by2/01.jpg [33m404[0m 21.831 ms - 169[0m
[0mGET /uploads/posts/images/undefined [33m404[0m 28.285 ms - 169[0m
[0mGET /assets/images/avatar/05.jpg [33m404[0m 147.574 ms - 166[0m
[0mPOST /posts/create [31m500[0m 50.936 ms - 49[0m
[0mGET / [32m200[0m 438.515 ms - 52603[0m
[0mGET /js/dropzone.min.js [33m404[0m 58.408 ms - 157[0m
[0mGET /assets/images/avatar/05.jpg [33m404[0m 55.872 ms - 166[0m
[0mGET /uploads/posts/images/undefined [33m404[0m 52.191 ms - 169[0m
[0mGET /js/dropzone.js [33m404[0m 100.373 ms - 153[0m
[0mGET /assets/images/post/3by2/01.jpg [33m404[0m 108.529 ms - 169[0m
[0mPOST /posts/create [31m500[0m 45.761 ms - 49[0m
[0mGET / [32m200[0m 243.979 ms - 61055[0m
[0mGET /js/dropzone.min.js [33m404[0m 18.953 ms - 157[0m
[0mGET /js/dropzone.js [33m404[0m 21.272 ms - 153[0m
[0mGET /assets/images/post/3by2/01.jpg [33m404[0m 28.414 ms - 169[0m
[0mGET /uploads/posts/images/undefined [33m404[0m 19.161 ms - 169[0m
[0mGET /assets/images/post/3by2/01.jpg [33m404[0m 49.960 ms - 169[0m
[0mGET /assets/images/avatar/05.jpg [33m404[0m 159.802 ms - 166[0m
[0mPOST /posts/create [31m500[0m 62.094 ms - 49[0m
[0mGET / [32m200[0m 78.574 ms - 35726[0m
[0mGET /posts/destroy/64ada6bfcbefddc5c6012cd8 [0m-[0m - ms - -[0m
[0mGET /posts/destroy/64ada6ea620352e2f4302dea [0m-[0m - ms - -[0m
[0mGET /posts/destroy/64ada70ca5ef2fa3b795feb2 [0m-[0m - ms - -[0m
[0mGET /posts/destroy/64ada73e3bcec1250912510a [0m-[0m - ms - -[0m
[0mGET /js/dropzone.min.js [33m404[0m 14.703 ms - 157[0m
[0mGET /js/dropzone.js [33m404[0m 13.474 ms - 153[0m
[0mGET /assets/images/post/3by2/01.jpg [33m404[0m 17.696 ms - 169[0m
[0mGET /assets/images/avatar/05.jpg [33m404[0m 16.606 ms - 166[0m
[0mGET /uploads/posts/images/9ea5b2e9-f55e-41fe-ae58-a5e71131e14e [33m404[0m 126.619 ms - 196[0m
[0mGET / [32m200[0m 49.462 ms - 27247[0m
[0mGET /posts/destroy/64ada76dd0d47c54e1b090c1 [0m-[0m - ms - -[0m
[0mGET /js/dropzone.min.js [33m404[0m 290.068 ms - 157[0m
[0mGET /js/dropzone.js [33m404[0m 290.258 ms - 153[0m
[0mPOST /posts/create [31m500[0m 34.936 ms - 49[0m
[0mGET /posts/create [33m404[0m 5.690 ms - 151[0m
[0mPOST /posts/create [36m302[0m 12.750 ms - 34[0m
[0mGET /users/login [32m200[0m 20.219 ms - 6365[0m
[0mPOST /posts/create [36m302[0m 8.945 ms - 34[0m
[0mGET /users/login [32m200[0m 10.679 ms - 6365[0m
[0mPOST /posts/create [36m302[0m 77.189 ms - 34[0m
[0mGET /users/login [32m200[0m 54.275 ms - 6365[0m
[0mPOST /posts/create [36m302[0m 10.820 ms - 34[0m
[0mGET /users/login [32m200[0m 14.122 ms - 6365[0m
[0mPOST /posts/create [36m302[0m 6.826 ms - 34[0m
[0mGET /users/login [32m200[0m 10.926 ms - 6365[0m
[0mPOST /posts/create [36m302[0m 7.299 ms - 34[0m
[0mGET /users/login [32m200[0m 9.316 ms - 6365[0m
[0mPOST /posts/create [36m302[0m 5.812 ms - 34[0m
[0mGET /users/login [32m200[0m 9.748 ms - 6365[0m
[0mPOST /posts/create [36m302[0m 6.628 ms - 34[0m
[0mGET /users/login [32m200[0m 7.789 ms - 6365[0m
[0mPOST /posts/create [36m302[0m 13.024 ms - 34[0m
[0mGET /users/login [32m200[0m 14.639 ms - 6365[0m
[0mPOST /posts/create [36m302[0m 6.719 ms - 34[0m
[0mGET /users/login [32m200[0m 10.090 ms - 6365[0m
[0mPOST /posts/create [36m302[0m 7.599 ms - 34[0m
[0mGET /users/login [32m200[0m 14.328 ms - 6365[0m
[0mPOST /posts/create [36m302[0m 27.866 ms - 23[0m
[0mGET / [32m200[0m 64.100 ms - 44356[0m
[0mPOST /posts/create [36m302[0m 15.501 ms - 23[0m
[0mGET / [32m200[0m 60.206 ms - 52820[0m
[0mPOST /posts/create [31m500[0m 13.372 ms - 35[0m
[0mPOST /posts/create [36m302[0m 26.846 ms - 23[0m
[0mGET / [32m200[0m 71.145 ms - 69736[0m
[0mPOST /posts/create [36m302[0m 18.746 ms - 23[0m
[0mGET / [32m200[0m 80.648 ms - 78200[0m
[0mPOST /posts/create [31m500[0m 17.754 ms - 35[0m
[0mPOST /posts/create [36m302[0m 29.793 ms - 23[0m
[0mGET / [32m200[0m 86.008 ms - 86664[0m
[0mPOST /posts/create [31m500[0m 18.620 ms - 35[0m
[0mPOST /posts/create [36m302[0m 30.278 ms - 23[0m
[0mGET / [32m200[0m 67.221 ms - 103580[0m
[0mPOST /posts/create [36m302[0m 15.857 ms - 23[0m
[0mGET / [32m200[0m 61.400 ms - 112044[0m
[0mPOST /posts/create [36m302[0m 16.706 ms - 23[0m
[0mGET / [32m200[0m 158.188 ms - 120508[0m
[0mPOST /posts/create [36m302[0m 20.502 ms - 23[0m
[0mGET / [32m200[0m 83.225 ms - 128972[0m
[0mGET / [32m200[0m 93.254 ms - 128806[0m
[0mGET /js/dropzone.min.js [33m404[0m 23.238 ms - 157[0m
[0mGET /js/dropzone.js [33m404[0m 35.074 ms - 153[0m
[0mGET /assets/images/avatar/05.jpg [33m404[0m 30.630 ms - 166[0m
[0mGET /uploads/posts/images/nacohar [33m404[0m 110.167 ms - 167[0m
[0mGET /uploads/posts/images/35f567dd-0878-407a-9321-e4e1911c035e [33m404[0m 91.433 ms - 196[0m
[0mGET /assets/images/post/3by2/01.jpg [33m404[0m 180.311 ms - 169[0m
[0mGET /assets/images/avatar/05.jpg [33m404[0m 14.168 ms - 166[0m
[0mGET /posts/destroy/64adabb5327fa363730352b9 [32m200[0m 52.218 ms - 76[0m
[0mPOST /posts/create [36m302[0m 16.237 ms - 23[0m
[0mGET / [32m200[0m 64.947 ms - 128972[0m
[0mGET /posts/destroy/64adabab327fa363730352b1 [32m200[0m 55.998 ms - 76[0m
[0mGET /posts/destroy/64adaba2327fa363730352a9 [32m200[0m 47.488 ms - 76[0m
[0mGET /posts/destroy/64adaba0327fa363730352a1 [32m200[0m 46.614 ms - 76[0m
[0mPOST /posts/create [36m302[0m 17.275 ms - 23[0m
[0mGET / [32m200[0m 70.195 ms - 103592[0m
[0mGET / [32m200[0m 445.627 ms - 103426[0m
[0mGET /posts/destroy/64adab5fe16c6063418f5aff [0m-[0m - ms - -[0m
[0mGET /js/dropzone.min.js [33m404[0m 20.188 ms - 157[0m
[0mGET /js/dropzone.js [33m404[0m 23.262 ms - 153[0m
[0mGET /assets/images/post/3by2/01.jpg [33m404[0m 28.078 ms - 169[0m
[0mGET /uploads/posts/images/nacohar [33m404[0m 14.269 ms - 167[0m
[0mGET /uploads/posts/images/35f567dd-0878-407a-9321-e4e1911c035e [33m404[0m 15.866 ms - 196[0m
[0mGET /assets/images/avatar/05.jpg [33m404[0m 98.362 ms - 166[0m
[0mGET / [32m200[0m 133.468 ms - 94947[0m
[0mGET /posts/destroy/64ada7e394b37b09f901a54b [0m-[0m - ms - -[0m
[0mGET /js/dropzone.min.js [33m404[0m 12.695 ms - 157[0m
[0mGET /js/dropzone.js [33m404[0m 12.735 ms - 153[0m
[0mGET /assets/images/post/3by2/01.jpg [33m404[0m 13.981 ms - 169[0m
[0mGET /assets/images/avatar/05.jpg [33m404[0m 11.844 ms - 166[0m
[0mGET /uploads/posts/images/nacohar [33m404[0m 17.782 ms - 167[0m
[0mGET /assets/images/avatar/05.jpg [33m404[0m 15.899 ms - 166[0m
[0mGET /assets/images/post/3by2/01.jpg [33m404[0m 17.338 ms - 169[0m
[0mGET / [31m500[0m 256.195 ms - 2479[0m
[0mGET / [32m200[0m 126.138 ms - 63312[0m
[0mGET /js/dropzone.min.js [33m404[0m 18.142 ms - 157[0m
[0mGET /assets/images/avatar/05.jpg [33m404[0m 16.076 ms - 166[0m
[0mGET /uploads/posts/images/nacohar [33m404[0m 35.993 ms - 167[0m
[0mGET /js/dropzone.js [33m404[0m 133.047 ms - 153[0m
[0mGET /assets/images/post/3by2/01.jpg [33m404[0m 129.187 ms - 169[0m
[0mGET /users/login [36m304[0m 12.069 ms - -[0m
[0mPOST /users/create-session [36m302[0m 55.215 ms - 68[0m
[0mGET /users/login [32m200[0m 115.023 ms - 6538[0m
[0mPOST /users/create-session [36m302[0m 34.279 ms - 46[0m
[0mGET / [32m200[0m 102.182 ms - 95231[0m
[0mGET /js/dropzone.min.js [33m404[0m 25.815 ms - 157[0m
[0mGET /js/dropzone.js [33m404[0m 28.604 ms - 153[0m
[0mGET /assets/images/post/3by2/01.jpg [33m404[0m 32.201 ms - 169[0m
[0mGET /uploads/posts/images/nacohar [33m404[0m 18.448 ms - 167[0m
[0mGET /assets/images/avatar/05.jpg [33m404[0m 99.053 ms - 166[0m
[0mPOST /posts/create [36m302[0m 15.658 ms - 34[0m
[0mGET /users/login [32m200[0m 16.667 ms - 6365[0m
[0mPOST /posts/create [36m302[0m 6.758 ms - 34[0m
[0mGET /users/login [32m200[0m 13.386 ms - 6365[0m
[0mPOST /posts/create [36m302[0m 13.444 ms - 34[0m
[0mGET /users/login [32m200[0m 11.054 ms - 6365[0m
[0mPOST /posts/create [36m302[0m 7.087 ms - 34[0m
[0mGET /users/login [32m200[0m 8.671 ms - 6365[0m
[0mGET /users/login [0m-[0m - ms - -[0m
[0mPOST /posts/create [36m302[0m 7.324 ms - 34[0m
[0mPOST /posts/create [0m-[0m - ms - -[0m
[0mPOST /posts/create [36m302[0m 13.689 ms - 34[0m
[0mGET /users/login [32m200[0m 10.042 ms - 6365[0m
[0mPOST /posts/create [36m302[0m 25.255 ms - 34[0m
[0mGET /users/login [32m200[0m 41.616 ms - 6365[0m
[0mGET / [32m200[0m 383.022 ms - 95059[0m
[0mGET /js/dropzone.min.js [33m404[0m 17.786 ms - 157[0m
[0mGET /js/dropzone.js [33m404[0m 39.022 ms - 153[0m
[0mGET /assets/images/post/3by2/01.jpg [33m404[0m 44.016 ms - 169[0m
[0mGET /assets/images/avatar/05.jpg [33m404[0m 50.890 ms - 166[0m
[0mGET /uploads/posts/images/nacohar [33m404[0m 38.556 ms - 167[0m
[0mGET /assets/images/post/3by2/01.jpg [33m404[0m 14.793 ms - 169[0m
[0mGET /posts/destroy/64adaa2a137bccf75e237541 [32m200[0m 57.978 ms - 76[0m
[0mGET /posts/destroy/64adaa3e137bccf75e237549 [32m200[0m 42.121 ms - 76[0m
[0mGET /posts/destroy/64adaad425648933d7b5506c [32m200[0m 36.510 ms - 76[0m
[0mGET /posts/destroy/64adaae025648933d7b55074 [32m200[0m 48.357 ms - 76[0m
[0mGET /posts/destroy/64adab4ce16c6063418f5af7 [32m200[0m 42.694 ms - 76[0m
[0mGET /posts/destroy/64adabd4327fa363730352d3 [32m200[0m 46.084 ms - 76[0m
[0mGET /posts/destroy/64adabea327fa363730352f3 [32m200[0m 46.725 ms - 76[0m
[0mGET / [32m200[0m 378.462 ms - 27247[0m
[0mGET /posts/destroy/64adaa90137bccf75e237551 [0m-[0m - ms - -[0m
[0mGET /js/dropzone.js [33m404[0m 16.891 ms - 153[0m
[0mGET /js/dropzone.min.js [33m404[0m 18.394 ms - 157[0m
[0mGET / [36m304[0m 96.122 ms - -[0m
[0mGET /js/dropzone.min.js [33m404[0m 14.007 ms - 157[0m
[0mGET /js/dropzone.js [33m404[0m 14.346 ms - 153[0m
[0mGET /users/profile/649d49f2f2b40706ee4d5886 [36m304[0m 37.415 ms - -[0m
[0mGET / [36m304[0m 399.374 ms - -[0m
[0mGET /js/dropzone.js [33m404[0m 14.266 ms - 153[0m
[0mGET /js/dropzone.min.js [33m404[0m 17.890 ms - 157[0m
[0mPOST /posts/create [31m500[0m 41.359 ms - 271[0m
[0mGET / [32m200[0m 490.448 ms - 35742[0m
[0mGET /js/dropzone.js [33m404[0m 35.334 ms - 153[0m
[0mGET /assets/images/avatar/05.jpg [33m404[0m 33.429 ms - 166[0m
[0mGET /uploads/posts/images/undefined [33m404[0m 33.733 ms - 169[0m
[0mGET /js/dropzone.min.js [33m404[0m 138.691 ms - 157[0m
[0mGET /assets/images/post/3by2/01.jpg [33m404[0m 149.777 ms - 169[0m
[0mPOST /posts/create [31m500[0m 41.948 ms - 271[0m
[0mGET / [32m200[0m 74.609 ms - 44209[0m
[0mGET /js/dropzone.min.js [33m404[0m 49.106 ms - 157[0m
[0mGET /assets/images/avatar/05.jpg [33m404[0m 41.250 ms - 166[0m
[0mGET /uploads/posts/images/undefined [33m404[0m 42.879 ms - 169[0m
[0mGET /js/dropzone.js [33m404[0m 104.002 ms - 153[0m
[0mGET /assets/images/post/3by2/01.jpg [33m404[0m 102.898 ms - 169[0m
[0mGET / [32m200[0m 188.498 ms - 27246[0m
[0mGET /posts/destroy/64ae13317ea2043f2ab88f76 [0m-[0m - ms - -[0m
[0mGET /posts/destroy/64ae12b6e8d7f34d218d5d20 [0m-[0m - ms - -[0m
[0mGET /js/dropzone.min.js [33m404[0m 19.852 ms - 157[0m
[0mGET /js/dropzone.js [33m404[0m 17.487 ms - 153[0m
[0mGET / [32m200[0m 348.906 ms - 27229[0m
[0mGET /js/dropzone.min.js [33m404[0m 19.796 ms - 157[0m
[0mGET /js/dropzone.js [33m404[0m 90.874 ms - 153[0m
[0mGET / [32m200[0m 177.876 ms - 27213[0m
[0mGET /js/dropzone.min.js [33m404[0m 16.426 ms - 157[0m
[0mGET /js/dropzone.js [33m404[0m 17.724 ms - 153[0m
[0mPOST /posts/create [31m500[0m 39.988 ms - 370[0m
[0mGET / [32m200[0m 100.199 ms - 35680[0m
[0mGET /js/dropzone.min.js [33m404[0m 27.060 ms - 157[0m
[0mGET /assets/images/avatar/05.jpg [33m404[0m 26.915 ms - 166[0m
[0mGET /uploads/posts/images/undefined [33m404[0m 34.526 ms - 169[0m
[0mGET /js/dropzone.js [33m404[0m 130.847 ms - 153[0m
[0mGET /assets/images/post/3by2/01.jpg [33m404[0m 127.107 ms - 169[0m
[0mPOST /posts/create [31m500[0m 142.573 ms - 401[0m
[0mGET / [32m200[0m 125.840 ms - 44178[0m
[0mGET /js/dropzone.min.js [33m404[0m 15.474 ms - 157[0m
[0mGET /js/dropzone.js [33m404[0m 26.680 ms - 153[0m
[0mGET /assets/images/post/3by2/01.jpg [33m404[0m 27.284 ms - 169[0m
[0mGET /uploads/posts/images/undefined [33m404[0m 38.815 ms - 169[0m
[0mGET /assets/images/avatar/05.jpg [33m404[0m 134.992 ms - 166[0m
[0mGET /uploads/posts/images/afcd8ea7-cf37-4f23-b12e-3b724f7eca8a.png [33m404[0m 135.414 ms - 200[0m
[0mGET / [32m200[0m 122.835 ms - 44281[0m
[0mGET /js/dropzone.min.js [33m404[0m 27.314 ms - 157[0m
[0mGET /assets/images/avatar/05.jpg [33m404[0m 33.215 ms - 166[0m
[0mGET /uploads/posts/images/afcd8ea7-cf37-4f23-b12e-3b724f7eca8a.png [33m404[0m 39.297 ms - 200[0m
[0mGET /uploads/posts/images/undefined [33m404[0m 72.052 ms - 169[0m
[0mGET /js/dropzone.js [33m404[0m 126.730 ms - 153[0m
[0mGET /assets/images/post/3by2/01.jpg [33m404[0m 124.985 ms - 169[0m
[0mGET / [36m304[0m 118.626 ms - -[0m
[0mGET /js/dropzone.min.js [33m404[0m 13.137 ms - 157[0m
[0mGET /js/dropzone.js [33m404[0m 23.012 ms - 153[0m
[0mGET /assets/images/post/3by2/01.jpg [33m404[0m 26.482 ms - 169[0m
[0mGET /uploads/posts/images/undefined [33m404[0m 27.546 ms - 169[0m
[0mGET /uploads/posts/images/afcd8ea7-cf37-4f23-b12e-3b724f7eca8a.png [33m404[0m 137.220 ms - 200[0m
[0mGET /assets/images/avatar/05.jpg [33m404[0m 143.750 ms - 166[0m
[0mGET / [36m304[0m 452.303 ms - -[0m
[0mGET /js/dropzone.min.js [33m404[0m 32.920 ms - 157[0m
[0mGET /assets/images/avatar/05.jpg [33m404[0m 24.158 ms - 166[0m
[0mGET /uploads/posts/images/afcd8ea7-cf37-4f23-b12e-3b724f7eca8a.png [33m404[0m 36.102 ms - 200[0m
[0mGET /uploads/posts/images/undefined [33m404[0m 39.256 ms - 169[0m
[0mGET /js/dropzone.js [33m404[0m 103.032 ms - 153[0m
[0mGET /assets/images/post/3by2/01.jpg [33m404[0m 98.547 ms - 169[0m
[0mGET / [32m200[0m 77.627 ms - 44241[0m
[0mGET /js/dropzone.min.js [33m404[0m 13.938 ms - 157[0m
[0mGET /js/dropzone.js [33m404[0m 14.010 ms - 153[0m
[0mGET /assets/images/post/3by2/01.jpg [33m404[0m 14.026 ms - 169[0m
[0mGET /assets/images/avatar/05.jpg [33m404[0m 19.783 ms - 166[0m
[0mGET /uploads/posts/images/afcd8ea7-cf37-4f23-b12e-3b724f7eca8a.png [33m404[0m 14.503 ms - 200[0m
[0mGET /uploads/posts/images/undefined [33m404[0m 15.320 ms - 169[0m
[0mGET /assets/images/post/3by2/01.jpg [33m404[0m 66.597 ms - 169[0m
[0mGET /assets/images/avatar/05.jpg [33m404[0m 161.078 ms - 166[0m
[0mGET / [32m200[0m 96.384 ms - 44191[0m
[0mGET /js/dropzone.min.js [33m404[0m 27.511 ms - 157[0m
[0mGET /assets/images/avatar/05.jpg [33m404[0m 35.273 ms - 166[0m
[0mGET /uploads/posts/images/afcd8ea7-cf37-4f23-b12e-3b724f7eca8a.png [33m404[0m 125.085 ms - 200[0m
[0mGET /uploads/posts/images/undefined [33m404[0m 128.718 ms - 169[0m
[0mGET /assets/images/post/3by2/01.jpg [33m404[0m 163.841 ms - 169[0m
[0mGET /js/dropzone.js [33m404[0m 171.949 ms - 153[0m
[0mGET / [36m304[0m 170.346 ms - -[0m
[0mGET /js/dropzone.min.js [33m404[0m 13.818 ms - 157[0m
[0mGET /js/dropzone.js [33m404[0m 20.604 ms - 153[0m
[0mGET /assets/images/post/3by2/01.jpg [33m404[0m 13.372 ms - 169[0m
[0mGET /assets/images/avatar/05.jpg [33m404[0m 16.002 ms - 166[0m
[0mGET /uploads/posts/images/afcd8ea7-cf37-4f23-b12e-3b724f7eca8a.png [33m404[0m 13.312 ms - 200[0m
[0mGET /uploads/posts/images/undefined [33m404[0m 15.474 ms - 169[0m
[0mGET /assets/images/post/3by2/01.jpg [33m404[0m 15.729 ms - 169[0m
[0mGET /assets/images/avatar/05.jpg [33m404[0m 115.907 ms - 166[0m
[0mGET / [32m200[0m 101.515 ms - 27215[0m
[0mGET /js/dropzone.min.js [33m404[0m 21.949 ms - 157[0m
[0mGET /js/dropzone.js [33m404[0m 138.465 ms - 153[0m
[0mGET / [36m304[0m 438.193 ms - -[0m
[0mGET /js/dropzone.min.js [33m404[0m 18.404 ms - 157[0m
[0mGET /js/dropzone.js [33m404[0m 112.181 ms - 153[0m
[0mGET / [32m200[0m 116.439 ms - 28055[0m
[0mGET /js/dropzone.min.js [33m404[0m 45.026 ms - 157[0m
[0mGET /js/dropzone.js [33m404[0m 149.761 ms - 153[0m
[0mGET / [32m200[0m 107.177 ms - 28010[0m
[0mGET /js/dropzone.min.js [33m404[0m 21.011 ms - 157[0m
[0mGET /js/dropzone.js [33m404[0m 127.535 ms - 153[0m
[0mGET / [32m200[0m 384.256 ms - 28109[0m
[0mGET /js/dropzone.min.js [33m404[0m 51.005 ms - 157[0m
[0mGET /js/dropzone.js [33m404[0m 179.030 ms - 153[0m
[0mGET / [32m200[0m 126.491 ms - 28078[0m
[0mGET /js/dropzone.min.js [33m404[0m 37.130 ms - 157[0m
[0mGET /js/dropzone.js [33m404[0m 36.557 ms - 153[0m
[0mPOST /posts/create [31m500[0m 26.619 ms - 35[0m
[0mGET / [36m304[0m 71.251 ms - -[0m
[0mGET /js/dropzone.min.js [33m404[0m 21.292 ms - 157[0m
[0mGET /js/dropzone.js [33m404[0m 193.112 ms - 153[0m
[0mPOST /posts/create [31m500[0m 24.742 ms - 35[0m
[0mGET / [36m304[0m 129.063 ms - -[0m
[0mGET /js/dropzone.min.js [33m404[0m 27.250 ms - 157[0m
[0mGET /js/dropzone.js [33m404[0m 175.321 ms - 153[0m
[0mPOST /posts/create [31m500[0m 25.607 ms - 35[0m
[0mGET / [36m304[0m 67.736 ms - -[0m
[0mGET /js/dropzone.min.js [33m404[0m 28.428 ms - 157[0m
[0mGET /js/dropzone.js [33m404[0m 20.626 ms - 153[0m
[0mGET / [36m304[0m 397.829 ms - -[0m
[0mGET /js/dropzone.min.js [33m404[0m 22.938 ms - 157[0m
[0mGET /js/dropzone.js [33m404[0m 89.649 ms - 153[0m
[0mGET / [36m304[0m 67.018 ms - -[0m
[0mGET /js/dropzone.min.js [33m404[0m 25.367 ms - 157[0m
[0mGET /js/dropzone.js [33m404[0m 141.678 ms - 153[0m
[0mPOST /posts/create [31m500[0m 27.217 ms - 35[0m
[0mGET / [36m304[0m 154.799 ms - -[0m
[0mGET /js/dropzone.min.js [33m404[0m 84.610 ms - 157[0m
[0mGET /js/dropzone.js [33m404[0m 117.107 ms - 153[0m
[0mGET / [32m200[0m 555.973 ms - 28120[0m
[0mGET /js/dropzone.min.js [33m404[0m 39.190 ms - 157[0m
[0mGET /js/dropzone.js [33m404[0m 94.466 ms - 153[0m
[0mGET / [32m200[0m 324.186 ms - 28019[0m
[0mGET /js/dropzone.min.js [33m404[0m 19.282 ms - 157[0m
[0mGET /js/dropzone.js [33m404[0m 32.935 ms - 153[0m
[0mGET / [32m200[0m 54.773 ms - 27825[0m
[0mGET /js/dropzone.min.js [33m404[0m 14.137 ms - 157[0m
[0mGET /js/dropzone.js [33m404[0m 17.337 ms - 153[0m
[0mGET / [32m200[0m 365.122 ms - 8276[0m
[0mGET /js/dropzone.js [33m404[0m 112.904 ms - 153[0m
[0mGET /js/dropzone.min.js [33m404[0m 702.755 ms - 157[0m
[0mGET /js/dropzone.min.js [33m404[0m 43.967 ms - 157[0m
[0mGET /js/dropzone.js [33m404[0m 6.741 ms - 153[0m
[0mGET /users/login [32m200[0m 38.344 ms - 6365[0m
[0mPOST /users/create-session [36m302[0m 44.159 ms - 46[0m
[0mGET / [32m200[0m 43.965 ms - 28020[0m
[0mGET /js/dropzone.min.js [33m404[0m 418.596 ms - 157[0m
[0mGET /js/dropzone.js [33m404[0m 420.340 ms - 153[0m
[0mGET /js/dropzone.min.js [33m404[0m 40.968 ms - 157[0m
[0mGET /js/dropzone.js [33m404[0m 12.502 ms - 153[0m
[0mGET / [32m200[0m 113.431 ms - 27848[0m
[0mGET /js/dropzone.min.js [33m404[0m 41.203 ms - 157[0m
[0mGET /js/dropzone.js [33m404[0m 194.905 ms - 153[0m
[0mPOST /posts/create [31m500[0m 98.815 ms - 35[0m
[0mPOST /posts/create [36m302[0m 36.306 ms - 34[0m
[0mGET /users/login [32m200[0m 42.434 ms - 6365[0m
[0mPOST /posts/create [36m302[0m 10.423 ms - 34[0m
[0mGET /users/login [32m200[0m 13.931 ms - 6365[0m
[0mPOST /posts/create [36m302[0m 13.771 ms - 34[0m
[0mGET /users/login [32m200[0m 17.183 ms - 6365[0m
[0mPOST /posts/create [36m302[0m 167.769 ms - 23[0m
[0mGET / [32m200[0m 121.851 ms - 44972[0m
[0mPOST /posts/create [36m302[0m 55.574 ms - 23[0m
[0mGET / [32m200[0m 90.776 ms - 53451[0m
[0mPOST /posts/create [36m302[0m 41.938 ms - 23[0m
[0mGET / [32m200[0m 96.317 ms - 61930[0m
[0mGET / [32m200[0m 93.124 ms - 61764[0m
[0mGET /js/dropzone.min.js [33m404[0m 158.638 ms - 157[0m
[0mGET /assets/images/avatar/05.jpg [33m404[0m 21.475 ms - 166[0m
[0mGET /js/dropzone.js [33m404[0m 162.148 ms - 153[0m
[0mGET /assets/images/post/3by2/01.jpg [33m404[0m 120.065 ms - 169[0m
[0mGET /js/dropzone.min.js [33m404[0m 480.995 ms - 157[0m
[0mGET /js/dropzone.js [33m404[0m 39.811 ms - 153[0m
[0mGET /posts/destroy/64ae20996e36e6f2751d320c [32m200[0m 51.939 ms - 76[0m
[0mGET /posts/destroy/64ae214f955855d0754aab09 [32m200[0m 58.632 ms - 76[0m
[0mGET /posts/destroy/64ae219f5475757d3e4f25e5 [32m200[0m 49.889 ms - 76[0m
[0mGET /posts/destroy/64ae21b7839b332b3e32879c [32m200[0m 53.975 ms - 76[0m
[0mGET / [32m200[0m 36.833 ms - 27848[0m
[0mGET /js/dropzone.min.js [33m404[0m 240.113 ms - 157[0m
[0mGET /js/dropzone.js [33m404[0m 503.047 ms - 153[0m
[0mPOST /posts/create [36m302[0m 82.108 ms - 23[0m
[0mGET / [32m200[0m 81.617 ms - 36493[0m
[0mGET / [32m200[0m 78.093 ms - 36327[0m
[0mGET /js/dropzone.min.js [33m404[0m 126.683 ms - 157[0m
[0mGET /assets/images/post/3by2/01.jpg [33m404[0m 54.747 ms - 169[0m
[0mGET /js/dropzone.js [33m404[0m 214.956 ms - 153[0m
[0mGET /assets/images/avatar/05.jpg [33m404[0m 119.181 ms - 166[0m
[0mGET /js/dropzone.min.js [33m404[0m 909.274 ms - 157[0m
[0mGET /js/dropzone.js [33m404[0m 20.671 ms - 153[0m
[0mPOST /posts/create [0m-[0m - ms - -[0m
[0mGET / [32m200[0m 58.240 ms - 44804[0m
[0mGET /js/dropzone.min.js [33m404[0m 142.290 ms - 157[0m
[0mGET /js/dropzone.js [33m404[0m 190.314 ms - 153[0m
[0mGET /assets/images/avatar/05.jpg [33m404[0m 50.399 ms - 166[0m
[0mGET /assets/images/post/3by2/01.jpg [33m404[0m 53.385 ms - 169[0m
[0mGET /js/dropzone.min.js [33m404[0m 382.350 ms - 157[0m
[0mGET /js/dropzone.js [33m404[0m 13.423 ms - 153[0m
[0mPOST /posts/create [0m-[0m - ms - -[0m
[0mGET / [32m200[0m 111.685 ms - 53291[0m
[0mGET /js/dropzone.js [33m404[0m 18.417 ms - 153[0m
[0mGET /js/dropzone.min.js [33m404[0m 21.182 ms - 157[0m
[0mGET /assets/images/post/3by2/01.jpg [33m404[0m 22.369 ms - 169[0m
[0mGET /js/dropzone.min.js [33m404[0m 320.331 ms - 157[0m
[0mGET /assets/images/avatar/05.jpg [33m404[0m 986.531 ms - 166[0m
[0mGET /js/dropzone.js [33m404[0m 41.100 ms - 153[0m
[0mGET /posts/destroy/64ae23708bbb82cd622b5b0a [32m200[0m 70.291 ms - 76[0m
[0mGET / [32m200[0m 59.914 ms - 44588[0m
[0mGET /js/dropzone.js [33m404[0m 14.232 ms - 153[0m
[0mGET /js/dropzone.min.js [33m404[0m 17.533 ms - 157[0m
[0mGET /assets/images/avatar/05.jpg [33m404[0m 15.565 ms - 166[0m
[0mGET /assets/images/avatar/05.jpg [33m404[0m 477.531 ms - 166[0m
[0mGET /js/dropzone.min.js [33m404[0m 260.423 ms - 157[0m
[0mGET /js/dropzone.js [33m404[0m 16.447 ms - 153[0m
[0mGET / [36m304[0m 70.751 ms - -[0m
[0mGET /js/dropzone.min.js [33m404[0m 26.247 ms - 157[0m
[0mGET /assets/images/avatar/05.jpg [33m404[0m 18.125 ms - 166[0m
[0mGET /js/dropzone.js [33m404[0m 20.992 ms - 153[0m
[0mGET /js/dropzone.min.js [33m404[0m 168.395 ms - 157[0m
[0mGET /js/dropzone.js [33m404[0m 14.302 ms - 153[0m
[0mGET /posts/destroy/64ae21ffb786bfa5d2ec3889 [32m200[0m 46.538 ms - 76[0m
[0mGET / [32m200[0m 210.362 ms - 15046[0m
[0mGET /js/dropzone.min.js [33m404[0m 18.749 ms - 157[0m
[0mGET /js/dropzone.js [33m404[0m 146.111 ms - 153[0m
[0mGET /assets/images/avatar/05.jpg [33m404[0m 141.847 ms - 166[0m
[0mGET /users/login [32m200[0m 35.798 ms - 6365[0m
[0mPOST /users/create-session [36m302[0m 38.059 ms - 46[0m
[0mGET / [32m200[0m 298.549 ms - 36388[0m
[0mGET /js/dropzone.min.js [33m404[0m 16.715 ms - 157[0m
[0mGET /js/dropzone.js [33m404[0m 85.247 ms - 153[0m
[0mGET /assets/images/avatar/05.jpg [33m404[0m 104.458 ms - 166[0m
[0mGET /posts/destroy/64ae22f18bbb82cd622b5afc [32m200[0m 43.892 ms - 76[0m
[0mGET / [32m200[0m 62.434 ms - 36248[0m
[0mPOST /posts/create [0m-[0m - ms - -[0m
[0mGET /js/dropzone.min.js [33m404[0m 63.929 ms - 157[0m
[0mGET /js/dropzone.js [33m404[0m 20.786 ms - 153[0m
[0mGET /assets/images/avatar/05.jpg [33m404[0m 23.541 ms - 166[0m
[0mGET / [32m200[0m 65.752 ms - 35379[0m
[0mGET /js/dropzone.min.js [33m404[0m 47.017 ms - 157[0m
[0mGET /js/dropzone.js [33m404[0m 17.414 ms - 153[0m
[0mGET /assets/images/avatar/05.jpg [33m404[0m 99.726 ms - 166[0m
[0mGET / [32m200[0m 439.076 ms - 35723[0m
[0mGET /js/dropzone.min.js [33m404[0m 25.568 ms - 157[0m
[0mGET /js/dropzone.js [33m404[0m 27.581 ms - 153[0m
[0mGET /assets/images/avatar/05.jpg [33m404[0m 24.510 ms - 166[0m
[0mGET / [36m304[0m 88.087 ms - -[0m
[0mGET /js/dropzone.min.js [33m404[0m 26.331 ms - 157[0m
[0mGET /js/dropzone.js [33m404[0m 27.711 ms - 153[0m
[0mGET /assets/images/avatar/05.jpg [33m404[0m 15.873 ms - 166[0m
[0mGET / [32m200[0m 121.695 ms - 60839[0m
[0mPOST /posts/create [0m-[0m - ms - -[0m
[0mPOST /posts/create [0m-[0m - ms - -[0m
[0mGET /js/dropzone.min.js [33m404[0m 15.994 ms - 157[0m
[0mGET /js/dropzone.js [33m404[0m 12.379 ms - 153[0m
[0mGET /assets/images/avatar/05.jpg [33m404[0m 13.397 ms - 166[0m
[0mGET /assets/images/avatar/05.jpg [33m404[0m 25.827 ms - 166[0m
[0mGET /posts/destroy/64ae3d368bb63530147e2ea1 [32m200[0m 85.535 ms - 76[0m
[0mGET /posts/destroy/64ae3d4b38062329c6c86a71 [32m200[0m 64.588 ms - 76[0m
[0mGET /posts/destroy/64ae3d7738062329c6c86a74 [32m200[0m 49.831 ms - 76[0m
[0mGET / [32m200[0m 322.724 ms - 44091[0m
[0mPOST /posts/create [0m-[0m - ms - -[0m
[0mGET /js/dropzone.min.js [33m404[0m 33.780 ms - 157[0m
[0mGET /js/dropzone.js [33m404[0m 106.114 ms - 153[0m
[0mGET /assets/images/avatar/05.jpg [33m404[0m 106.011 ms - 166[0m
[0mGET / [32m200[0m 97.489 ms - 52463[0m
[0mPOST /posts/create [0m-[0m - ms - -[0m
[0mGET /js/dropzone.min.js [33m404[0m 26.622 ms - 157[0m
[0mGET /js/dropzone.js [33m404[0m 26.956 ms - 153[0m
[0mGET /assets/images/avatar/05.jpg [33m404[0m 22.095 ms - 166[0m
[0mGET /uploads/posts/images/image-1689140670095 [33m404[0m 149.464 ms - 179[0m
[0mGET /posts/destroy/64ae3d9638062329c6c86a92 [32m200[0m 44.945 ms - 76[0m
[0mGET / [32m200[0m 288.453 ms - 35723[0m
[0mGET /posts/destroy/64ae3dbe38062329c6c86a9d [0m-[0m - ms - -[0m
[0mGET /js/dropzone.js [33m404[0m 21.725 ms - 153[0m
[0mGET /js/dropzone.min.js [33m404[0m 23.817 ms - 157[0m
[0mGET /assets/images/avatar/05.jpg [33m404[0m 24.215 ms - 166[0m
[0mGET / [36m304[0m 82.396 ms - -[0m
[0mGET /js/dropzone.min.js [33m404[0m 15.704 ms - 157[0m
[0mGET /js/dropzone.js [33m404[0m 14.737 ms - 153[0m
[0mGET /assets/images/avatar/05.jpg [33m404[0m 17.783 ms - 166[0m
[0mGET / [32m200[0m 382.234 ms - 44091[0m
[0mPOST /posts/create [0m-[0m - ms - -[0m
[0mGET /js/dropzone.min.js [33m404[0m 33.780 ms - 157[0m
[0mGET /js/dropzone.js [33m404[0m 113.512 ms - 153[0m
[0mGET /assets/images/avatar/05.jpg [33m404[0m 114.164 ms - 166[0m
[0mGET / [32m200[0m 128.290 ms - 44102[0m
[0mGET /js/dropzone.min.js [33m404[0m 20.239 ms - 157[0m
[0mGET /js/dropzone.js [33m404[0m 21.813 ms - 153[0m
[0mGET /assets/images/avatar/05.jpg [33m404[0m 32.654 ms - 166[0m
[0mGET / [36m304[0m 307.770 ms - -[0m
[0mGET /js/dropzone.min.js [33m404[0m 56.869 ms - 157[0m
[0mGET /js/dropzone.js [33m404[0m 129.327 ms - 153[0m
[0mGET /assets/images/avatar/05.jpg [33m404[0m 144.086 ms - 166[0m
[0mGET / [36m304[0m 313.695 ms - -[0m
[0mGET /js/dropzone.min.js [33m404[0m 20.489 ms - 157[0m
[0mGET /js/dropzone.js [33m404[0m 21.308 ms - 153[0m
[0mGET /assets/images/avatar/05.jpg [33m404[0m 19.835 ms - 166[0m
[0mGET / [32m200[0m 81.387 ms - 44103[0m
[0mGET /js/dropzone.min.js [33m404[0m 20.311 ms - 157[0m
[0mGET /js/dropzone.js [33m404[0m 15.658 ms - 153[0m
[0mGET /assets/images/avatar/05.jpg [33m404[0m 16.501 ms - 166[0m
[0mGET /assets/images/avatar/05.jpg [33m404[0m 57.452 ms - 166[0m
[0mGET / [36m304[0m 127.214 ms - -[0m
[0mGET /js/dropzone.min.js [33m404[0m 173.490 ms - 157[0m
[0mGET /js/dropzone.js [33m404[0m 231.285 ms - 153[0m
[0mGET /assets/images/avatar/05.jpg [33m404[0m 227.103 ms - 166[0m
[0mGET / [36m304[0m 399.720 ms - -[0m
[0mGET /js/dropzone.min.js [33m404[0m 28.901 ms - 157[0m
[0mGET /js/dropzone.js [33m404[0m 45.197 ms - 153[0m
[0mGET /assets/images/avatar/05.jpg [33m404[0m 158.321 ms - 166[0m
[0mPOST /posts/create/?video=true [36m302[0m 31.119 ms - 44[0m
[0mPOST /posts/create/?video=true [36m302[0m 44.114 ms - 44[0m
[0mPOST /posts/create/?video=true [36m302[0m 67.769 ms - 44[0m
[0mPOST /posts/create/?video=true [36m302[0m 48.099 ms - 44[0m
[0mPOST /posts/create/?video=true [36m302[0m 74.086 ms - 44[0m
[0mPOST /posts/create/?video=true [36m302[0m 33.593 ms - 44[0m
[0mPOST /posts/create/?video=true [36m302[0m 78.161 ms - 44[0m
[0mPOST /posts/create/?video=true [36m302[0m 40.386 ms - 44[0m
[0mGET / [32m200[0m 101.870 ms - 52520[0m
[0mGET / [32m200[0m 128.778 ms - 52354[0m
[0mGET /js/dropzone.min.js [33m404[0m 32.431 ms - 157[0m
[0mGET /js/dropzone.js [33m404[0m 160.967 ms - 153[0m
[0mGET /assets/images/avatar/05.jpg [33m404[0m 156.991 ms - 166[0m
[0mGET /posts/destroy/64ae3fc5765f64b2e51f49a8 [32m200[0m 53.668 ms - 76[0m
[0mGET /posts/destroy/64ae4391cfa7f91315642498 [32m200[0m 44.864 ms - 76[0m
[0mGET / [32m200[0m 452.697 ms - 35735[0m
[0mGET /js/dropzone.min.js [33m404[0m 20.212 ms - 157[0m
[0mGET /js/dropzone.js [33m404[0m 31.369 ms - 153[0m
[0mGET /assets/images/avatar/05.jpg [33m404[0m 124.040 ms - 166[0m
[0mGET / [32m200[0m 182.957 ms - 44109[0m
[0mPOST /posts/create [0m-[0m - ms - -[0m
[0mGET /js/dropzone.min.js [33m404[0m 23.597 ms - 157[0m
[0mGET /js/dropzone.js [33m404[0m 25.383 ms - 153[0m
[0mGET /assets/images/avatar/05.jpg [33m404[0m 112.682 ms - 166[0m
[0mPOST /posts/create/?video=true [36m302[0m 26.771 ms - 44[0m
[0mGET / [32m200[0m 84.829 ms - 52582[0m
[0mGET / [32m200[0m 255.823 ms - 52416[0m
[0mGET /js/dropzone.min.js [33m404[0m 32.061 ms - 157[0m
[0mGET /js/dropzone.js [33m404[0m 32.810 ms - 153[0m
[0mGET /assets/images/avatar/05.jpg [33m404[0m 29.292 ms - 166[0m
[0mPOST /posts/create [32m200[0m 71.059 ms - 305[0m
[0mGET / [32m200[0m 97.146 ms - 60806[0m
[0mGET /js/dropzone.min.js [33m404[0m 18.364 ms - 157[0m
[0mGET /js/dropzone.js [33m404[0m 18.852 ms - 153[0m
[0mGET /assets/images/avatar/05.jpg [33m404[0m 17.044 ms - 166[0m
[0mGET / [36m304[0m 410.996 ms - -[0m
[0mGET /js/dropzone.min.js [33m404[0m 62.639 ms - 157[0m
[0mGET /js/dropzone.js [33m404[0m 153.264 ms - 153[0m
[0mGET /assets/images/avatar/05.jpg [33m404[0m 151.474 ms - 166[0m
[0mPOST /posts/create/?video=true [32m200[0m 117.969 ms - 395[0m
[0mGET / [32m200[0m 238.056 ms - 69061[0m
[0mGET /js/dropzone.min.js [33m404[0m 67.868 ms - 157[0m
[0mGET /js/dropzone.js [33m404[0m 23.986 ms - 153[0m
[0mGET /assets/images/avatar/05.jpg [33m404[0m 40.183 ms - 166[0m
[0mGET / [32m200[0m 520.104 ms - 69073[0m
[0mGET /js/dropzone.min.js [33m404[0m 28.731 ms - 157[0m
[0mGET /js/dropzone.js [33m404[0m 129.148 ms - 153[0m
[0mGET /assets/images/avatar/05.jpg [33m404[0m 124.409 ms - 166[0m
[0mPOST /posts/create/?image=true [32m200[0m 66.645 ms - 398[0m
[0mGET / [32m200[0m 72.031 ms - 77451[0m
[0mGET /js/dropzone.min.js [33m404[0m 13.963 ms - 157[0m
[0mGET /js/dropzone.js [33m404[0m 21.957 ms - 153[0m
[0mGET /assets/images/avatar/05.jpg [33m404[0m 17.611 ms - 166[0m
[0mGET / [32m200[0m 123.893 ms - 78046[0m
[0mGET /js/dropzone.min.js [33m404[0m 16.824 ms - 157[0m
[0mGET /js/dropzone.js [33m404[0m 14.149 ms - 153[0m
[0mGET /assets/images/avatar/05.jpg [33m404[0m 16.400 ms - 166[0m
[0mGET /assets/images/avatar/05.jpg [33m404[0m 25.513 ms - 166[0m
[0mPOST /posts/create [32m200[0m 57.403 ms - 325[0m
[0mGET / [32m200[0m 413.460 ms - 86216[0m
[0mGET /js/dropzone.min.js [33m404[0m 47.929 ms - 157[0m
[0mGET /js/dropzone.js [33m404[0m 111.576 ms - 153[0m
[0mGET /assets/images/avatar/05.jpg [33m404[0m 121.930 ms - 166[0m
[0mPOST /posts/create [32m200[0m 36.160 ms - 340[0m
[0mGET / [32m200[0m 75.238 ms - 94471[0m
[0mGET /js/dropzone.min.js [33m404[0m 39.702 ms - 157[0m
[0mGET /js/dropzone.js [33m404[0m 35.095 ms - 153[0m
[0mGET /assets/images/avatar/05.jpg [33m404[0m 33.748 ms - 166[0m
[0mGET / [32m200[0m 183.256 ms - 94619[0m
[0mGET /js/dropzone.min.js [33m404[0m 20.601 ms - 157[0m
[0mGET /js/dropzone.js [33m404[0m 20.627 ms - 153[0m
[0mGET /assets/images/avatar/05.jpg [33m404[0m 18.507 ms - 166[0m
[0mPOST /posts/create [32m200[0m 35.449 ms - 325[0m
[0mGET / [32m200[0m 186.951 ms - 102870[0m
[0mGET /js/dropzone.min.js [33m404[0m 27.213 ms - 157[0m
[0mGET /js/dropzone.js [33m404[0m 14.871 ms - 153[0m
[0mGET /assets/images/avatar/05.jpg [33m404[0m 41.763 ms - 166[0m
[0mGET / [32m200[0m 444.559 ms - 102906[0m
[0mGET /js/dropzone.min.js [33m404[0m 52.197 ms - 157[0m
[0mGET /js/dropzone.js [33m404[0m 49.003 ms - 153[0m
[0mGET /assets/images/avatar/05.jpg [33m404[0m 42.596 ms - 166[0m
[0mGET / [36m304[0m 64.020 ms - -[0m
[0mGET /js/dropzone.min.js [33m404[0m 36.624 ms - 157[0m
[0mGET /js/dropzone.js [33m404[0m 36.807 ms - 153[0m
[0mGET /assets/images/avatar/05.jpg [33m404[0m 34.127 ms - 166[0m
[0mPOST /posts/create [32m200[0m 44.687 ms - 325[0m
[0mGET / [32m200[0m 139.497 ms - 111157[0m
[0mGET /js/dropzone.js [33m404[0m 27.379 ms - 153[0m
[0mGET /js/dropzone.min.js [33m404[0m 29.618 ms - 157[0m
[0mGET /assets/images/avatar/05.jpg [33m404[0m 44.500 ms - 166[0m
[0mGET /posts/destroy/64ae4637677498d9ef22d222 [32m200[0m 52.970 ms - 76[0m
[0mGET /posts/destroy/64ae4646677498d9ef22d22e [32m200[0m 46.907 ms - 76[0m
[0mGET /posts/destroy/64ae4574e8989321b080e617 [32m200[0m 45.846 ms - 76[0m
[0mGET /posts/destroy/64ae4524ea02381d1cc5be98 [32m200[0m 41.328 ms - 76[0m
[0mGET /posts/destroy/64ae4677677498d9ef22d242 [32m200[0m 42.311 ms - 76[0m
[0mGET /posts/destroy/64ae46a8677498d9ef22d25e [32m200[0m 37.565 ms - 76[0m
[0mGET /posts/destroy/64ae441cf2d5b6ea8ea4e1cd [32m200[0m 41.436 ms - 76[0m
[0mGET / [32m200[0m 54.973 ms - 53061[0m
[0mGET /js/dropzone.min.js [33m404[0m 14.678 ms - 157[0m
[0mGET /js/dropzone.js [33m404[0m 14.560 ms - 153[0m
[0mGET /assets/images/avatar/05.jpg [33m404[0m 15.644 ms - 166[0m
[0mGET /assets/images/avatar/05.jpg [33m404[0m 14.619 ms - 166[0m
[0mPOST /posts/create [32m200[0m 48.432 ms - 1190[0m
[0mGET / [32m200[0m 392.955 ms - 63012[0m
[0mGET /js/dropzone.min.js [33m404[0m 21.569 ms - 157[0m
[0mGET /js/dropzone.js [33m404[0m 18.354 ms - 153[0m
[0mGET /assets/images/avatar/05.jpg [33m404[0m 18.088 ms - 166[0m
[0mGET / [36m304[0m 169.665 ms - -[0m
[0mGET /js/dropzone.min.js [33m404[0m 32.260 ms - 157[0m
[0mGET /js/dropzone.js [33m404[0m 31.652 ms - 153[0m
[0mGET /assets/images/avatar/05.jpg [33m404[0m 32.782 ms - 166[0m
[0mGET / [36m304[0m 60.698 ms - -[0m
[0mGET /js/dropzone.min.js [33m404[0m 42.814 ms - 157[0m
[0mGET /js/dropzone.js [33m404[0m 39.881 ms - 153[0m
[0mGET /assets/images/avatar/05.jpg [33m404[0m 40.001 ms - 166[0m
[0mGET /users/signout [36m302[0m 688.095 ms - 46[0m
[0mGET / [32m200[0m 134.862 ms - 37105[0m
[0mGET /js/dropzone.min.js [33m404[0m 11.563 ms - 157[0m
[0mGET /js/dropzone.js [33m404[0m 23.542 ms - 153[0m
[0mGET /assets/images/avatar/05.jpg [33m404[0m 38.113 ms - 166[0m
[0mGET / [32m200[0m 769.960 ms - 36932[0m
[0mGET /js/dropzone.min.js [33m404[0m 15.298 ms - 157[0m
[0mGET /js/dropzone.js [33m404[0m 132.425 ms - 153[0m
[0mGET /assets/images/avatar/05.jpg [33m404[0m 127.948 ms - 166[0m
[0mGET /users/login [36m304[0m 14.922 ms - -[0m
[0mPOST /users/create-session [36m302[0m 312.919 ms - 46[0m
[0mGET / [32m200[0m 499.596 ms - 63184[0m
[0mGET /js/dropzone.min.js [33m404[0m 23.574 ms - 157[0m
[0mGET /js/dropzone.js [33m404[0m 24.252 ms - 153[0m
[0mGET /assets/images/avatar/05.jpg [33m404[0m 18.785 ms - 166[0m
[0mGET / [32m200[0m 1586.720 ms - 36932[0m
[0mGET /js/dropzone.js [33m404[0m 569.725 ms - 153[0m
[0mGET /js/dropzone.min.js [33m404[0m 9.288 ms - 157[0m
[0mGET /assets/images/avatar/05.jpg [33m404[0m 603.907 ms - 166[0m
[0mGET /users/login [36m304[0m 15.135 ms - -[0m
[0mPOST /users/create-session [36m302[0m 822.867 ms - 46[0m
[0mGET / [32m200[0m 99.367 ms - 63184[0m
[0mGET /js/dropzone.min.js [33m404[0m 20.643 ms - 157[0m
[0mGET /js/dropzone.js [33m404[0m 22.543 ms - 153[0m
[0mGET /assets/images/avatar/05.jpg [33m404[0m 89.014 ms - 166[0m
[0mGET / [32m200[0m 386.772 ms - 63012[0m
[0mGET /js/dropzone.min.js [33m404[0m 24.152 ms - 157[0m
[0mGET /assets/images/avatar/05.jpg [33m404[0m 191.196 ms - 166[0m
[0mGET /js/dropzone.js [33m404[0m 201.490 ms - 153[0m
[0mGET / [32m200[0m 64.271 ms - 63172[0m
[0mGET /js/dropzone.min.js [33m404[0m 19.253 ms - 157[0m
[0mGET /js/dropzone.js [33m404[0m 22.672 ms - 153[0m
[0mGET /assets/images/avatar/05.jpg [33m404[0m 19.565 ms - 166[0m
[0mGET / [36m304[0m 420.083 ms - -[0m
[0mGET /js/dropzone.min.js [33m404[0m 28.125 ms - 157[0m
[0mGET /js/dropzone.js [33m404[0m 27.573 ms - 153[0m
[0mGET /assets/images/avatar/05.jpg [33m404[0m 22.671 ms - 166[0m
[0mGET / [36m304[0m 132.954 ms - -[0m
[0mGET /js/dropzone.min.js [33m404[0m 27.698 ms - 157[0m
[0mGET /js/dropzone.js [33m404[0m 28.213 ms - 153[0m
[0mGET /assets/images/avatar/05.jpg [33m404[0m 22.086 ms - 166[0m
[0mGET /users/profile/649d49f2f2b40706ee4d5886 [32m200[0m 179.401 ms - 15506[0m
[0mGET / [36m304[0m 54.050 ms - -[0m
[0mGET /js/dropzone.min.js [33m404[0m 37.426 ms - 157[0m
[0mGET /js/dropzone.js [33m404[0m 13.841 ms - 153[0m
[0mGET /assets/images/avatar/05.jpg [33m404[0m 14.574 ms - 166[0m
[0mGET /assets/images/avatar/05.jpg [33m404[0m 15.827 ms - 166[0m
[0mGET /autocomplete?callback=jQuery36003389462558234526_1689174880316&term=leyid&_=1689174880317 [32m200[0m 29.431 ms - 165[0m
[0mGET /autocomplete?callback=jQuery36003389462558234526_1689174880316&term=leyi&_=1689174880318 [32m200[0m 729.741 ms - 165[0m
[0mGET /users/profile/64abb3d46d234f47ef71860a [0m-[0m - ms - -[0m
[0mGET /search/leyid [32m200[0m 41.613 ms - 7928[0m
[0mGET /uploads/users/avatars/avatar-1688974392344-196179970 [33m404[0m 41.236 ms - 191[0m
[0mGET /users/profile/64abb3d46d234f47ef71860a [32m200[0m 38.961 ms - 9118[0m
[0mGET /uploads/users/avatars/avatar-1688974392344-196179970 [33m404[0m 96.453 ms - 191[0m
[0mGET / [36m304[0m 60.357 ms - -[0m
[0mGET /js/dropzone.min.js [33m404[0m 17.928 ms - 157[0m
[0mGET /js/dropzone.js [33m404[0m 18.144 ms - 153[0m
[0mGET /assets/images/avatar/05.jpg [33m404[0m 19.109 ms - 166[0m
[0mGET /autocomplete?callback=jQuery360018614020193375458_1689174966499&term=om&_=1689174966500 [32m200[0m 18.074 ms - 181[0m
[0mGET /users/profile/649bc758f2b40706ee4d5834 [32m200[0m 37.249 ms - 9123[0m
[0mGET / [36m304[0m 128.868 ms - -[0m
[0mGET /js/dropzone.js [33m404[0m 26.175 ms - 153[0m
[0mGET /assets/images/avatar/05.jpg [33m404[0m 24.390 ms - 166[0m
[0mGET /js/dropzone.min.js [33m404[0m 31.098 ms - 157[0m
[0mGET / [32m200[0m 379.327 ms - 63196[0m
[0mGET /js/dropzone.min.js [33m404[0m 20.508 ms - 157[0m
[0mGET /js/dropzone.js [33m404[0m 19.815 ms - 153[0m
[0mGET /assets/images/avatar/05.jpg [33m404[0m 23.066 ms - 166[0m
[0mGET /assets/images/avatar/05.jpg [33m404[0m 16.806 ms - 166[0m
[0mGET / [32m200[0m 144.436 ms - 63222[0m
[0mGET /js/dropzone.min.js [33m404[0m 29.317 ms - 157[0m
[0mGET /js/dropzone.js [33m404[0m 26.562 ms - 153[0m
[0mGET /assets/images/avatar/05.jpg [33m404[0m 21.230 ms - 166[0m
[0mGET / [36m304[0m 105.673 ms - -[0m
[0mGET /js/dropzone.min.js [33m404[0m 52.990 ms - 157[0m
[0mGET /js/dropzone.js [33m404[0m 32.455 ms - 153[0m
[0mGET /assets/images/avatar/05.jpg [33m404[0m 25.553 ms - 166[0m
[0mGET /assets/images/avatar/05.jpg [33m404[0m 30.650 ms - 166[0m
[0mPOST /posts/create/?video=true [32m200[0m 196.570 ms - 407[0m
[0mGET / [32m200[0m 341.418 ms - 71671[0m
[0mGET /js/dropzone.js [33m404[0m 61.391 ms - 153[0m
[0mGET /js/dropzone.min.js [33m404[0m 63.131 ms - 157[0m
[0mGET /assets/images/avatar/05.jpg [33m404[0m 64.753 ms - 166[0m
[0mGET /posts/destroy/64aec4b5f5a9c311e8a023cf [32m200[0m 50.853 ms - 76[0m
[0mGET / [32m200[0m 136.119 ms - 63222[0m
[0mGET /js/dropzone.min.js [33m404[0m 12.568 ms - 157[0m
[0mGET /js/dropzone.js [33m404[0m 34.378 ms - 153[0m
[0mGET /assets/images/avatar/05.jpg [33m404[0m 13.164 ms - 166[0m
[0mGET /assets/images/avatar/05.jpg [33m404[0m 13.248 ms - 166[0m
[0mGET / [36m304[0m 145.592 ms - -[0m
[0mGET /js/dropzone.min.js [33m404[0m 13.031 ms - 157[0m
[0mGET /js/dropzone.js [33m404[0m 16.373 ms - 153[0m
[0mGET /assets/images/avatar/05.jpg [33m404[0m 12.175 ms - 166[0m
[0mGET /assets/images/avatar/05.jpg [33m404[0m 12.811 ms - 166[0m
[0mGET / [32m200[0m 57.352 ms - 63242[0m
[0mGET /assets/images/avatar/05.jpg [33m404[0m 87.212 ms - 166[0m
[0mGET /js/dropzone.js [33m404[0m 100.606 ms - 153[0m
[0mGET /js/dropzone.min.js [33m404[0m 102.698 ms - 157[0m
[0mGET / [32m200[0m 211.367 ms - 63222[0m
[0mGET /js/dropzone.js [33m404[0m 14.030 ms - 153[0m
[0mGET /js/dropzone.min.js [33m404[0m 22.677 ms - 157[0m
[0mGET /assets/images/avatar/05.jpg [33m404[0m 19.639 ms - 166[0m
[0mGET / [36m304[0m 54.349 ms - -[0m
[0mGET /js/dropzone.min.js [33m404[0m 21.171 ms - 157[0m
[0mGET /js/dropzone.js [33m404[0m 17.550 ms - 153[0m
[0mGET /assets/images/avatar/05.jpg [33m404[0m 16.074 ms - 166[0m
[0mGET /assets/images/avatar/05.jpg [33m404[0m 13.354 ms - 166[0m
[0mGET / [36m304[0m 325.190 ms - -[0m
[0mGET /js/dropzone.min.js [33m404[0m 16.477 ms - 157[0m
[0mGET /assets/images/avatar/05.jpg [33m404[0m 14.820 ms - 166[0m
[0mGET /js/dropzone.js [33m404[0m 16.666 ms - 153[0m
[0mGET / [36m304[0m 73.946 ms - -[0m
[0mGET /js/dropzone.min.js [33m404[0m 38.950 ms - 157[0m
[0mGET /assets/images/avatar/05.jpg [33m404[0m 35.974 ms - 166[0m
[0mGET /js/dropzone.js [33m404[0m 41.398 ms - 153[0m
[0mGET / [36m304[0m 295.451 ms - -[0m
[0mGET /js/dropzone.min.js [33m404[0m 13.316 ms - 157[0m
[0mGET /js/dropzone.js [33m404[0m 14.612 ms - 153[0m
[0mGET /assets/images/avatar/05.jpg [33m404[0m 14.975 ms - 166[0m
[0mGET /assets/images/avatar/05.jpg [33m404[0m 18.875 ms - 166[0m
[0mGET / [36m304[0m 422.224 ms - -[0m
[0mGET /js/dropzone.min.js [33m404[0m 19.186 ms - 157[0m
[0mGET /js/dropzone.js [33m404[0m 16.775 ms - 153[0m
[0mGET /assets/images/avatar/05.jpg [33m404[0m 16.072 ms - 166[0m
[0mGET / [36m304[0m 73.649 ms - -[0m
[0mGET /js/dropzone.min.js [33m404[0m 44.012 ms - 157[0m
[0mGET /js/dropzone.js [33m404[0m 43.082 ms - 153[0m
[0mGET /assets/images/avatar/05.jpg [33m404[0m 42.235 ms - 166[0m
[0mGET / [36m304[0m 150.033 ms - -[0m
[0mGET /js/dropzone.min.js [33m404[0m 14.164 ms - 157[0m
[0mGET /js/dropzone.js [33m404[0m 12.833 ms - 153[0m
[0mGET /assets/images/avatar/05.jpg [33m404[0m 13.156 ms - 166[0m
[0mGET /assets/images/avatar/05.jpg [33m404[0m 21.166 ms - 166[0m
[0mGET / [32m200[0m 237.624 ms - 63242[0m
[0mGET /js/dropzone.min.js [33m404[0m 17.442 ms - 157[0m
[0mGET /js/dropzone.js [33m404[0m 17.699 ms - 153[0m
[0mGET /assets/images/avatar/05.jpg [33m404[0m 15.092 ms - 166[0m
[0mGET / [32m200[0m 133.590 ms - 63190[0m
[0mGET /js/dropzone.min.js [33m404[0m 56.604 ms - 157[0m
[0mGET /js/dropzone.js [33m404[0m 15.531 ms - 153[0m
[0mGET /assets/images/avatar/05.jpg [33m404[0m 16.802 ms - 166[0m
[0mGET /assets/images/avatar/05.jpg [33m404[0m 19.585 ms - 166[0m
[0mGET / [32m200[0m 313.951 ms - 63226[0m
[0mGET /js/dropzone.min.js [33m404[0m 17.146 ms - 157[0m
[0mGET /js/dropzone.js [33m404[0m 18.807 ms - 153[0m
[0mGET /assets/images/avatar/05.jpg [33m404[0m 15.142 ms - 166[0m
[0mGET / [32m200[0m 62.696 ms - 66746[0m
[0mGET /js/dropzone.min.js [33m404[0m 14.768 ms - 157[0m
[0mGET /js/dropzone.js [33m404[0m 69.854 ms - 153[0m
[0mGET /assets/images/avatar/05.jpg [33m404[0m 14.636 ms - 166[0m
[0mGET /assets/images/avatar/05.jpg [33m404[0m 20.606 ms - 166[0m
[0mGET / [32m200[0m 399.693 ms - 67030[0m
[0mGET /js/dropzone.min.js [33m404[0m 19.559 ms - 157[0m
[0mGET /js/dropzone.js [33m404[0m 16.475 ms - 153[0m
[0mGET /assets/images/avatar/05.jpg [33m404[0m 17.008 ms - 166[0m
[0mGET / [32m200[0m 53.848 ms - 64862[0m
[0mGET /js/dropzone.min.js [33m404[0m 13.914 ms - 157[0m
[0mGET /js/dropzone.js [33m404[0m 16.762 ms - 153[0m
[0mGET /assets/images/avatar/05.jpg [33m404[0m 16.674 ms - 166[0m
[0mGET /assets/images/avatar/05.jpg [33m404[0m 17.835 ms - 166[0m
[0mGET /posts/destroy/64ae46e8677498d9ef22d29d [36m302[0m 119.193 ms - 46[0m
[0mGET / [32m200[0m 94.242 ms - 54711[0m
[0mGET /js/dropzone.js [33m404[0m 19.318 ms - 153[0m
[0mGET /js/dropzone.min.js [33m404[0m 21.949 ms - 157[0m
[0mGET /assets/images/avatar/05.jpg [33m404[0m 17.043 ms - 166[0m
[0mGET /posts/destroy/64ae44cb4d5c626adb49fff1 [36m302[0m 46.261 ms - 46[0m
[0mGET / [32m200[0m 53.259 ms - 45707[0m
[0mGET /js/dropzone.min.js [33m404[0m 16.842 ms - 157[0m
[0mGET /assets/images/avatar/05.jpg [33m404[0m 14.465 ms - 166[0m
[0mGET /js/dropzone.js [33m404[0m 18.414 ms - 153[0m
[0mGET /posts/destroy/64ae3ae58bbb82cd622b5b4b [36m302[0m 49.517 ms - 46[0m
[0mGET / [32m200[0m 78.332 ms - 37025[0m
[0mGET /js/dropzone.min.js [33m404[0m 18.696 ms - 157[0m
[0mGET /assets/images/avatar/05.jpg [33m404[0m 15.655 ms - 166[0m
[0mGET /js/dropzone.js [33m404[0m 17.631 ms - 153[0m
[0mGET /users/profile/649d49f2f2b40706ee4d5886 [32m200[0m 119.074 ms - 9727[0m
[0mGET / [32m200[0m 53.544 ms - 36859[0m
[0mGET /js/dropzone.min.js [33m404[0m 17.080 ms - 157[0m
[0mGET /js/dropzone.js [33m404[0m 19.181 ms - 153[0m
[0mGET /assets/images/avatar/05.jpg [33m404[0m 46.297 ms - 166[0m
[0mGET /posts/destroy/64ae443af2d5b6ea8ea4e1d8 [36m302[0m 46.704 ms - 46[0m
[0mGET / [32m200[0m 270.900 ms - 28130[0m
[0mGET /js/dropzone.min.js [33m404[0m 16.832 ms - 157[0m
[0mGET /js/dropzone.js [33m404[0m 16.163 ms - 153[0m
[0mGET / [32m200[0m 108.705 ms - 27964[0m
[0mGET /js/dropzone.min.js [33m404[0m 21.867 ms - 157[0m
[0mGET /js/dropzone.js [33m404[0m 24.814 ms - 153[0m
[0mPOST /posts/create/?video=true [32m200[0m 130.089 ms - 397[0m
[0mGET / [32m200[0m 48.592 ms - 36811[0m
[0mGET /js/dropzone.min.js [33m404[0m 19.207 ms - 157[0m
[0mGET /js/dropzone.js [33m404[0m 61.357 ms - 153[0m
[0mGET /assets/images/avatar/05.jpg [33m404[0m 18.881 ms - 166[0m
[0mGET /users/signout [36m302[0m 117.116 ms - 46[0m
[0mGET / [32m200[0m 33.096 ms - 15715[0m
[0mGET /js/dropzone.min.js [33m404[0m 8.907 ms - 157[0m
[0mGET /js/dropzone.js [33m404[0m 9.315 ms - 153[0m
[0mGET /assets/images/avatar/05.jpg [33m404[0m 7.477 ms - 166[0m
[0mGET /users/login [36m304[0m 9.396 ms - -[0m
[0mPOST /users/create-session [36m302[0m 49.490 ms - 46[0m
[0mGET / [32m200[0m 637.697 ms - 37369[0m
[0mGET /js/dropzone.min.js [33m404[0m 13.830 ms - 157[0m
[0mGET /js/dropzone.js [33m404[0m 13.757 ms - 153[0m
[0mGET /uploads/users/avatars/avatar-1688974392344-196179970 [33m404[0m 14.293 ms - 191[0m
[0mGET /assets/images/avatar/05.jpg [33m404[0m 14.309 ms - 166[0m
[0mGET /uploads/users/avatars/avatar-1688974392344-196179970 [33m404[0m 21.651 ms - 191[0m
[0mGET /users/profile/649bc758f2b40706ee4d5834 [32m200[0m 52.534 ms - 8945[0m
[0mGET /uploads/users/avatars/avatar-1688974392344-196179970 [33m404[0m 14.845 ms - 191[0m
[0mGET / [32m200[0m 54.248 ms - 37197[0m
[0mGET /js/dropzone.js [33m404[0m 18.446 ms - 153[0m
[0mGET /js/dropzone.min.js [33m404[0m 24.346 ms - 157[0m
[0mGET /uploads/users/avatars/avatar-1688974392344-196179970 [33m404[0m 20.902 ms - 191[0m
[0mGET /assets/images/avatar/05.jpg [33m404[0m 456.633 ms - 166[0m
[0mGET /users/profile/64abb3d46d234f47ef71860a [32m200[0m 50.751 ms - 8143[0m
[0mGET /uploads/users/avatars/avatar-1688974392344-196179970 [33m404[0m 15.465 ms - 191[0m
[0mPOST /users/update/64abb3d46d234f47ef71860a [36m302[0m 59.855 ms - 164[0m
[0mGET /users/profile/64abb3d46d234f47ef71860a [32m200[0m 131.331 ms - 8143[0m
[0mGET / [32m200[0m 49.848 ms - 37197[0m
[0mGET /js/dropzone.min.js [33m404[0m 26.391 ms - 157[0m
[0mGET /js/dropzone.js [33m404[0m 24.722 ms - 153[0m
[0mGET /assets/images/avatar/05.jpg [33m404[0m 20.970 ms - 166[0m
[0mGET / [32m200[0m 298.752 ms - 36895[0m
[0mGET /js/dropzone.min.js [33m404[0m 18.311 ms - 157[0m
[0mGET /js/dropzone.js [33m404[0m 13.356 ms - 153[0m
[0mGET /assets/images/avatar/05.jpg [33m404[0m 20.403 ms - 166[0m
[0mGET / [32m200[0m 230.255 ms - 36913[0m
[0mGET /js/dropzone.min.js [33m404[0m 19.490 ms - 157[0m
[0mGET /js/dropzone.js [33m404[0m 20.862 ms - 153[0m
[0mGET /assets/images/avatar/05.jpg [33m404[0m 16.669 ms - 166[0m
[0mGET / [32m200[0m 338.933 ms - 36943[0m
[0mGET /js/dropzone.min.js [33m404[0m 15.079 ms - 157[0m
[0mGET /js/dropzone.js [33m404[0m 13.196 ms - 153[0m
[0mGET /assets/images/avatar/05.jpg [33m404[0m 22.871 ms - 166[0m
[0mGET / [31m500[0m 287.314 ms - 2651[0m
[0mGET / [31m500[0m 140.691 ms - 2627[0m
[0mGET / [31m500[0m 638.934 ms - 2627[0m
[0mGET / [31m500[0m 60.894 ms - 2597[0m
[0mGET / [32m200[0m 79.525 ms - 37001[0m
[0mGET /js/dropzone.min.js [33m404[0m 18.378 ms - 157[0m
[0mGET /js/dropzone.js [33m404[0m 15.875 ms - 153[0m
[0mGET /assets/images/avatar/05.jpg [33m404[0m 22.601 ms - 166[0m
[0mGET / [32m200[0m 104.657 ms - 36976[0m
[0mGET /js/dropzone.min.js [33m404[0m 175.565 ms - 157[0m
[0mGET /js/dropzone.js [33m404[0m 463.785 ms - 153[0m
[0mGET /assets/images/avatar/05.jpg [33m404[0m 459.773 ms - 166[0m
[0mGET / [32m200[0m 237.033 ms - 37029[0m
[0mGET /js/dropzone.min.js [33m404[0m 16.742 ms - 157[0m
[0mGET /js/dropzone.js [33m404[0m 15.260 ms - 153[0m
[0mGET /assets/images/avatar/05.jpg [33m404[0m 14.167 ms - 166[0m
[0mGET / [32m200[0m 87.074 ms - 37024[0m
[0mGET /js/dropzone.min.js [33m404[0m 47.956 ms - 157[0m
[0mGET /assets/images/avatar/05.jpg [33m404[0m 44.075 ms - 166[0m
[0mGET /js/dropzone.js [33m404[0m 46.405 ms - 153[0m
[0mGET / [32m200[0m 329.892 ms - 37109[0m
[0mGET /js/dropzone.min.js [33m404[0m 14.848 ms - 157[0m
[0mGET /js/dropzone.js [33m404[0m 30.419 ms - 153[0m
[0mGET /assets/images/avatar/05.jpg [33m404[0m 12.911 ms - 166[0m
[0mGET / [32m200[0m 102.385 ms - 37111[0m
[0mGET /js/dropzone.min.js [33m404[0m 18.158 ms - 157[0m
[0mGET /js/dropzone.js [33m404[0m 20.172 ms - 153[0m
[0mGET /assets/images/avatar/05.jpg [33m404[0m 18.673 ms - 166[0m
[0mGET / [36m304[0m 501.872 ms - -[0m
[0mGET /js/dropzone.min.js [33m404[0m 148.746 ms - 157[0m
[0mGET /assets/images/avatar/05.jpg [33m404[0m 333.978 ms - 166[0m
[0mGET /js/dropzone.js [33m404[0m 454.946 ms - 153[0m
[0mGET / [32m200[0m 263.884 ms - 37112[0m
[0mGET /js/dropzone.min.js [33m404[0m 16.377 ms - 157[0m
[0mGET /js/dropzone.js [33m404[0m 16.455 ms - 153[0m
[0mGET /assets/images/avatar/05.jpg [33m404[0m 100.740 ms - 166[0m
[0mGET / [32m200[0m 441.277 ms - 37104[0m
[0mGET /js/dropzone.min.js [33m404[0m 17.531 ms - 157[0m
[0mGET /js/dropzone.js [33m404[0m 15.043 ms - 153[0m
[0mGET /assets/images/avatar/05.jpg [33m404[0m 37.468 ms - 166[0m
[0mGET / [32m200[0m 65.401 ms - 36815[0m
[0mGET /js/dropzone.min.js [33m404[0m 61.876 ms - 157[0m
[0mGET /js/dropzone.js [33m404[0m 13.524 ms - 153[0m
[0mGET /assets/images/avatar/05.jpg [33m404[0m 16.772 ms - 166[0m
[0mGET / [32m200[0m 468.943 ms - 36357[0m
[0mGET /js/dropzone.min.js [33m404[0m 18.649 ms - 157[0m
[0mGET /js/dropzone.js [33m404[0m 19.092 ms - 153[0m
[0mGET /assets/images/avatar/05.jpg [33m404[0m 18.687 ms - 166[0m
[0mGET / [32m200[0m 171.917 ms - 36745[0m
[0mGET /js/dropzone.min.js [33m404[0m 18.126 ms - 157[0m
[0mGET /js/dropzone.js [33m404[0m 13.429 ms - 153[0m
[0mGET /assets/images/avatar/05.jpg [33m404[0m 13.001 ms - 166[0m
[0mGET / [32m200[0m 501.005 ms - 36613[0m
[0mGET /js/dropzone.min.js [33m404[0m 62.442 ms - 157[0m
[0mGET /js/dropzone.js [33m404[0m 63.526 ms - 153[0m
[0mGET /assets/images/avatar/05.jpg [33m404[0m 58.184 ms - 166[0m
[0mGET / [32m200[0m 63.691 ms - 36646[0m
[0mGET /js/dropzone.min.js [33m404[0m 45.518 ms - 157[0m
[0mGET /js/dropzone.js [33m404[0m 46.499 ms - 153[0m
[0mGET /assets/images/avatar/05.jpg [33m404[0m 41.891 ms - 166[0m
[0mGET / [32m200[0m 272.871 ms - 36649[0m
[0mGET /js/dropzone.min.js [33m404[0m 20.073 ms - 157[0m
[0mGET /js/dropzone.js [33m404[0m 14.306 ms - 153[0m
[0mGET /assets/images/avatar/05.jpg [33m404[0m 13.559 ms - 166[0m
[0mGET / [36m304[0m 100.121 ms - -[0m
[0mGET /js/dropzone.js [33m404[0m 24.179 ms - 153[0m
[0mGET /js/dropzone.min.js [33m404[0m 34.833 ms - 157[0m
[0mGET /assets/images/avatar/05.jpg [33m404[0m 26.496 ms - 166[0m
[0mGET / [36m304[0m 90.738 ms - -[0m
[0mGET /assets/images/avatar/05.jpg [33m404[0m 17.369 ms - 166[0m
[0mGET /js/dropzone.min.js [33m404[0m 24.757 ms - 157[0m
[0mGET /js/dropzone.js [33m404[0m 25.115 ms - 153[0m
[0mGET / [36m304[0m 67.388 ms - -[0m
[0mGET /js/dropzone.js [33m404[0m 118.632 ms - 153[0m
[0mGET /js/dropzone.min.js [33m404[0m 123.430 ms - 157[0m
[0mGET /assets/images/avatar/05.jpg [33m404[0m 117.453 ms - 166[0m
[0mGET / [32m200[0m 158.243 ms - 36715[0m
[0mGET /js/dropzone.min.js [33m404[0m 11.856 ms - 157[0m
[0mGET /js/dropzone.js [33m404[0m 12.412 ms - 153[0m
[0mGET /assets/images/avatar/05.jpg [33m404[0m 17.967 ms - 166[0m
[0mGET / [32m200[0m 444.122 ms - 36695[0m
[0mGET /js/dropzone.min.js [33m404[0m 17.838 ms - 157[0m
[0mGET /assets/images/avatar/05.jpg [33m404[0m 16.919 ms - 166[0m
[0mGET /js/dropzone.js [33m404[0m 21.286 ms - 153[0m
[0mGET / [32m200[0m 53.681 ms - 36700[0m
[0mGET /js/dropzone.min.js [33m404[0m 16.247 ms - 157[0m
[0mGET /js/dropzone.js [33m404[0m 16.224 ms - 153[0m
[0mGET /assets/images/avatar/05.jpg [33m404[0m 15.846 ms - 166[0m
[0mGET / [32m200[0m 58.699 ms - 36719[0m
[0mGET /js/dropzone.min.js [33m404[0m 59.948 ms - 157[0m
[0mGET /js/dropzone.js [33m404[0m 51.652 ms - 153[0m
[0mGET /assets/images/avatar/05.jpg [33m404[0m 38.966 ms - 166[0m
[0mGET / [32m200[0m 256.285 ms - 37514[0m
[0mGET /js/dropzone.min.js [33m404[0m 36.288 ms - 157[0m
[0mGET /js/dropzone.js [33m404[0m 23.880 ms - 153[0m
[0mGET /assets/images/avatar/05.jpg [33m404[0m 19.130 ms - 166[0m
[0mGET / [32m200[0m 776.597 ms - 37842[0m
[0mGET /js/dropzone.min.js [33m404[0m 5.149 ms - 157[0m
[0mGET /js/dropzone.js [33m404[0m 5.399 ms - 153[0m
[0mGET /assets/images/avatar/05.jpg [33m404[0m 0.873 ms - 166[0m
[0mGET / [32m200[0m 76.319 ms - 16218[0m
[0mGET /js/dropzone.min.js [33m404[0m 27.380 ms - 157[0m
[0mGET /js/dropzone.js [33m404[0m 11.046 ms - 153[0m
[0mGET /assets/images/avatar/05.jpg [33m404[0m 7.844 ms - 166[0m
[0mGET /users/login [36m304[0m 14.765 ms - -[0m
[0mPOST /users/create-session [36m302[0m 34.416 ms - 46[0m
[0mGET / [32m200[0m 63.332 ms - 37828[0m
[0mGET /js/dropzone.min.js [33m404[0m 28.696 ms - 157[0m
[0mGET /assets/images/avatar/05.jpg [33m404[0m 341.586 ms - 166[0m
[0mGET /js/dropzone.js [33m404[0m 348.165 ms - 153[0m
[0mGET / [32m200[0m 113.737 ms - 37645[0m
[0mGET /js/dropzone.min.js [33m404[0m 27.224 ms - 157[0m
[0mGET /js/dropzone.js [33m404[0m 27.558 ms - 153[0m
[0mGET /assets/images/avatar/05.jpg [33m404[0m 24.985 ms - 166[0m
[0mGET / [32m200[0m 204.592 ms - 37767[0m
[0mGET /js/dropzone.min.js [33m404[0m 149.798 ms - 157[0m
[0mGET /js/dropzone.js [33m404[0m 53.316 ms - 153[0m
[0mGET /assets/images/avatar/05.jpg [33m404[0m 56.960 ms - 166[0m
[0mGET / [32m200[0m 145.780 ms - 37858[0m
[0mGET /js/dropzone.min.js [33m404[0m 36.702 ms - 157[0m
[0mGET /assets/images/avatar/05.jpg [33m404[0m 56.834 ms - 166[0m
[0mGET /js/dropzone.js [33m404[0m 325.089 ms - 153[0m
[0mGET / [32m200[0m 127.881 ms - 37872[0m
[0mGET /js/dropzone.min.js [33m404[0m 15.478 ms - 157[0m
[0mGET /js/dropzone.js [33m404[0m 20.036 ms - 153[0m
[0mGET /assets/images/avatar/05.jpg [33m404[0m 13.482 ms - 166[0m
[0mGET / [32m200[0m 56.732 ms - 37838[0m
[0mGET /js/dropzone.min.js [33m404[0m 162.704 ms - 157[0m
[0mGET /js/dropzone.js [33m404[0m 161.803 ms - 153[0m
[0mGET /assets/images/avatar/05.jpg [33m404[0m 158.884 ms - 166[0m
[0mGET / [32m200[0m 124.388 ms - 37846[0m
[0mGET /js/dropzone.js [33m404[0m 25.946 ms - 153[0m
[0mGET /js/dropzone.min.js [33m404[0m 28.664 ms - 157[0m
[0mGET /assets/images/avatar/05.jpg [33m404[0m 24.295 ms - 166[0m
[0mGET / [32m200[0m 122.755 ms - 37860[0m
[0mGET /js/dropzone.min.js [33m404[0m 59.560 ms - 157[0m
[0mGET /js/dropzone.js [33m404[0m 15.828 ms - 153[0m
[0mGET /assets/images/avatar/05.jpg [33m404[0m 19.204 ms - 166[0m
[0mGET / [32m200[0m 519.521 ms - 37866[0m
[0mGET /js/dropzone.min.js [33m404[0m 61.387 ms - 157[0m
[0mGET /assets/images/avatar/05.jpg [33m404[0m 58.033 ms - 166[0m
[0mGET /js/dropzone.js [33m404[0m 64.113 ms - 153[0m
[0mGET / [32m200[0m 270.131 ms - 37799[0m
[0mGET /js/dropzone.min.js [33m404[0m 18.148 ms - 157[0m
[0mGET /js/dropzone.js [33m404[0m 18.169 ms - 153[0m
[0mGET /assets/images/avatar/05.jpg [33m404[0m 18.421 ms - 166[0m
[0mGET / [32m200[0m 60.421 ms - 37792[0m
[0mGET /js/dropzone.min.js [33m404[0m 17.447 ms - 157[0m
[0mGET /js/dropzone.js [33m404[0m 19.330 ms - 153[0m
[0mGET /assets/images/avatar/05.jpg [33m404[0m 15.468 ms - 166[0m
[0mGET /favicon.ico [33m404[0m 67.587 ms - 150[0m
[0mGET / [32m200[0m 444.475 ms - 37793[0m
[0mGET /js/dropzone.min.js [33m404[0m 32.260 ms - 157[0m
[0mGET /js/dropzone.js [33m404[0m 60.726 ms - 153[0m
[0mGET /assets/images/avatar/05.jpg [33m404[0m 15.716 ms - 166[0m
[0mGET / [32m200[0m 47.294 ms - 37794[0m
[0mGET /js/dropzone.min.js [33m404[0m 17.858 ms - 157[0m
[0mGET /assets/images/avatar/05.jpg [33m404[0m 16.847 ms - 166[0m
[0mGET /js/dropzone.js [33m404[0m 21.712 ms - 153[0m
[0mGET / [32m200[0m 134.627 ms - 37800[0m
[0mGET /js/dropzone.js [33m404[0m 15.267 ms - 153[0m
[0mGET /js/dropzone.min.js [33m404[0m 23.399 ms - 157[0m
[0mGET /assets/images/avatar/05.jpg [33m404[0m 20.427 ms - 166[0m
[0mGET / [32m200[0m 221.190 ms - 37800[0m
[0mGET /js/dropzone.js [33m404[0m 16.616 ms - 153[0m
[0mGET /js/dropzone.min.js [33m404[0m 19.318 ms - 157[0m
[0mGET /assets/images/avatar/05.jpg [33m404[0m 19.285 ms - 166[0m
[0mGET / [32m200[0m 135.505 ms - 37812[0m
[0mGET /js/dropzone.min.js [33m404[0m 17.574 ms - 157[0m
[0mGET /js/dropzone.js [33m404[0m 17.889 ms - 153[0m
[0mGET /assets/images/avatar/05.jpg [33m404[0m 17.862 ms - 166[0m
[0mGET / [32m200[0m 168.517 ms - 37789[0m
[0mGET /js/dropzone.min.js [33m404[0m 94.650 ms - 157[0m
[0mGET /js/dropzone.js [33m404[0m 16.640 ms - 153[0m
[0mGET /assets/images/avatar/05.jpg [33m404[0m 30.670 ms - 166[0m
[0mGET / [32m200[0m 163.152 ms - 37795[0m
[0mGET /assets/images/avatar/05.jpg [33m404[0m 23.469 ms - 166[0m
[0mGET /js/dropzone.min.js [33m404[0m 31.734 ms - 157[0m
[0mGET /js/dropzone.js [33m404[0m 32.268 ms - 153[0m
[0mGET / [32m200[0m 104.966 ms - 37804[0m
[0mGET /js/dropzone.min.js [33m404[0m 27.453 ms - 157[0m
[0mGET /js/dropzone.js [33m404[0m 30.476 ms - 153[0m
[0mGET /assets/images/avatar/05.jpg [33m404[0m 27.303 ms - 166[0m
[0mGET / [32m200[0m 151.787 ms - 37801[0m
[0mGET /js/dropzone.min.js [33m404[0m 37.739 ms - 157[0m
[0mGET /assets/images/avatar/05.jpg [33m404[0m 32.503 ms - 166[0m
[0mGET /js/dropzone.js [33m404[0m 36.900 ms - 153[0m
[0mGET / [32m200[0m 78.346 ms - 37810[0m
[0mGET /js/dropzone.min.js [33m404[0m 163.704 ms - 157[0m
[0mGET /js/dropzone.js [33m404[0m 16.640 ms - 153[0m
[0mGET /assets/images/avatar/05.jpg [33m404[0m 14.810 ms - 166[0m
[0mGET / [36m304[0m 76.087 ms - -[0m
[0mGET /js/dropzone.min.js [33m404[0m 20.469 ms - 157[0m
[0mGET /js/dropzone.js [33m404[0m 22.436 ms - 153[0m
[0mGET /assets/images/avatar/05.jpg [33m404[0m 19.075 ms - 166[0m
[0mGET / [32m200[0m 366.148 ms - 37808[0m
[0mGET /js/dropzone.min.js [33m404[0m 16.472 ms - 157[0m
[0mGET /js/dropzone.js [33m404[0m 16.877 ms - 153[0m
[0mGET /assets/images/avatar/05.jpg [33m404[0m 15.241 ms - 166[0m
[0mGET / [32m200[0m 58.353 ms - 37818[0m
[0mGET /js/dropzone.min.js [33m404[0m 55.914 ms - 157[0m
[0mGET /js/dropzone.js [33m404[0m 29.212 ms - 153[0m
[0mGET /assets/images/avatar/05.jpg [33m404[0m 15.897 ms - 166[0m
[0mGET / [32m200[0m 187.256 ms - 37835[0m
[0mGET /js/dropzone.js [33m404[0m 13.133 ms - 153[0m
[0mGET /js/dropzone.min.js [33m404[0m 15.441 ms - 157[0m
[0mGET /assets/images/avatar/05.jpg [33m404[0m 15.618 ms - 166[0m
[0mGET / [32m200[0m 350.072 ms - 37827[0m
[0mGET /js/dropzone.min.js [33m404[0m 18.003 ms - 157[0m
[0mGET /js/dropzone.js [33m404[0m 20.009 ms - 153[0m
[0mGET /assets/images/avatar/05.jpg [33m404[0m 15.237 ms - 166[0m
[0mGET / [32m200[0m 367.005 ms - 37794[0m
[0mGET /js/dropzone.min.js [33m404[0m 53.357 ms - 157[0m
[0mGET /js/dropzone.js [33m404[0m 27.358 ms - 153[0m
[0mGET /assets/images/avatar/05.jpg [33m404[0m 21.996 ms - 166[0m
[0mGET / [32m200[0m 115.908 ms - 37194[0m
[0mGET /js/dropzone.min.js [33m404[0m 17.679 ms - 157[0m
[0mGET /js/dropzone.js [33m404[0m 18.314 ms - 153[0m
[0mGET /assets/images/avatar/05.jpg [33m404[0m 16.728 ms - 166[0m
[0mGET / [32m200[0m 412.052 ms - 37883[0m
[0mGET /js/dropzone.min.js [33m404[0m 61.409 ms - 157[0m
[0mGET /js/dropzone.js [33m404[0m 14.427 ms - 153[0m
[0mGET /assets/images/avatar/05.jpg [33m404[0m 18.538 ms - 166[0m
[0mGET / [32m200[0m 92.497 ms - 29651[0m
[0mGET /js/dropzone.min.js [33m404[0m 26.017 ms - 157[0m
[0mGET /js/dropzone.js [33m404[0m 11.147 ms - 153[0m
[0mPOST /comments/create [32m200[0m 68.668 ms - 397[0m
[0mGET / [32m200[0m 314.683 ms - 39599[0m
[0mGET /js/dropzone.min.js [33m404[0m 16.098 ms - 157[0m
[0mGET /js/dropzone.js [33m404[0m 16.795 ms - 153[0m
[0mGET /assets/images/avatar/05.jpg [33m404[0m 14.850 ms - 166[0m
[0mGET / [32m200[0m 2817.116 ms - 39714[0m
[0mGET /js/dropzone.min.js [33m404[0m 165.644 ms - 157[0m
[0mGET /js/dropzone.js [33m404[0m 156.984 ms - 153[0m
[0mGET /assets/images/avatar/05.jpg [33m404[0m 145.453 ms - 166[0m
[0mPOST /likes/toggle/?id=64aec831f5a9c311e8a024ba&type=Post [32m200[0m 61.422 ms - 36[0m
[0mPOST /likes/toggle/?id=64aec831f5a9c311e8a024ba&type=Post [32m200[0m 44.286 ms - 50[0m
[0mGET / [36m304[0m 227.421 ms - -[0m
[0mGET /js/dropzone.min.js [33m404[0m 15.052 ms - 157[0m
[0mGET /js/dropzone.js [33m404[0m 16.339 ms - 153[0m
[0mGET /assets/images/avatar/05.jpg [33m404[0m 13.194 ms - 166[0m
[0mPOST /likes/toggle/?id=64aec831f5a9c311e8a024ba&type=Post [32m200[0m 171.492 ms - 36[0m
[0mPOST /likes/toggle/?id=64aec831f5a9c311e8a024ba&type=Post [32m200[0m 74.410 ms - 50[0m
[0mPOST /likes/toggle/?id=64aec831f5a9c311e8a024ba&type=Post [32m200[0m 54.884 ms - 36[0m
[0mPOST /likes/toggle/?id=64aec831f5a9c311e8a024ba&type=Post [32m200[0m 35.924 ms - 50[0m
[0mPOST /likes/toggle/?id=64aec831f5a9c311e8a024ba&type=Post [32m200[0m 49.401 ms - 36[0m
[0mPOST /likes/toggle/?id=64aec831f5a9c311e8a024ba&type=Post [32m200[0m 85.998 ms - 50[0m
[0mPOST /likes/toggle/?id=64aec831f5a9c311e8a024ba&type=Post [32m200[0m 60.167 ms - 36[0m
[0mGET / [32m200[0m 137.201 ms - 39714[0m
[0mGET /js/dropzone.min.js [33m404[0m 16.611 ms - 157[0m
[0mGET /js/dropzone.js [33m404[0m 16.772 ms - 153[0m
[0mGET /assets/images/avatar/05.jpg [33m404[0m 14.555 ms - 166[0m
[0mPOST /likes/toggle/?id=64aec831f5a9c311e8a024ba&type=Post [32m200[0m 63.917 ms - 50[0m
[0mGET / [32m200[0m 383.817 ms - 39714[0m
[0mGET /js/dropzone.min.js [33m404[0m 24.735 ms - 157[0m
[0mGET /js/dropzone.js [33m404[0m 24.151 ms - 153[0m
[0mGET /assets/images/avatar/05.jpg [33m404[0m 22.357 ms - 166[0m
[0mGET / [36m304[0m 1133.964 ms - -[0m
[0mGET /js/dropzone.min.js [33m404[0m 57.699 ms - 157[0m
[0mGET /js/dropzone.js [33m404[0m 52.584 ms - 153[0m
[0mGET /assets/images/avatar/05.jpg [33m404[0m 603.291 ms - 166[0m
[0mPOST /likes/toggle/?id=64aec831f5a9c311e8a024ba&type=Post [32m200[0m 222.075 ms - 36[0m
[0mPOST /likes/toggle/?id=64aec831f5a9c311e8a024ba&type=Post [32m200[0m 51.150 ms - 50[0m
[0mGET / [36m304[0m 111.447 ms - -[0m
[0mGET /js/dropzone.min.js [33m404[0m 17.598 ms - 157[0m
[0mGET /js/dropzone.js [33m404[0m 16.090 ms - 153[0m
[0mGET /assets/images/avatar/05.jpg [33m404[0m 93.645 ms - 166[0m
[0mPOST /likes/toggle/?id=64aec831f5a9c311e8a024ba&type=Post [32m200[0m 48.743 ms - 36[0m
[0mGET / [32m200[0m 85.056 ms - 39714[0m
[0mGET /js/dropzone.js [33m404[0m 54.859 ms - 153[0m
[0mGET /js/dropzone.min.js [33m404[0m 62.342 ms - 157[0m
[0mGET /assets/images/avatar/05.jpg [33m404[0m 57.443 ms - 166[0m
[0mGET / [32m200[0m 212.146 ms - 39217[0m
[0mGET /js/dropzone.min.js [33m404[0m 53.532 ms - 157[0m
[0mGET /js/dropzone.js [33m404[0m 13.428 ms - 153[0m
[0mGET /assets/images/avatar/05.jpg [33m404[0m 12.958 ms - 166[0m
[0mGET / [32m200[0m 987.268 ms - 39295[0m
[0mGET /js/dropzone.min.js [33m404[0m 336.517 ms - 157[0m
[0mGET /js/dropzone.js [33m404[0m 263.396 ms - 153[0m
[0mGET /assets/images/avatar/05.jpg [33m404[0m 254.910 ms - 166[0m
[0mGET / [32m200[0m 429.683 ms - 36762[0m
[0mGET /js/dropzone.min.js [33m404[0m 16.059 ms - 157[0m
[0mGET /js/dropzone.js [33m404[0m 16.966 ms - 153[0m
[0mGET /assets/images/avatar/05.jpg [33m404[0m 27.815 ms - 166[0m
[0mGET / [32m200[0m 407.896 ms - 35689[0m
[0mGET /js/dropzone.min.js [33m404[0m 39.253 ms - 157[0m
[0mGET /js/dropzone.js [33m404[0m 13.127 ms - 153[0m
[0mGET /assets/images/avatar/05.jpg [33m404[0m 16.276 ms - 166[0m
[0mGET / [32m200[0m 92.821 ms - 35741[0m
[0mGET /assets/images/avatar/05.jpg [33m404[0m 29.955 ms - 166[0m
[0mGET /js/dropzone.js [33m404[0m 35.246 ms - 153[0m
[0mGET /js/dropzone.min.js [33m404[0m 41.345 ms - 157[0m
[0mGET / [32m200[0m 420.545 ms - 35642[0m
[0mGET /assets/images/avatar/05.jpg [33m404[0m 34.539 ms - 166[0m
[0mGET /js/dropzone.min.js [33m404[0m 42.939 ms - 157[0m
[0mGET /js/dropzone.js [33m404[0m 42.705 ms - 153[0m
[0mGET / [36m304[0m 119.665 ms - -[0m
[0mGET /js/dropzone.min.js [33m404[0m 22.634 ms - 157[0m
[0mGET /js/dropzone.js [33m404[0m 19.759 ms - 153[0m
[0mGET /assets/images/avatar/05.jpg [33m404[0m 13.540 ms - 166[0m
[0mGET / [32m200[0m 319.850 ms - 35732[0m
[0mGET /js/dropzone.min.js [33m404[0m 28.896 ms - 157[0m
[0mGET /js/dropzone.js [33m404[0m 31.645 ms - 153[0m
[0mGET /assets/images/avatar/05.jpg [33m404[0m 25.112 ms - 166[0m
[0mGET / [36m304[0m 73.636 ms - -[0m
[0mGET /js/dropzone.min.js [33m404[0m 15.430 ms - 157[0m
[0mGET /js/dropzone.js [33m404[0m 20.891 ms - 153[0m
[0mGET /assets/images/avatar/05.jpg [33m404[0m 21.481 ms - 166[0m
[0mGET / [32m200[0m 59.777 ms - 35805[0m
[0mGET /js/dropzone.min.js [33m404[0m 16.955 ms - 157[0m
[0mGET /js/dropzone.js [33m404[0m 12.401 ms - 153[0m
[0mGET / [32m200[0m 411.663 ms - 35816[0m
[0mGET /js/dropzone.min.js [33m404[0m 155.187 ms - 157[0m
[0mGET /js/dropzone.js [33m404[0m 160.140 ms - 153[0m
[0mGET / [32m200[0m 117.006 ms - 35813[0m
[0mGET /js/dropzone.min.js [33m404[0m 13.575 ms - 157[0m
[0mGET /js/dropzone.js [33m404[0m 11.494 ms - 153[0m
[0mGET / [32m200[0m 64.305 ms - 35331[0m
[0mGET /js/dropzone.min.js [33m404[0m 22.063 ms - 157[0m
[0mGET /js/dropzone.js [33m404[0m 16.273 ms - 153[0m
[0mGET / [32m200[0m 152.628 ms - 35375[0m
[0mGET /js/dropzone.min.js [33m404[0m 13.998 ms - 157[0m
[0mGET /js/dropzone.js [33m404[0m 12.424 ms - 153[0m
[0mPOST /likes/toggle/?id=64aee4d7b52770e7b0ce8ff5&type=Comment [32m200[0m 75.529 ms - 36[0m
[0mGET / [32m200[0m 458.084 ms - 35377[0m
[0mGET /js/dropzone.js [33m404[0m 18.731 ms - 153[0m
[0mGET /js/dropzone.min.js [33m404[0m 22.096 ms - 157[0m
[0mPOST /likes/toggle/?id=64aee4d7b52770e7b0ce8ff5&type=Comment [32m200[0m 33.449 ms - 50[0m
[0mPOST /likes/toggle/?id=64aee4d7b52770e7b0ce8ff5&type=Comment [32m200[0m 35.721 ms - 36[0m
[0mPOST /likes/toggle/?id=64aee4d7b52770e7b0ce8ff5&type=Comment [32m200[0m 33.294 ms - 50[0m
[0mGET / [32m200[0m 150.079 ms - 35383[0m
[0mGET /js/dropzone.min.js [33m404[0m 29.280 ms - 157[0m
[0mGET /js/dropzone.js [33m404[0m 26.790 ms - 153[0m
[0mGET / [32m200[0m 3590.257 ms - 35720[0m
[0mGET /js/dropzone.min.js [33m404[0m 68.026 ms - 157[0m
[0mGET /js/dropzone.js [33m404[0m 53.708 ms - 153[0m
[0mGET / [32m200[0m 416.495 ms - 35694[0m
[0mGET /js/dropzone.min.js [33m404[0m 17.997 ms - 157[0m
[0mGET /js/dropzone.js [33m404[0m 13.385 ms - 153[0m
[0mGET / [32m200[0m 278.151 ms - 35697[0m
[0mGET /js/dropzone.min.js [33m404[0m 31.063 ms - 157[0m
[0mGET /js/dropzone.js [33m404[0m 41.569 ms - 153[0m
[0mGET /comments/destroy/64aee4d7b52770e7b0ce8ff5 [36m302[0m 57.189 ms - 46[0m
[0mGET / [32m200[0m 51.900 ms - 33413[0m
[0mGET /js/dropzone.min.js [33m404[0m 13.199 ms - 157[0m
[0mGET /js/dropzone.js [33m404[0m 14.469 ms - 153[0m
[0mGET / [32m200[0m 86.969 ms - 33244[0m
[0mGET /js/dropzone.min.js [33m404[0m 17.330 ms - 157[0m
[0mGET /js/dropzone.js [33m404[0m 16.368 ms - 153[0m
[0mGET /? [32m200[0m 130.367 ms - 33244[0m
[0mGET /js/dropzone.min.js [33m404[0m 22.780 ms - 157[0m
[0mGET /js/dropzone.js [33m404[0m 12.773 ms - 153[0m
[0mGET /? [36m304[0m 53.452 ms - -[0m
[0mGET /js/dropzone.min.js [33m404[0m 20.244 ms - 157[0m
[0mGET /js/dropzone.js [33m404[0m 20.439 ms - 153[0m
[0mGET /? [32m200[0m 67.029 ms - 33470[0m
[0mGET /js/dropzone.js [33m404[0m 11.351 ms - 153[0m
[0mGET /js/dropzone.min.js [33m404[0m 14.220 ms - 157[0m
[0mPOST /comments/create [32m200[0m 54.518 ms - 488[0m
[0mGET /? [32m200[0m 106.412 ms - 36014[0m
[0mGET /js/dropzone.min.js [33m404[0m 116.137 ms - 157[0m
[0mGET /js/dropzone.js [33m404[0m 113.882 ms - 153[0m
[0mGET /? [32m200[0m 67.438 ms - 36072[0m
[0mGET /js/dropzone.min.js [33m404[0m 21.986 ms - 157[0m
[0mGET /js/dropzone.js [33m404[0m 10.994 ms - 153[0m
[0mGET /? [32m200[0m 518.470 ms - 36106[0m
[0mGET /js/dropzone.min.js [33m404[0m 13.762 ms - 157[0m
[0mGET /js/dropzone.js [33m404[0m 17.632 ms - 153[0m
[0mPOST /likes/toggle/?id=64aeec2c8a4bcedb765b3b55&type=Comment [32m200[0m 48.888 ms - 36[0m
[0mPOST /likes/toggle/?id=64aeec2c8a4bcedb765b3b55&type=Comment [32m200[0m 37.318 ms - 50[0m
[0mPOST /likes/toggle/?id=64aeec2c8a4bcedb765b3b55&type=Comment [32m200[0m 47.774 ms - 36[0m
[0mPOST /likes/toggle/?id=64aeec2c8a4bcedb765b3b55&type=Comment [32m200[0m 30.600 ms - 50[0m
[0mGET /? [36m304[0m 65.365 ms - -[0m
[0mGET /js/dropzone.min.js [33m404[0m 14.095 ms - 157[0m
[0mGET /js/dropzone.js [33m404[0m 14.253 ms - 153[0m
[0mPOST /likes/toggle/?id=64aec831f5a9c311e8a024ba&type=Post [32m200[0m 64.452 ms - 50[0m
[0mPOST /likes/toggle/?id=64aec831f5a9c311e8a024ba&type=Post [32m200[0m 38.233 ms - 36[0m
[0mGET /? [36m304[0m 64.954 ms - -[0m
[0mGET /js/dropzone.min.js [33m404[0m 55.137 ms - 157[0m
[0mGET /js/dropzone.js [33m404[0m 53.403 ms - 153[0m
[0mGET /comments/destroy/64aeec2c8a4bcedb765b3b55 [36m302[0m 131.928 ms - 46[0m
[0mGET / [32m200[0m 116.827 ms - 33639[0m
[0mGET /js/dropzone.min.js [33m404[0m 21.770 ms - 157[0m
[0mGET /js/dropzone.js [33m404[0m 23.419 ms - 153[0m
[0mGET /users/signout [36m302[0m 35.335 ms - 46[0m
[0mGET / [32m200[0m 38.845 ms - 12432[0m
[0mGET /js/dropzone.min.js [33m404[0m 9.117 ms - 157[0m
[0mGET /js/dropzone.js [33m404[0m 8.874 ms - 153[0m
[0mGET / [32m200[0m 101.393 ms - 11935[0m
[0mGET /js/dropzone.min.js [33m404[0m 6.812 ms - 157[0m
[0mGET /js/dropzone.js [33m404[0m 5.785 ms - 153[0m
[0mGET / [32m200[0m 521.081 ms - 11424[0m
[0mGET /js/dropzone.min.js [33m404[0m 7.556 ms - 157[0m
[0mGET /js/dropzone.js [33m404[0m 8.139 ms - 153[0m
[0mGET /users/login [36m304[0m 11.588 ms - -[0m
[0mPOST /users/create-session [36m302[0m 46.859 ms - 46[0m
[0mGET / [32m200[0m 94.664 ms - 34105[0m
[0mGET /js/dropzone.min.js [33m404[0m 13.127 ms - 157[0m
[0mGET /js/dropzone.js [33m404[0m 12.653 ms - 153[0m
[0mPOST /comments/create [32m200[0m 122.498 ms - 508[0m
[0mGET / [32m200[0m 315.368 ms - 36571[0m
[0mGET /js/dropzone.min.js [33m404[0m 16.694 ms - 157[0m
[0mGET /js/dropzone.js [33m404[0m 17.919 ms - 153[0m
[0mGET /users/signout [36m302[0m 35.510 ms - 46[0m
[0mGET / [32m200[0m 40.644 ms - 13691[0m
[0mGET /js/dropzone.min.js [33m404[0m 38.599 ms - 157[0m
[0mGET /js/dropzone.js [33m404[0m 45.078 ms - 153[0m
[0mGET /users/login [36m304[0m 7.952 ms - -[0m
[0mPOST /users/create-session [36m302[0m 173.835 ms - 46[0m
[0mGET / [32m200[0m 110.672 ms - 36155[0m
[0mGET /js/dropzone.js [33m404[0m 15.918 ms - 153[0m
[0mGET /js/dropzone.min.js [33m404[0m 18.308 ms - 157[0m
[0mGET / [32m200[0m 73.563 ms - 35983[0m
[0mGET /js/dropzone.min.js [33m404[0m 12.431 ms - 157[0m
[0mGET /js/dropzone.js [33m404[0m 20.367 ms - 153[0m
[0mGET / [36m304[0m 542.873 ms - -[0m
[0mGET /js/dropzone.js [33m404[0m 69.150 ms - 153[0m
[0mGET /js/dropzone.min.js [33m404[0m 74.203 ms - 157[0m
[0mGET / [36m304[0m 561.459 ms - -[0m
[0mGET /js/dropzone.min.js [33m404[0m 17.145 ms - 157[0m
[0mGET /js/dropzone.js [33m404[0m 15.263 ms - 153[0m
[0mGET / [36m304[0m 209.217 ms - -[0m
[0mGET /js/dropzone.min.js [33m404[0m 15.340 ms - 157[0m
[0mGET /js/dropzone.js [33m404[0m 13.144 ms - 153[0m
[0mGET / [36m304[0m 515.265 ms - -[0m
[0mGET /js/dropzone.min.js [33m404[0m 36.665 ms - 157[0m
[0mGET /js/dropzone.js [33m404[0m 13.012 ms - 153[0m
[0mGET / [36m304[0m 428.994 ms - -[0m
[0mGET /js/dropzone.min.js [33m404[0m 26.211 ms - 157[0m
[0mGET /js/dropzone.js [33m404[0m 92.568 ms - 153[0m
[0mGET / [36m304[0m 55.621 ms - -[0m
[0mGET /js/dropzone.js [33m404[0m 15.285 ms - 153[0m
[0mGET /js/dropzone.min.js [33m404[0m 45.666 ms - 157[0m
[0mGET / [32m200[0m 338.343 ms - 35994[0m
[0mGET /js/dropzone.min.js [33m404[0m 15.833 ms - 157[0m
[0mGET /js/dropzone.js [33m404[0m 14.937 ms - 153[0m
[0mGET / [36m304[0m 64.905 ms - -[0m
[0mGET /js/dropzone.min.js [33m404[0m 22.124 ms - 157[0m
[0mGET /js/dropzone.js [33m404[0m 22.894 ms - 153[0m
[0mGET / [36m304[0m 191.291 ms - -[0m
[0mGET /js/dropzone.min.js [33m404[0m 35.268 ms - 157[0m
[0mGET /js/dropzone.js [33m404[0m 19.068 ms - 153[0m
[0mGET / [32m200[0m 320.137 ms - 36091[0m
[0mGET /js/dropzone.min.js [33m404[0m 16.627 ms - 157[0m
[0mGET /js/dropzone.js [33m404[0m 17.782 ms - 153[0m
[0mGET / [32m200[0m 590.512 ms - 35625[0m
[0mGET /js/dropzone.min.js [33m404[0m 15.831 ms - 157[0m
[0mGET /js/dropzone.js [33m404[0m 13.298 ms - 153[0m
[0mGET / [32m200[0m 294.093 ms - 35598[0m
[0mGET /js/dropzone.min.js [33m404[0m 28.346 ms - 157[0m
[0mGET /js/dropzone.js [33m404[0m 25.880 ms - 153[0m
[0mGET / [32m200[0m 431.443 ms - 35590[0m
[0mGET /js/dropzone.min.js [33m404[0m 44.287 ms - 157[0m
[0mGET /js/dropzone.js [33m404[0m 12.146 ms - 153[0m
[0mGET / [36m304[0m 67.389 ms - -[0m
[0mGET /js/dropzone.min.js [33m404[0m 19.466 ms - 157[0m
[0mGET /js/dropzone.js [33m404[0m 20.095 ms - 153[0m
[0mGET / [32m200[0m 316.455 ms - 35586[0m
[0mGET /js/dropzone.min.js [33m404[0m 14.751 ms - 157[0m
[0mGET /js/dropzone.js [33m404[0m 15.142 ms - 153[0m
[0mGET / [32m200[0m 66.628 ms - 35430[0m
[0mGET /js/dropzone.min.js [33m404[0m 51.886 ms - 157[0m
[0mGET /js/dropzone.js [33m404[0m 48.676 ms - 153[0m
[0mGET / [32m200[0m 186.802 ms - 35434[0m
[0mGET /js/dropzone.js [33m404[0m 18.325 ms - 153[0m
[0mGET /js/dropzone.min.js [33m404[0m 23.271 ms - 157[0m
[0mGET / [32m200[0m 100.154 ms - 35426[0m
[0mGET /js/dropzone.min.js [33m404[0m 24.555 ms - 157[0m
[0mGET /js/dropzone.js [33m404[0m 15.862 ms - 153[0m
[0mGET / [32m200[0m 489.726 ms - 35429[0m
[0mGET /js/dropzone.min.js [33m404[0m 22.837 ms - 157[0m
[0mGET /js/dropzone.js [33m404[0m 23.677 ms - 153[0m
[0mGET / [32m200[0m 151.887 ms - 35434[0m
[0mGET /js/dropzone.min.js [33m404[0m 55.244 ms - 157[0m
[0mGET /js/dropzone.js [33m404[0m 56.539 ms - 153[0m
[0mGET / [32m200[0m 579.386 ms - 35542[0m
[0mGET /js/dropzone.min.js [33m404[0m 36.911 ms - 157[0m
[0mGET /js/dropzone.js [33m404[0m 12.845 ms - 153[0m
[0mGET / [32m200[0m 449.252 ms - 36659[0m
[0mGET /js/dropzone.min.js [33m404[0m 78.165 ms - 157[0m
[0mGET /js/dropzone.js [33m404[0m 19.600 ms - 153[0m
[0mGET / [32m200[0m 299.654 ms - 36614[0m
[0mGET /js/dropzone.js [33m404[0m 31.539 ms - 153[0m
[0mGET /js/dropzone.min.js [33m404[0m 34.353 ms - 157[0m
