::ffff:127.0.0.1 - - [31/Aug/2022:03:03:16 +0000] "GET / HTTP/1.1" 304 - "http://localhost:3000/search/om" "Mozilla/5.0 (Windows NT 10.0; Win64; x64; rv:104.0) Gecko/20100101 Firefox/104.0"
- - - [31/Aug/2022:03:03:16 +0000] "GET /favicon.ico HTTP/1.1" - - "http://localhost:3000/" "Mozilla/5.0 (Windows NT 10.0; Win64; x64; rv:104.0) Gecko/20100101 Firefox/104.0"
::ffff:127.0.0.1 - - [31/Aug/2022:03:03:19 +0000] "GET /users/signout HTTP/1.1" 302 46 "http://localhost:3000/" "Mozilla/5.0 (Windows NT 10.0; Win64; x64; rv:104.0) Gecko/20100101 Firefox/104.0"
::ffff:127.0.0.1 - - [31/Aug/2022:03:03:19 +0000] "GET / HTTP/1.1" 200 5490 "http://localhost:3000/" "Mozilla/5.0 (Windows NT 10.0; Win64; x64; rv:104.0) Gecko/20100101 Firefox/104.0"
::ffff:127.0.0.1 - - [31/Aug/2022:06:12:22 +0000] "GET / HTTP/1.1" 200 5247 "-" "Mozilla/5.0 (Windows NT 10.0; Win64; x64; rv:104.0) Gecko/20100101 Firefox/104.0"
::ffff:127.0.0.1 - - [31/Aug/2022:06:12:24 +0000] "GET /users/login HTTP/1.1" 304 - "http://localhost:3000/" "Mozilla/5.0 (Windows NT 10.0; Win64; x64; rv:104.0) Gecko/20100101 Firefox/104.0"
::ffff:127.0.0.1 - - [31/Aug/2022:06:12:27 +0000] "GET /users/auth/google HTTP/1.1" 302 0 "http://localhost:3000/users/login" "Mozilla/5.0 (Windows NT 10.0; Win64; x64; rv:104.0) Gecko/20100101 Firefox/104.0"
::ffff:127.0.0.1 - - [31/Aug/2022:06:12:31 +0000] "GET /users/auth/google/callback?code=4%2F0AdQt8qjRdnTQqafgiVWrTaO33xmFDqRIkTlAdKnwxzyx_3aVjz1wvwgCU_YGIHYRHJ6wLw&scope=email+profile+https%3A%2F%2Fwww.googleapis.com%2Fauth%2Fuserinfo.profile+https%3A%2F%2Fwww.googleapis.com%2Fauth%2Fuserinfo.email+openid&authuser=2&prompt=consent HTTP/1.1" 302 46 "-" "Mozilla/5.0 (Windows NT 10.0; Win64; x64; rv:104.0) Gecko/20100101 Firefox/104.0"
::ffff:127.0.0.1 - - [31/Aug/2022:06:12:31 +0000] "GET / HTTP/1.1" 200 7362 "-" "Mozilla/5.0 (Windows NT 10.0; Win64; x64; rv:104.0) Gecko/20100101 Firefox/104.0"
::ffff:127.0.0.1 - - [31/Aug/2022:06:13:49 +0000] "GET / HTTP/1.1" 200 7169 "-" "Mozilla/5.0 (Windows NT 10.0; Win64; x64; rv:104.0) Gecko/20100101 Firefox/104.0"
::ffff:127.0.0.1 - - [31/Aug/2022:06:14:15 +0000] "GET / HTTP/1.1" 200 7173 "-" "Mozilla/5.0 (Windows NT 10.0; Win64; x64; rv:104.0) Gecko/20100101 Firefox/104.0"
::ffff:127.0.0.1 - - [31/Aug/2022:06:14:45 +0000] "GET / HTTP/1.1" 200 7536 "-" "Mozilla/5.0 (Windows NT 10.0; Win64; x64; rv:104.0) Gecko/20100101 Firefox/104.0"
::ffff:127.0.0.1 - - [31/Aug/2022:06:16:51 +0000] "GET / HTTP/1.1" 200 7744 "-" "Mozilla/5.0 (Windows NT 10.0; Win64; x64; rv:104.0) Gecko/20100101 Firefox/104.0"
::ffff:127.0.0.1 - - [31/Aug/2022:06:16:56 +0000] "GET / HTTP/1.1" 200 7744 "-" "Mozilla/5.0 (Windows NT 10.0; Win64; x64; rv:104.0) Gecko/20100101 Firefox/104.0"
::ffff:127.0.0.1 - - [31/Aug/2022:06:17:04 +0000] "POST /posts/create HTTP/1.1" 302 46 "http://localhost:3000/" "Mozilla/5.0 (Windows NT 10.0; Win64; x64; rv:104.0) Gecko/20100101 Firefox/104.0"
::ffff:127.0.0.1 - - [31/Aug/2022:06:17:04 +0000] "GET / HTTP/1.1" 200 10285 "http://localhost:3000/" "Mozilla/5.0 (Windows NT 10.0; Win64; x64; rv:104.0) Gecko/20100101 Firefox/104.0"
::ffff:127.0.0.1 - - [31/Aug/2022:06:17:08 +0000] "GET /posts/destroy/630efce060acfc452eeb76e0 HTTP/1.1" 200 76 "http://localhost:3000/" "Mozilla/5.0 (Windows NT 10.0; Win64; x64; rv:104.0) Gecko/20100101 Firefox/104.0"
[0mGET / [32m200[0m 65.225 ms - 5818[0m
[0mGET /users/login [36m304[0m 7.661 ms - -[0m
[0mGET /users/auth/google [36m302[0m 4.925 ms - 0[0m
[0mGET /users/auth/google/callback?code=4%2F0AdQt8qgGKdImdUozIhRsGvu69L8ZO24ZVDo4VPqiYoNntrACWq7ZyInstsERSJnPdnhC6Q&scope=email+profile+https%3A%2F%2Fwww.googleapis.com%2Fauth%2Fuserinfo.profile+https%3A%2F%2Fwww.googleapis.com%2Fauth%2Fuserinfo.email+openid&authuser=2&prompt=consent [36m302[0m 621.370 ms - 46[0m
[0mGET / [32m200[0m 65.911 ms - 8842[0m
[0mGET / [32m200[0m 39.474 ms - 8600[0m
[0mGET / [36m304[0m 30.498 ms - -[0m
[0mGET / [36m304[0m 32.056 ms - -[0m
[0mGET / [36m304[0m 51.376 ms - -[0m
[0mGET / [36m304[0m 17.515 ms - -[0m
[0mGET / [36m304[0m 27.622 ms - -[0m
[0mGET / [36m304[0m 36.639 ms - -[0m
[0mPOST /posts/create [36m302[0m 15.255 ms - 46[0m
[0mGET / [32m200[0m 53.175 ms - 11168[0m
[0mPOST /posts/create [32m200[0m 20.924 ms - 346[0m
[0mGET /posts/destroy/630efdbe6c8145f11fc6396e [32m200[0m 36.691 ms - 76[0m
[0mGET /posts/destroy/630efdb96c8145f11fc63965 [32m200[0m 24.185 ms - 76[0m
[0mPOST /posts/create [36m302[0m 8.877 ms - 46[0m
[0mGET / [32m200[0m 41.797 ms - 11168[0m
::ffff:127.0.0.1 - - [31/Aug/2022:07:00:17 +0000] "GET / HTTP/1.1" 200 5818 "-" "Mozilla/5.0 (Windows NT 10.0; Win64; x64; rv:104.0) Gecko/20100101 Firefox/104.0"
::ffff:127.0.0.1 - - [31/Aug/2022:07:00:25 +0000] "GET /users/login HTTP/1.1" 304 - "http://localhost:3000/" "Mozilla/5.0 (Windows NT 10.0; Win64; x64; rv:104.0) Gecko/20100101 Firefox/104.0"
::ffff:127.0.0.1 - - [31/Aug/2022:07:00:27 +0000] "GET /users/auth/google HTTP/1.1" 302 0 "http://localhost:3000/users/login" "Mozilla/5.0 (Windows NT 10.0; Win64; x64; rv:104.0) Gecko/20100101 Firefox/104.0"
::ffff:127.0.0.1 - - [31/Aug/2022:07:00:31 +0000] "GET /users/auth/google/callback?code=4%2F0AdQt8qgKcOR7TixHFYhf7496CsgYpO88Gj_yhRKzS9Ky8fei3c7gO46NkQzmguCcseM91A&scope=email+profile+https%3A%2F%2Fwww.googleapis.com%2Fauth%2Fuserinfo.profile+https%3A%2F%2Fwww.googleapis.com%2Fauth%2Fuserinfo.email+openid&authuser=2&prompt=consent HTTP/1.1" 302 46 "-" "Mozilla/5.0 (Windows NT 10.0; Win64; x64; rv:104.0) Gecko/20100101 Firefox/104.0"
::ffff:127.0.0.1 - - [31/Aug/2022:07:00:31 +0000] "GET / HTTP/1.1" 200 7986 "-" "Mozilla/5.0 (Windows NT 10.0; Win64; x64; rv:104.0) Gecko/20100101 Firefox/104.0"
::ffff:127.0.0.1 - - [31/Aug/2022:07:00:49 +0000] "POST /posts/create HTTP/1.1" 302 46 "http://localhost:3000/" "Mozilla/5.0 (Windows NT 10.0; Win64; x64; rv:104.0) Gecko/20100101 Firefox/104.0"
::ffff:127.0.0.1 - - [31/Aug/2022:07:00:49 +0000] "GET / HTTP/1.1" 200 10299 "http://localhost:3000/" "Mozilla/5.0 (Windows NT 10.0; Win64; x64; rv:104.0) Gecko/20100101 Firefox/104.0"
::ffff:127.0.0.1 - - [31/Aug/2022:07:01:03 +0000] "POST /comments/create HTTP/1.1" 200 336 "http://localhost:3000/" "Mozilla/5.0 (Windows NT 10.0; Win64; x64; rv:104.0) Gecko/20100101 Firefox/104.0"
::ffff:127.0.0.1 - - [31/Aug/2022:07:01:07 +0000] "POST /likes/toggle/?id=630f072f23731ba0d6a92b75&type=Comment HTTP/1.1" 200 36 "http://localhost:3000/" "Mozilla/5.0 (Windows NT 10.0; Win64; x64; rv:104.0) Gecko/20100101 Firefox/104.0"
::ffff:127.0.0.1 - - [31/Aug/2022:07:01:10 +0000] "GET / HTTP/1.1" 200 11526 "http://localhost:3000/" "Mozilla/5.0 (Windows NT 10.0; Win64; x64; rv:104.0) Gecko/20100101 Firefox/104.0"
::ffff:127.0.0.1 - - [31/Aug/2022:07:01:12 +0000] "POST /likes/toggle/?id=630f072123731ba0d6a92b6c&type=Post HTTP/1.1" 200 36 "http://localhost:3000/" "Mozilla/5.0 (Windows NT 10.0; Win64; x64; rv:104.0) Gecko/20100101 Firefox/104.0"
::ffff:127.0.0.1 - - [31/Aug/2022:07:01:14 +0000] "GET / HTTP/1.1" 200 11526 "http://localhost:3000/" "Mozilla/5.0 (Windows NT 10.0; Win64; x64; rv:104.0) Gecko/20100101 Firefox/104.0"
::ffff:127.0.0.1 - - [31/Aug/2022:07:01:18 +0000] "GET /comments/destroy/630f072f23731ba0d6a92b75 HTTP/1.1" 200 82 "http://localhost:3000/" "Mozilla/5.0 (Windows NT 10.0; Win64; x64; rv:104.0) Gecko/20100101 Firefox/104.0"
::ffff:127.0.0.1 - - [31/Aug/2022:07:01:20 +0000] "GET /posts/destroy/630f072123731ba0d6a92b6c HTTP/1.1" 200 76 "http://localhost:3000/" "Mozilla/5.0 (Windows NT 10.0; Win64; x64; rv:104.0) Gecko/20100101 Firefox/104.0"
[0mGET / [32m200[0m 148.047 ms - 7032[0m
[0mGET /favicon.ico [0m-[0m - ms - -[0m
[0mGET /users/login [36m304[0m 9.659 ms - -[0m
[0mGET /favicon.ico [0m-[0m - ms - -[0m
[0mGET /users/auth/google [36m302[0m 10.520 ms - 0[0m
[0mGET /users/auth/google/callback?code=4%2F0AdQt8qhx6rAe0evQ7Ub4VDJoto61b3w9QJq-vrypQGQGM7eZzMt3RUT0AOiAbzYdWuoZyw&scope=email+profile+https%3A%2F%2Fwww.googleapis.com%2Fauth%2Fuserinfo.profile+https%3A%2F%2Fwww.googleapis.com%2Fauth%2Fuserinfo.email+openid&authuser=2&prompt=consent [36m302[0m 584.643 ms - 46[0m
[0mGET / [32m200[0m 56.328 ms - 11174[0m
[0mGET / [32m200[0m 57.505 ms - 10932[0m
[0mGET /users/profile/630d9f86160a298b705e87c3 [32m200[0m 72.107 ms - 8132[0m
[0mGET /favicon.ico [0m-[0m - ms - -[0m
[0mGET / [36m304[0m 47.001 ms - -[0m
[0mGET /users/profile/630d9f86160a298b705e87c3 [36m304[0m 64.989 ms - -[0m
[0mGET /favicon.ico [0m-[0m - ms - -[0m
[0mGET /users/profile/630d9f86160a298b705e87c3 [32m200[0m 37.932 ms - 8291[0m
[0mGET /users/profile/630d9f86160a298b705e87c3 [36m304[0m 33.041 ms - -[0m
[0mGET /favicon.ico [0m-[0m - ms - -[0m
[0mGET /users/profile/630d9f86160a298b705e87c3 [36m304[0m 36.292 ms - -[0m
[0mGET /favicon.ico [0m-[0m - ms - -[0m
[0mGET /users/profile/630d9f86160a298b705e87c3 [32m200[0m 31.934 ms - 8291[0m
[0mGET /favicon.ico [0m-[0m - ms - -[0m
[0mGET /users/profile/630d9f86160a298b705e87c3 [32m200[0m 33.712 ms - 8291[0m
[0mGET /favicon.ico [0m-[0m - ms - -[0m
[0mGET /users/profile/630d9f86160a298b705e87c3 [36m304[0m 40.120 ms - -[0m
[0mGET /users/profile/630d9f86160a298b705e87c3 [32m200[0m 34.871 ms - 8291[0m
[0mGET /favicon.ico [0m-[0m - ms - -[0m
[0mGET /users/profile/630d9f86160a298b705e87c3 [36m304[0m 29.317 ms - -[0m
[0mGET /users/profile/630d9f86160a298b705e87c3 [32m200[0m 32.200 ms - 8291[0m
[0mGET /favicon.ico [0m-[0m - ms - -[0m
[0mGET /users/profile/630d9f86160a298b705e87c3 [32m200[0m 33.731 ms - 8291[0m
[0mGET /favicon.ico [0m-[0m - ms - -[0m
[0mGET /users/profile/630d9f86160a298b705e87c3 [36m304[0m 28.267 ms - -[0m
[0mGET /users/profile/630d9f86160a298b705e87c3 [36m304[0m 29.189 ms - -[0m
[0mGET /favicon.ico [0m-[0m - ms - -[0m
[0mGET /users/profile/630d9f86160a298b705e87c3 [36m304[0m 44.366 ms - -[0m
[0mGET /favicon.ico [0m-[0m - ms - -[0m
[0mGET /users/profile/630d9f86160a298b705e87c3 [32m200[0m 23.962 ms - 8291[0m
[0mGET /favicon.ico [0m-[0m - ms - -[0m
[0mGET /users/profile/630d9f86160a298b705e87c3 [36m304[0m 50.051 ms - -[0m
[0mGET /users/profile/630d9f86160a298b705e87c3 [32m200[0m 34.941 ms - 8291[0m
[0mGET /favicon.ico [0m-[0m - ms - -[0m
[0mGET / [32m200[0m 28.881 ms - 10932[0m
[0mGET /favicon.ico [0m-[0m - ms - -[0m
[0mPOST /comments/create [32m200[0m 58.697 ms - 404[0m
[0mPOST /comments/create [32m200[0m 18.997 ms - 415[0m
[0mGET /users/profile/630d9f86160a298b705e87c3 [32m200[0m 61.288 ms - 10562[0m
[0mGET /favicon.ico [0m-[0m - ms - -[0m
[0mGET /users/signout [36m302[0m 14.725 ms - 46[0m
[0mGET / [32m200[0m 34.247 ms - 9054[0m
[0mGET /favicon.ico [0m-[0m - ms - -[0m
[0mGET /users/login [32m200[0m 10.793 ms - 5176[0m
[0mGET /favicon.ico [0m-[0m - ms - -[0m
[0mGET /users/auth/google [36m302[0m 4.134 ms - 0[0m
[0mGET /users/auth/google/callback?code=4%2F0AdQt8qjM_ecFhRZfEswieJE_PJl4ZpYeBS739wKHsnpvD11axCBaiMfQjcuLjKXGRCLkdQ&scope=email+profile+https%3A%2F%2Fwww.googleapis.com%2Fauth%2Fuserinfo.profile+https%3A%2F%2Fwww.googleapis.com%2Fauth%2Fuserinfo.email+openid&authuser=0&prompt=consent [36m302[0m 556.816 ms - 46[0m
[0mGET / [32m200[0m 52.061 ms - 12902[0m
[0mGET /users/profile/630d9f86160a298b705e87c3 [32m200[0m 58.491 ms - 11403[0m
[0mGET /favicon.ico [0m-[0m - ms - -[0m
[0mGET / [32m200[0m 39.635 ms - 12660[0m
[0mGET /favicon.ico [0m-[0m - ms - -[0m
[0mGET / [36m304[0m 52.644 ms - -[0m
[0mGET /favicon.ico [0m-[0m - ms - -[0m
[0mGET /messages/chatroom?friend=630d9f86160a298b705e87c3 [32m200[0m 36.182 ms - 666[0m
[0mPOST /comments/create [32m200[0m 20.143 ms - 349[0m
[0mPOST /likes/toggle/?id=630f2482227ee71f5e8940df&type=Comment [32m200[0m 32.485 ms - 36[0m
[0mPOST /likes/toggle/?id=630f2401227ee71f5e894099&type=Comment [32m200[0m 23.128 ms - 36[0m
[0mPOST /likes/toggle/?id=630f2409227ee71f5e8940a0&type=Comment [32m200[0m 17.998 ms - 36[0m
[0mPOST /likes/toggle/?id=630efde16c8145f11fc6397e&type=Post [32m200[0m 24.671 ms - 36[0m
[0mGET / [32m200[0m 81.699 ms - 14164[0m
[0mGET /favicon.ico [0m-[0m - ms - -[0m
[0mGET / [36m304[0m 65.562 ms - -[0m
[0mGET /favicon.ico [0m-[0m - ms - -[0m
[0mGET / [32m200[0m 50.193 ms - 14164[0m
[0mGET / [32m200[0m 52.435 ms - 9709[0m
[0mGET /favicon.ico [33m404[0m 2.655 ms - 150[0m
[0mGET /users/login [32m200[0m 10.963 ms - 5176[0m
[0mGET /users/login [36m304[0m 8.009 ms - -[0m
[0mGET / [32m200[0m 51.282 ms - 9709[0m
[0mGET /favicon.ico [33m404[0m 3.315 ms - 150[0m
[0mGET / [32m200[0m 43.032 ms - 9709[0m
[0mGET / [32m200[0m 47.537 ms - 9709[0m
[0mGET /favicon.ico [33m404[0m 4.318 ms - 150[0m
[0mGET / [36m304[0m 53.487 ms - -[0m
[0mGET / [32m200[0m 106.036 ms - 9709[0m
[0mGET /css/layout.css [33m404[0m 13.967 ms - 153[0m
[0mGET /css/header.css [33m404[0m 42.448 ms - 153[0m
[0mGET /css/search.css [33m404[0m 63.006 ms - 153[0m
[0mGET /js/sendFriendReq.js [33m404[0m 54.232 ms - 158[0m
[0mGET /css/home.css [33m404[0m 37.105 ms - 151[0m
[0mGET /css/chatbox.css [33m404[0m 129.322 ms - 154[0m
[0mGET /js/home_post_comments.js [33m404[0m 42.948 ms - 163[0m
[0mGET /css/footer.css [33m404[0m 139.219 ms - 153[0m
[0mGET /js/toggle_likes.js [33m404[0m 25.313 ms - 157[0m
[0mGET /js/chat_engine.js [33m404[0m 18.230 ms - 156[0m
[0mGET /js/home_posts.js [33m404[0m 69.731 ms - 155[0m
[0mGET /images/logo_icon.png [33m404[0m 7.837 ms - 159[0m
[0mGET /css/layout.css [33m404[0m 17.776 ms - 153[0m
[0mGET /css/header.css [33m404[0m 17.639 ms - 153[0m
[0mGET /css/footer.css [33m404[0m 17.182 ms - 153[0m
[0mGET /css/search.css [33m404[0m 16.454 ms - 153[0m
[0mGET /css/home.css [33m404[0m 9.451 ms - 151[0m
[0mGET /css/chatbox.css [33m404[0m 9.424 ms - 154[0m
[0mGET /images/logo_icon.png [33m404[0m 4.398 ms - 159[0m
[0mGET /js/sendFriendReq.js [33m404[0m 5.168 ms - 158[0m
[0mGET /js/home_post_comments.js [33m404[0m 3.325 ms - 163[0m
[0mGET /js/home_posts.js [33m404[0m 5.758 ms - 155[0m
[0mGET /js/toggle_likes.js [33m404[0m 4.303 ms - 157[0m
[0mGET /js/chat_engine.js [33m404[0m 4.954 ms - 156[0m
